<?xml version="1.0" encoding="UTF-8"?>
<robot generator="Robot 6.1.1 (Python 3.11.4 on win32)" generated="20230905 22:23:35.056" rpa="false" schemaversion="4">
<suite id="s1" name="Suites">
<suite id="s1-s1" name="Verify Forgot Password" source="C:\Users\User\PycharmProjects\TestAutomation\CMS1\Verify_Forgot_Password.robot">
<test id="s1-s1-t1" name="Verify Forgot Password" line="9">
<kw name="Open My Browser" library="CMSkeyword" type="SETUP">
<kw name="Open Browser" library="SeleniumLibrary">
<arg>${CMSURL}</arg>
<arg>${browser}</arg>
<doc>Opens a new browser instance to the optional ``url``.</doc>
<msg timestamp="20230905 22:23:35.213" level="INFO">Opening browser 'headlesschrome' to base url 'https://cms-staging.oneyou.io/auth/login'.</msg>
<status status="PASS" starttime="20230905 22:23:35.213" endtime="20230905 22:23:49.603"/>
</kw>
<kw name="Maximize Browser Window" library="SeleniumLibrary">
<doc>Maximizes current browser window.</doc>
<status status="PASS" starttime="20230905 22:23:49.603" endtime="20230905 22:23:49.752"/>
</kw>
<kw name="Set Selenium Speed" library="SeleniumLibrary">
<arg>0seconds</arg>
<doc>Sets the delay that is waited after each Selenium command.</doc>
<status status="PASS" starttime="20230905 22:23:49.752" endtime="20230905 22:23:49.752"/>
</kw>
<status status="PASS" starttime="20230905 22:23:35.213" endtime="20230905 22:23:49.752"/>
</kw>
<kw name="Sleep" library="BuiltIn">
<arg>3seconds</arg>
<doc>Pauses the test executed for the given time.</doc>
<msg timestamp="20230905 22:23:52.752" level="INFO">Slept 3 seconds</msg>
<status status="PASS" starttime="20230905 22:23:49.752" endtime="20230905 22:23:52.752"/>
</kw>
<kw name="Click link on Forgot Password" library="CMSkeyword">
<kw name="Click Element" library="SeleniumLibrary">
<arg>${forgot_password}</arg>
<doc>Click the element identified by ``locator``.</doc>
<msg timestamp="20230905 22:23:52.753" level="INFO">Clicking element '//a[normalize-space()='I forgot my password']'.</msg>
<status status="PASS" starttime="20230905 22:23:52.753" endtime="20230905 22:23:52.871"/>
</kw>
<status status="PASS" starttime="20230905 22:23:52.752" endtime="20230905 22:23:52.871"/>
</kw>
<kw name="Sleep" library="BuiltIn">
<arg>3seconds</arg>
<doc>Pauses the test executed for the given time.</doc>
<msg timestamp="20230905 22:23:55.872" level="INFO">Slept 3 seconds</msg>
<status status="PASS" starttime="20230905 22:23:52.871" endtime="20230905 22:23:55.872"/>
</kw>
<kw name="Enter Your Email" library="CMSkeyword">
<arg>ajit.d@amazatic.com</arg>
<kw name="Input Text" library="SeleniumLibrary">
<arg>${txt_recovryemail}</arg>
<arg>${email1}</arg>
<doc>Types the given ``text`` into the text field identified by ``locator``.</doc>
<msg timestamp="20230905 22:23:55.875" level="INFO">Typing text 'ajit.d@amazatic.com' into text field '//input[@placeholder='Enter email']'.</msg>
<status status="PASS" starttime="20230905 22:23:55.872" endtime="20230905 22:23:56.144"/>
</kw>
<status status="PASS" starttime="20230905 22:23:55.872" endtime="20230905 22:23:56.144"/>
</kw>
<kw name="Sleep" library="BuiltIn">
<arg>3seconds</arg>
<doc>Pauses the test executed for the given time.</doc>
<msg timestamp="20230905 22:23:59.144" level="INFO">Slept 3 seconds</msg>
<status status="PASS" starttime="20230905 22:23:56.144" endtime="20230905 22:23:59.144"/>
</kw>
<kw name="Send Email" library="CMSkeyword">
<kw name="Click Button" library="SeleniumLibrary">
<arg>${sub_sendemail}</arg>
<doc>Clicks the button identified by ``locator``.</doc>
<msg timestamp="20230905 22:23:59.144" level="INFO">Clicking button '//button[@type='submit']'.</msg>
<status status="PASS" starttime="20230905 22:23:59.144" endtime="20230905 22:23:59.273"/>
</kw>
<status status="PASS" starttime="20230905 22:23:59.144" endtime="20230905 22:23:59.273"/>
</kw>
<kw name="Sleep" library="BuiltIn">
<arg>5seconds</arg>
<doc>Pauses the test executed for the given time.</doc>
<msg timestamp="20230905 22:24:04.274" level="INFO">Slept 5 seconds</msg>
<status status="PASS" starttime="20230905 22:23:59.273" endtime="20230905 22:24:04.274"/>
</kw>
<kw name="Close Browser" library="SeleniumLibrary" type="TEARDOWN">
<doc>Closes the current browser.</doc>
<status status="PASS" starttime="20230905 22:24:04.274" endtime="20230905 22:24:06.360"/>
</kw>
<status status="PASS" starttime="20230905 22:23:35.213" endtime="20230905 22:24:06.360"/>
</test>
<test id="s1-s1-t2" name="Verify Back To Login URl" line="19">
<kw name="Open My Browser" library="CMSkeyword" type="SETUP">
<kw name="Open Browser" library="SeleniumLibrary">
<arg>${CMSURL}</arg>
<arg>${browser}</arg>
<doc>Opens a new browser instance to the optional ``url``.</doc>
<msg timestamp="20230905 22:24:06.365" level="INFO">Opening browser 'headlesschrome' to base url 'https://cms-staging.oneyou.io/auth/login'.</msg>
<status status="PASS" starttime="20230905 22:24:06.365" endtime="20230905 22:24:35.731"/>
</kw>
<kw name="Maximize Browser Window" library="SeleniumLibrary">
<doc>Maximizes current browser window.</doc>
<status status="PASS" starttime="20230905 22:24:35.731" endtime="20230905 22:24:35.845"/>
</kw>
<kw name="Set Selenium Speed" library="SeleniumLibrary">
<arg>0seconds</arg>
<doc>Sets the delay that is waited after each Selenium command.</doc>
<status status="PASS" starttime="20230905 22:24:35.845" endtime="20230905 22:24:35.845"/>
</kw>
<status status="PASS" starttime="20230905 22:24:06.364" endtime="20230905 22:24:35.845"/>
</kw>
<kw name="Sleep" library="BuiltIn">
<arg>5seconds</arg>
<doc>Pauses the test executed for the given time.</doc>
<msg timestamp="20230905 22:24:40.846" level="INFO">Slept 5 seconds</msg>
<status status="PASS" starttime="20230905 22:24:35.845" endtime="20230905 22:24:40.846"/>
</kw>
<kw name="Click link on Forgot Password" library="CMSkeyword">
<kw name="Click Element" library="SeleniumLibrary">
<arg>${forgot_password}</arg>
<doc>Click the element identified by ``locator``.</doc>
<msg timestamp="20230905 22:24:40.846" level="INFO">Clicking element '//a[normalize-space()='I forgot my password']'.</msg>
<status status="PASS" starttime="20230905 22:24:40.846" endtime="20230905 22:24:40.965"/>
</kw>
<status status="PASS" starttime="20230905 22:24:40.846" endtime="20230905 22:24:40.965"/>
</kw>
<kw name="Sleep" library="BuiltIn">
<arg>5seconds</arg>
<doc>Pauses the test executed for the given time.</doc>
<msg timestamp="20230905 22:24:45.966" level="INFO">Slept 5 seconds</msg>
<status status="PASS" starttime="20230905 22:24:40.965" endtime="20230905 22:24:45.966"/>
</kw>
<kw name="Click To Login Link" library="CMSkeyword">
<kw name="Click Element" library="SeleniumLibrary">
<arg>${back_login}</arg>
<doc>Click the element identified by ``locator``.</doc>
<msg timestamp="20230905 22:24:45.966" level="INFO">Clicking element '//a[normalize-space()='back to login']'.</msg>
<status status="PASS" starttime="20230905 22:24:45.966" endtime="20230905 22:24:46.061"/>
</kw>
<status status="PASS" starttime="20230905 22:24:45.966" endtime="20230905 22:24:46.061"/>
</kw>
<kw name="Sleep" library="BuiltIn">
<arg>3seconds</arg>
<doc>Pauses the test executed for the given time.</doc>
<msg timestamp="20230905 22:24:49.061" level="INFO">Slept 3 seconds</msg>
<status status="PASS" starttime="20230905 22:24:46.061" endtime="20230905 22:24:49.061"/>
</kw>
<kw name="Close Browser" library="SeleniumLibrary" type="TEARDOWN">
<doc>Closes the current browser.</doc>
<status status="PASS" starttime="20230905 22:24:49.061" endtime="20230905 22:24:51.135"/>
</kw>
<status status="PASS" starttime="20230905 22:24:06.360" endtime="20230905 22:24:51.135"/>
</test>
<test id="s1-s1-t3" name="Verify Forgot Password Using Non Registered Email" line="26">
<kw name="Open My Browser" library="CMSkeyword" type="SETUP">
<kw name="Open Browser" library="SeleniumLibrary">
<arg>${CMSURL}</arg>
<arg>${browser}</arg>
<doc>Opens a new browser instance to the optional ``url``.</doc>
<msg timestamp="20230905 22:24:51.139" level="INFO">Opening browser 'headlesschrome' to base url 'https://cms-staging.oneyou.io/auth/login'.</msg>
<status status="PASS" starttime="20230905 22:24:51.138" endtime="20230905 22:25:28.965"/>
</kw>
<kw name="Maximize Browser Window" library="SeleniumLibrary">
<doc>Maximizes current browser window.</doc>
<status status="PASS" starttime="20230905 22:25:28.965" endtime="20230905 22:25:29.090"/>
</kw>
<kw name="Set Selenium Speed" library="SeleniumLibrary">
<arg>0seconds</arg>
<doc>Sets the delay that is waited after each Selenium command.</doc>
<status status="PASS" starttime="20230905 22:25:29.090" endtime="20230905 22:25:29.090"/>
</kw>
<status status="PASS" starttime="20230905 22:24:51.135" endtime="20230905 22:25:29.090"/>
</kw>
<kw name="Sleep" library="BuiltIn">
<arg>5seconds</arg>
<doc>Pauses the test executed for the given time.</doc>
<msg timestamp="20230905 22:25:34.091" level="INFO">Slept 5 seconds</msg>
<status status="PASS" starttime="20230905 22:25:29.090" endtime="20230905 22:25:34.091"/>
</kw>
<kw name="Click link on Forgot Password" library="CMSkeyword">
<kw name="Click Element" library="SeleniumLibrary">
<arg>${forgot_password}</arg>
<doc>Click the element identified by ``locator``.</doc>
<msg timestamp="20230905 22:25:34.091" level="INFO">Clicking element '//a[normalize-space()='I forgot my password']'.</msg>
<status status="PASS" starttime="20230905 22:25:34.091" endtime="20230905 22:25:34.196"/>
</kw>
<status status="PASS" starttime="20230905 22:25:34.091" endtime="20230905 22:25:34.196"/>
</kw>
<kw name="Sleep" library="BuiltIn">
<arg>3seconds</arg>
<doc>Pauses the test executed for the given time.</doc>
<msg timestamp="20230905 22:25:37.196" level="INFO">Slept 3 seconds</msg>
<status status="PASS" starttime="20230905 22:25:34.196" endtime="20230905 22:25:37.196"/>
</kw>
<kw name="Enter Your Email" library="CMSkeyword">
<arg>ajitd@gmail.com</arg>
<kw name="Input Text" library="SeleniumLibrary">
<arg>${txt_recovryemail}</arg>
<arg>${email1}</arg>
<doc>Types the given ``text`` into the text field identified by ``locator``.</doc>
<msg timestamp="20230905 22:25:37.198" level="INFO">Typing text 'ajitd@gmail.com' into text field '//input[@placeholder='Enter email']'.</msg>
<status status="PASS" starttime="20230905 22:25:37.198" endtime="20230905 22:25:37.449"/>
</kw>
<status status="PASS" starttime="20230905 22:25:37.196" endtime="20230905 22:25:37.449"/>
</kw>
<kw name="Sleep" library="BuiltIn">
<arg>1seconds</arg>
<doc>Pauses the test executed for the given time.</doc>
<msg timestamp="20230905 22:25:38.450" level="INFO">Slept 1 second</msg>
<status status="PASS" starttime="20230905 22:25:37.449" endtime="20230905 22:25:38.450"/>
</kw>
<kw name="Send Email" library="CMSkeyword">
<kw name="Click Button" library="SeleniumLibrary">
<arg>${sub_sendemail}</arg>
<doc>Clicks the button identified by ``locator``.</doc>
<msg timestamp="20230905 22:25:38.450" level="INFO">Clicking button '//button[@type='submit']'.</msg>
<status status="PASS" starttime="20230905 22:25:38.450" endtime="20230905 22:25:38.597"/>
</kw>
<status status="PASS" starttime="20230905 22:25:38.450" endtime="20230905 22:25:38.597"/>
</kw>
<kw name="Sleep" library="BuiltIn">
<arg>5seconds</arg>
<doc>Pauses the test executed for the given time.</doc>
<msg timestamp="20230905 22:25:43.598" level="INFO">Slept 5 seconds</msg>
<status status="PASS" starttime="20230905 22:25:38.597" endtime="20230905 22:25:43.598"/>
</kw>
<kw name="Close Browser" library="SeleniumLibrary" type="TEARDOWN">
<doc>Closes the current browser.</doc>
<status status="PASS" starttime="20230905 22:25:43.598" endtime="20230905 22:25:45.699"/>
</kw>
<status status="PASS" starttime="20230905 22:24:51.135" endtime="20230905 22:25:45.699"/>
</test>
<status status="PASS" starttime="20230905 22:23:35.073" endtime="20230905 22:25:45.699"/>
</suite>
<status status="PASS" starttime="20230905 22:23:35.064" endtime="20230905 22:25:45.699"/>
</suite>
<statistics>
<total>
<stat pass="3" fail="0" skip="0">All Tests</stat>
</total>
<tag>
</tag>
<suite>
<stat pass="3" fail="0" skip="0" id="s1" name="Suites">Suites</stat>
<stat pass="3" fail="0" skip="0" id="s1-s1" name="Verify Forgot Password">Suites.Verify Forgot Password</stat>
</suite>
</statistics>
<errors>
</errors>
</robot>
