<?xml version="1.0" encoding="UTF-8"?>
<robot generator="Robot 6.1.1 (Python 3.11.4 on win32)" generated="20230905 15:26:30.213" rpa="false" schemaversion="4">
<suite id="s1" name="Suites">
<suite id="s1-s1" name="Report Verify Searchbox" source="C:\Users\User\PycharmProjects\TestAutomation\CMS1\Report_Verify_Searchbox.robot">
<test id="s1-s1-t1" name="Verify Search Box" line="10">
<kw name="Open My Browser" library="CMSkeyword" type="SETUP">
<kw name="Open Browser" library="SeleniumLibrary">
<arg>${CMSURL}</arg>
<arg>${browser}</arg>
<doc>Opens a new browser instance to the optional ``url``.</doc>
<msg timestamp="20230905 15:26:30.810" level="INFO">Opening browser 'headlesschrome' to base url 'https://cms-staging.oneyou.io/auth/login'.</msg>
<status status="PASS" starttime="20230905 15:26:30.810" endtime="20230905 15:26:50.023"/>
</kw>
<kw name="Maximize Browser Window" library="SeleniumLibrary">
<doc>Maximizes current browser window.</doc>
<status status="PASS" starttime="20230905 15:26:50.023" endtime="20230905 15:26:50.161"/>
</kw>
<kw name="Set Selenium Speed" library="SeleniumLibrary">
<arg>0seconds</arg>
<doc>Sets the delay that is waited after each Selenium command.</doc>
<status status="PASS" starttime="20230905 15:26:50.161" endtime="20230905 15:26:50.161"/>
</kw>
<status status="PASS" starttime="20230905 15:26:30.810" endtime="20230905 15:26:50.161"/>
</kw>
<kw name="Search Box">
<arg>mahesh.j+nike@amazatic.com</arg>
<arg>1</arg>
<kw name="Sleep" library="BuiltIn">
<arg>3seconds</arg>
<doc>Pauses the test executed for the given time.</doc>
<msg timestamp="20230905 15:26:53.167" level="INFO">Slept 3 seconds</msg>
<status status="PASS" starttime="20230905 15:26:50.167" endtime="20230905 15:26:53.167"/>
</kw>
<kw name="Enter Email" library="CMSkeyword">
<arg>${email}</arg>
<kw name="Input Text" library="SeleniumLibrary">
<arg>${txt_Username}</arg>
<arg>${email}</arg>
<doc>Types the given ``text`` into the text field identified by ``locator``.</doc>
<msg timestamp="20230905 15:26:53.170" level="INFO">Typing text 'mahesh.j+nike@amazatic.com' into text field 'name:email'.</msg>
<status status="PASS" starttime="20230905 15:26:53.169" endtime="20230905 15:26:53.500"/>
</kw>
<status status="PASS" starttime="20230905 15:26:53.168" endtime="20230905 15:26:53.500"/>
</kw>
<kw name="Enter Password" library="CMSkeyword">
<arg>${password}</arg>
<kw name="Input Text" library="SeleniumLibrary">
<arg>${txt_password}</arg>
<arg>${password}</arg>
<doc>Types the given ``text`` into the text field identified by ``locator``.</doc>
<msg timestamp="20230905 15:26:53.505" level="INFO">Typing text '1' into text field 'name:password'.</msg>
<status status="PASS" starttime="20230905 15:26:53.505" endtime="20230905 15:26:53.644"/>
</kw>
<status status="PASS" starttime="20230905 15:26:53.500" endtime="20230905 15:26:53.644"/>
</kw>
<kw name="Click on Sign Button" library="CMSkeyword">
<kw name="Click Button" library="SeleniumLibrary">
<arg>${submit_button}</arg>
<doc>Clicks the button identified by ``locator``.</doc>
<msg timestamp="20230905 15:26:53.647" level="INFO">Clicking button 'xpath://button[@type='submit']'.</msg>
<status status="PASS" starttime="20230905 15:26:53.644" endtime="20230905 15:26:53.808"/>
</kw>
<status status="PASS" starttime="20230905 15:26:53.644" endtime="20230905 15:26:53.808"/>
</kw>
<kw name="Sleep" library="BuiltIn">
<arg>5seconds</arg>
<doc>Pauses the test executed for the given time.</doc>
<msg timestamp="20230905 15:26:58.810" level="INFO">Slept 5 seconds</msg>
<status status="PASS" starttime="20230905 15:26:53.809" endtime="20230905 15:26:58.810"/>
</kw>
<kw name="Dashboard page should be visible" library="CMSkeyword">
<kw name="Page Should Contain" library="SeleniumLibrary">
<arg>Dashboard</arg>
<doc>Verifies that current page contains ``text``.</doc>
<msg timestamp="20230905 15:26:58.846" level="INFO">Current page contains text 'Dashboard'.</msg>
<status status="PASS" starttime="20230905 15:26:58.810" endtime="20230905 15:26:58.846"/>
</kw>
<status status="PASS" starttime="20230905 15:26:58.810" endtime="20230905 15:26:58.847"/>
</kw>
<kw name="Sleep" library="BuiltIn">
<arg>1seconds</arg>
<doc>Pauses the test executed for the given time.</doc>
<msg timestamp="20230905 15:26:59.848" level="INFO">Slept 1 second</msg>
<status status="PASS" starttime="20230905 15:26:58.847" endtime="20230905 15:26:59.848"/>
</kw>
<kw name="Hover on logout section" library="CMSkeyword">
<kw name="Mouse Over" library="SeleniumLibrary">
<arg>${hover_logoout}</arg>
<doc>Simulates hovering the mouse over the element ``locator``.</doc>
<msg timestamp="20230905 15:26:59.853" level="INFO">Simulating Mouse Over on element 'xpath://div[@class='sc-ihgnxF knIImG']'.</msg>
<status status="PASS" starttime="20230905 15:26:59.850" endtime="20230905 15:27:00.179"/>
</kw>
<status status="PASS" starttime="20230905 15:26:59.849" endtime="20230905 15:27:00.179"/>
</kw>
<kw name="Sleep" library="BuiltIn">
<arg>1seconds</arg>
<doc>Pauses the test executed for the given time.</doc>
<msg timestamp="20230905 15:27:01.180" level="INFO">Slept 1 second</msg>
<status status="PASS" starttime="20230905 15:27:00.179" endtime="20230905 15:27:01.180"/>
</kw>
<kw name="Click on Report Section" library="CMSkeyword">
<kw name="Click Element" library="SeleniumLibrary">
<arg>${click_Report}</arg>
<doc>Click the element identified by ``locator``.</doc>
<msg timestamp="20230905 15:27:01.181" level="INFO">Clicking element '//span[normalize-space()='reports']'.</msg>
<status status="PASS" starttime="20230905 15:27:01.181" endtime="20230905 15:27:01.420"/>
</kw>
<status status="PASS" starttime="20230905 15:27:01.180" endtime="20230905 15:27:01.420"/>
</kw>
<kw name="Sleep" library="BuiltIn">
<arg>1seconds</arg>
<doc>Pauses the test executed for the given time.</doc>
<msg timestamp="20230905 15:27:02.422" level="INFO">Slept 1 second</msg>
<status status="PASS" starttime="20230905 15:27:01.420" endtime="20230905 15:27:02.422"/>
</kw>
<kw name="Move Mouse fron people" library="CMSkeyword">
<kw name="Mouse Over" library="SeleniumLibrary">
<arg>${move_mousePeople}</arg>
<doc>Simulates hovering the mouse over the element ``locator``.</doc>
<msg timestamp="20230905 15:27:02.422" level="INFO">Simulating Mouse Over on element '//div[@class='sc-kAyceB eAbRNa']'.</msg>
<status status="PASS" starttime="20230905 15:27:02.422" endtime="20230905 15:27:02.729"/>
</kw>
<status status="PASS" starttime="20230905 15:27:02.422" endtime="20230905 15:27:02.729"/>
</kw>
<kw name="Sleep" library="BuiltIn">
<arg>3seconds</arg>
<doc>Pauses the test executed for the given time.</doc>
<msg timestamp="20230905 15:27:05.729" level="INFO">Slept 3 seconds</msg>
<status status="PASS" starttime="20230905 15:27:02.729" endtime="20230905 15:27:05.729"/>
</kw>
<kw name="Select Search Bar" library="CMSkeyword">
<arg>NikeStaff</arg>
<kw name="Input Text" library="SeleniumLibrary">
<arg>${sel_search}</arg>
<arg>${search}</arg>
<doc>Types the given ``text`` into the text field identified by ``locator``.</doc>
<msg timestamp="20230905 15:27:05.729" level="INFO">Typing text 'NikeStaff' into text field '//input[@placeholder='Search']'.</msg>
<status status="PASS" starttime="20230905 15:27:05.729" endtime="20230905 15:27:05.930"/>
</kw>
<status status="PASS" starttime="20230905 15:27:05.729" endtime="20230905 15:27:05.930"/>
</kw>
<kw name="Sleep" library="BuiltIn">
<arg>5seconds</arg>
<doc>Pauses the test executed for the given time.</doc>
<msg timestamp="20230905 15:27:10.931" level="INFO">Slept 5 seconds</msg>
<status status="PASS" starttime="20230905 15:27:05.930" endtime="20230905 15:27:10.931"/>
</kw>
<status status="PASS" starttime="20230905 15:26:50.167" endtime="20230905 15:27:10.931"/>
</kw>
<kw name="Close Browser" library="SeleniumLibrary" type="TEARDOWN">
<doc>Closes the current browser.</doc>
<status status="PASS" starttime="20230905 15:27:10.931" endtime="20230905 15:27:13.046"/>
</kw>
<status status="PASS" starttime="20230905 15:26:30.810" endtime="20230905 15:27:13.046"/>
</test>
<status status="PASS" starttime="20230905 15:26:30.232" endtime="20230905 15:27:13.046"/>
</suite>
<status status="PASS" starttime="20230905 15:26:30.222" endtime="20230905 15:27:13.050"/>
</suite>
<statistics>
<total>
<stat pass="1" fail="0" skip="0">All Tests</stat>
</total>
<tag>
</tag>
<suite>
<stat pass="1" fail="0" skip="0" id="s1" name="Suites">Suites</stat>
<stat pass="1" fail="0" skip="0" id="s1-s1" name="Report Verify Searchbox">Suites.Report Verify Searchbox</stat>
</suite>
</statistics>
<errors>
</errors>
</robot>
