<?xml version="1.0" encoding="UTF-8"?>
<robot generator="Robot 6.1.1 (Python 3.11.4 on win32)" generated="20230905 22:35:11.130" rpa="false" schemaversion="4">
<suite id="s1" name="CMS1" source="C:\Users\User\PycharmProjects\TestAutomation\CMS1">
<suite id="s1-s1" name="1 Verify Login" source="C:\Users\User\PycharmProjects\TestAutomation\CMS1\1_Verify_Login.robot">
<kw name="Open My Browser" library="CMSkeyword" type="SETUP">
<kw name="Open Browser" library="SeleniumLibrary">
<arg>${CMSURL}</arg>
<arg>${browser}</arg>
<doc>Opens a new browser instance to the optional ``url``.</doc>
<msg timestamp="20230905 22:35:11.306" level="INFO">Opening browser 'headlesschrome' to base url 'https://cms-staging.oneyou.io/auth/login'.</msg>
<status status="PASS" starttime="20230905 22:35:11.306" endtime="20230905 22:35:44.096"/>
</kw>
<kw name="Maximize Browser Window" library="SeleniumLibrary">
<doc>Maximizes current browser window.</doc>
<status status="PASS" starttime="20230905 22:35:44.096" endtime="20230905 22:35:44.249"/>
</kw>
<kw name="Set Selenium Speed" library="SeleniumLibrary">
<arg>0seconds</arg>
<doc>Sets the delay that is waited after each Selenium command.</doc>
<status status="PASS" starttime="20230905 22:35:44.249" endtime="20230905 22:35:44.249"/>
</kw>
<status status="PASS" starttime="20230905 22:35:11.306" endtime="20230905 22:35:44.249"/>
</kw>
<test id="s1-s1-t1" name="Verify the Login Test with Valid Input" line="9">
<kw name="Login the Dashboard" library="CMSkeyword">
<kw name="Sleep" library="BuiltIn">
<arg>3seconds</arg>
<doc>Pauses the test executed for the given time.</doc>
<msg timestamp="20230905 22:35:47.249" level="INFO">Slept 3 seconds</msg>
<status status="PASS" starttime="20230905 22:35:44.249" endtime="20230905 22:35:47.249"/>
</kw>
<kw name="Enter Email" library="CMSkeyword">
<arg>mahesh.j@amazatic.com</arg>
<kw name="Input Text" library="SeleniumLibrary">
<arg>${txt_Username}</arg>
<arg>${email}</arg>
<doc>Types the given ``text`` into the text field identified by ``locator``.</doc>
<msg timestamp="20230905 22:35:47.251" level="INFO">Typing text 'mahesh.j@amazatic.com' into text field 'name:email'.</msg>
<status status="PASS" starttime="20230905 22:35:47.251" endtime="20230905 22:35:47.596"/>
</kw>
<status status="PASS" starttime="20230905 22:35:47.249" endtime="20230905 22:35:47.596"/>
</kw>
<kw name="Enter Password" library="CMSkeyword">
<arg>OneYou@123</arg>
<kw name="Input Text" library="SeleniumLibrary">
<arg>${txt_password}</arg>
<arg>${password}</arg>
<doc>Types the given ``text`` into the text field identified by ``locator``.</doc>
<msg timestamp="20230905 22:35:47.596" level="INFO">Typing text 'OneYou@123' into text field 'name:password'.</msg>
<status status="PASS" starttime="20230905 22:35:47.596" endtime="20230905 22:35:47.844"/>
</kw>
<status status="PASS" starttime="20230905 22:35:47.596" endtime="20230905 22:35:47.844"/>
</kw>
<kw name="Click on Sign Button" library="CMSkeyword">
<kw name="Click Button" library="SeleniumLibrary">
<arg>${submit_button}</arg>
<doc>Clicks the button identified by ``locator``.</doc>
<msg timestamp="20230905 22:35:47.844" level="INFO">Clicking button 'xpath://button[@type='submit']'.</msg>
<status status="PASS" starttime="20230905 22:35:47.844" endtime="20230905 22:35:48.012"/>
</kw>
<status status="PASS" starttime="20230905 22:35:47.844" endtime="20230905 22:35:48.012"/>
</kw>
<kw name="Sleep" library="BuiltIn">
<arg>5seconds</arg>
<doc>Pauses the test executed for the given time.</doc>
<msg timestamp="20230905 22:35:53.013" level="INFO">Slept 5 seconds</msg>
<status status="PASS" starttime="20230905 22:35:48.012" endtime="20230905 22:35:53.013"/>
</kw>
<kw name="Dashboard page should be visible" library="CMSkeyword">
<kw name="Page Should Contain" library="SeleniumLibrary">
<arg>Dashboard</arg>
<doc>Verifies that current page contains ``text``.</doc>
<msg timestamp="20230905 22:35:53.050" level="INFO">Current page contains text 'Dashboard'.</msg>
<status status="PASS" starttime="20230905 22:35:53.013" endtime="20230905 22:35:53.050"/>
</kw>
<status status="PASS" starttime="20230905 22:35:53.013" endtime="20230905 22:35:53.050"/>
</kw>
<status status="PASS" starttime="20230905 22:35:44.249" endtime="20230905 22:35:53.050"/>
</kw>
<status status="PASS" starttime="20230905 22:35:44.249" endtime="20230905 22:35:53.050"/>
</test>
<test id="s1-s1-t2" name="Verify login using Browserback Button" line="14">
<kw name="Sleep" library="BuiltIn">
<arg>3seconds</arg>
<doc>Pauses the test executed for the given time.</doc>
<msg timestamp="20230905 22:35:56.050" level="INFO">Slept 3 seconds</msg>
<status status="PASS" starttime="20230905 22:35:53.050" endtime="20230905 22:35:56.050"/>
</kw>
<kw name="Browse Back" library="CMSkeyword">
<kw name="Go Back" library="SeleniumLibrary">
<doc>Simulates the user clicking the back button on their browser.</doc>
<status status="PASS" starttime="20230905 22:35:56.050" endtime="20230905 22:35:56.110"/>
</kw>
<status status="PASS" starttime="20230905 22:35:56.050" endtime="20230905 22:35:56.110"/>
</kw>
<status status="PASS" starttime="20230905 22:35:53.050" endtime="20230905 22:35:56.110"/>
</test>
<kw name="Close Browser" library="SeleniumLibrary" type="TEARDOWN">
<doc>Closes the current browser.</doc>
<status status="PASS" starttime="20230905 22:35:56.110" endtime="20230905 22:35:58.200"/>
</kw>
<status status="PASS" starttime="20230905 22:35:11.154" endtime="20230905 22:35:58.201"/>
</suite>
<suite id="s1-s2" name="2 Login Test Invalid Input" source="C:\Users\User\PycharmProjects\TestAutomation\CMS1\2_Login_Test_Invalid_Input.robot">
<test id="s1-s2-t1" name="Invalid Input Login Test" line="10">
<kw name="Open My Browser" library="CMSkeyword" type="SETUP">
<kw name="Open Browser" library="SeleniumLibrary">
<arg>${CMSURL}</arg>
<arg>${browser}</arg>
<doc>Opens a new browser instance to the optional ``url``.</doc>
<msg timestamp="20230905 22:36:00.454" level="INFO">Opening browser 'headlesschrome' to base url 'https://cms-staging.oneyou.io/auth/login'.</msg>
<status status="PASS" starttime="20230905 22:36:00.454" endtime="20230905 22:36:24.184"/>
</kw>
<kw name="Maximize Browser Window" library="SeleniumLibrary">
<doc>Maximizes current browser window.</doc>
<status status="PASS" starttime="20230905 22:36:24.184" endtime="20230905 22:36:24.323"/>
</kw>
<kw name="Set Selenium Speed" library="SeleniumLibrary">
<arg>0seconds</arg>
<doc>Sets the delay that is waited after each Selenium command.</doc>
<status status="PASS" starttime="20230905 22:36:24.323" endtime="20230905 22:36:24.323"/>
</kw>
<status status="PASS" starttime="20230905 22:36:00.454" endtime="20230905 22:36:24.323"/>
</kw>
<kw name="Invalide Login">
<arg>ajitd99@gmail.com</arg>
<arg>ajit#9999</arg>
<kw name="Sleep" library="BuiltIn">
<arg>3seconds</arg>
<doc>Pauses the test executed for the given time.</doc>
<msg timestamp="20230905 22:36:27.323" level="INFO">Slept 3 seconds</msg>
<status status="PASS" starttime="20230905 22:36:24.323" endtime="20230905 22:36:27.323"/>
</kw>
<kw name="Enter Email" library="CMSkeyword">
<arg>${email}</arg>
<kw name="Input Text" library="SeleniumLibrary">
<arg>${txt_Username}</arg>
<arg>${email}</arg>
<doc>Types the given ``text`` into the text field identified by ``locator``.</doc>
<msg timestamp="20230905 22:36:27.323" level="INFO">Typing text 'ajitd99@gmail.com' into text field 'name:email'.</msg>
<status status="PASS" starttime="20230905 22:36:27.323" endtime="20230905 22:36:27.611"/>
</kw>
<status status="PASS" starttime="20230905 22:36:27.323" endtime="20230905 22:36:27.611"/>
</kw>
<kw name="Sleep" library="BuiltIn">
<arg>1seconds</arg>
<doc>Pauses the test executed for the given time.</doc>
<msg timestamp="20230905 22:36:28.611" level="INFO">Slept 1 second</msg>
<status status="PASS" starttime="20230905 22:36:27.611" endtime="20230905 22:36:28.611"/>
</kw>
<kw name="Enter Password" library="CMSkeyword">
<arg>${password}</arg>
<kw name="Input Text" library="SeleniumLibrary">
<arg>${txt_password}</arg>
<arg>${password}</arg>
<doc>Types the given ``text`` into the text field identified by ``locator``.</doc>
<msg timestamp="20230905 22:36:28.611" level="INFO">Typing text 'ajit#9999' into text field 'name:password'.</msg>
<status status="PASS" starttime="20230905 22:36:28.611" endtime="20230905 22:36:28.808"/>
</kw>
<status status="PASS" starttime="20230905 22:36:28.611" endtime="20230905 22:36:28.808"/>
</kw>
<kw name="Sleep" library="BuiltIn">
<arg>1seconds</arg>
<doc>Pauses the test executed for the given time.</doc>
<msg timestamp="20230905 22:36:29.809" level="INFO">Slept 1 second</msg>
<status status="PASS" starttime="20230905 22:36:28.808" endtime="20230905 22:36:29.809"/>
</kw>
<kw name="Click on Sign Button" library="CMSkeyword">
<kw name="Click Button" library="SeleniumLibrary">
<arg>${submit_button}</arg>
<doc>Clicks the button identified by ``locator``.</doc>
<msg timestamp="20230905 22:36:29.809" level="INFO">Clicking button 'xpath://button[@type='submit']'.</msg>
<status status="PASS" starttime="20230905 22:36:29.809" endtime="20230905 22:36:29.944"/>
</kw>
<status status="PASS" starttime="20230905 22:36:29.809" endtime="20230905 22:36:29.944"/>
</kw>
<status status="PASS" starttime="20230905 22:36:24.323" endtime="20230905 22:36:29.944"/>
</kw>
<kw name="Close Browser" library="SeleniumLibrary" type="TEARDOWN">
<doc>Closes the current browser.</doc>
<status status="PASS" starttime="20230905 22:36:29.944" endtime="20230905 22:36:32.033"/>
</kw>
<status status="PASS" starttime="20230905 22:36:00.446" endtime="20230905 22:36:32.033"/>
</test>
<test id="s1-s2-t2" name="Invalid Input Login Test" line="10">
<kw name="Open My Browser" library="CMSkeyword" type="SETUP">
<kw name="Open Browser" library="SeleniumLibrary">
<arg>${CMSURL}</arg>
<arg>${browser}</arg>
<doc>Opens a new browser instance to the optional ``url``.</doc>
<msg timestamp="20230905 22:36:32.041" level="INFO">Opening browser 'headlesschrome' to base url 'https://cms-staging.oneyou.io/auth/login'.</msg>
<status status="PASS" starttime="20230905 22:36:32.033" endtime="20230905 22:37:00.742"/>
</kw>
<kw name="Maximize Browser Window" library="SeleniumLibrary">
<doc>Maximizes current browser window.</doc>
<status status="PASS" starttime="20230905 22:37:00.742" endtime="20230905 22:37:00.890"/>
</kw>
<kw name="Set Selenium Speed" library="SeleniumLibrary">
<arg>0seconds</arg>
<doc>Sets the delay that is waited after each Selenium command.</doc>
<status status="PASS" starttime="20230905 22:37:00.890" endtime="20230905 22:37:00.890"/>
</kw>
<status status="PASS" starttime="20230905 22:36:32.033" endtime="20230905 22:37:00.890"/>
</kw>
<kw name="Invalide Login">
<arg>ajitd99@gmail.com</arg>
<arg>1</arg>
<kw name="Sleep" library="BuiltIn">
<arg>3seconds</arg>
<doc>Pauses the test executed for the given time.</doc>
<msg timestamp="20230905 22:37:03.890" level="INFO">Slept 3 seconds</msg>
<status status="PASS" starttime="20230905 22:37:00.890" endtime="20230905 22:37:03.890"/>
</kw>
<kw name="Enter Email" library="CMSkeyword">
<arg>${email}</arg>
<kw name="Input Text" library="SeleniumLibrary">
<arg>${txt_Username}</arg>
<arg>${email}</arg>
<doc>Types the given ``text`` into the text field identified by ``locator``.</doc>
<msg timestamp="20230905 22:37:03.890" level="INFO">Typing text 'ajitd99@gmail.com' into text field 'name:email'.</msg>
<status status="PASS" starttime="20230905 22:37:03.890" endtime="20230905 22:37:04.198"/>
</kw>
<status status="PASS" starttime="20230905 22:37:03.890" endtime="20230905 22:37:04.198"/>
</kw>
<kw name="Sleep" library="BuiltIn">
<arg>1seconds</arg>
<doc>Pauses the test executed for the given time.</doc>
<msg timestamp="20230905 22:37:05.198" level="INFO">Slept 1 second</msg>
<status status="PASS" starttime="20230905 22:37:04.198" endtime="20230905 22:37:05.198"/>
</kw>
<kw name="Enter Password" library="CMSkeyword">
<arg>${password}</arg>
<kw name="Input Text" library="SeleniumLibrary">
<arg>${txt_password}</arg>
<arg>${password}</arg>
<doc>Types the given ``text`` into the text field identified by ``locator``.</doc>
<msg timestamp="20230905 22:37:05.198" level="INFO">Typing text '1' into text field 'name:password'.</msg>
<status status="PASS" starttime="20230905 22:37:05.198" endtime="20230905 22:37:05.376"/>
</kw>
<status status="PASS" starttime="20230905 22:37:05.198" endtime="20230905 22:37:05.376"/>
</kw>
<kw name="Sleep" library="BuiltIn">
<arg>1seconds</arg>
<doc>Pauses the test executed for the given time.</doc>
<msg timestamp="20230905 22:37:06.376" level="INFO">Slept 1 second</msg>
<status status="PASS" starttime="20230905 22:37:05.376" endtime="20230905 22:37:06.376"/>
</kw>
<kw name="Click on Sign Button" library="CMSkeyword">
<kw name="Click Button" library="SeleniumLibrary">
<arg>${submit_button}</arg>
<doc>Clicks the button identified by ``locator``.</doc>
<msg timestamp="20230905 22:37:06.378" level="INFO">Clicking button 'xpath://button[@type='submit']'.</msg>
<status status="PASS" starttime="20230905 22:37:06.376" endtime="20230905 22:37:06.531"/>
</kw>
<status status="PASS" starttime="20230905 22:37:06.376" endtime="20230905 22:37:06.539"/>
</kw>
<status status="PASS" starttime="20230905 22:37:00.890" endtime="20230905 22:37:06.539"/>
</kw>
<kw name="Close Browser" library="SeleniumLibrary" type="TEARDOWN">
<doc>Closes the current browser.</doc>
<status status="PASS" starttime="20230905 22:37:06.539" endtime="20230905 22:37:08.600"/>
</kw>
<status status="PASS" starttime="20230905 22:36:32.033" endtime="20230905 22:37:08.601"/>
</test>
<test id="s1-s2-t3" name="Invalid Input Login Test" line="10">
<kw name="Open My Browser" library="CMSkeyword" type="SETUP">
<kw name="Open Browser" library="SeleniumLibrary">
<arg>${CMSURL}</arg>
<arg>${browser}</arg>
<doc>Opens a new browser instance to the optional ``url``.</doc>
<msg timestamp="20230905 22:37:08.609" level="INFO">Opening browser 'headlesschrome' to base url 'https://cms-staging.oneyou.io/auth/login'.</msg>
<status status="PASS" starttime="20230905 22:37:08.609" endtime="20230905 22:37:24.286"/>
</kw>
<kw name="Maximize Browser Window" library="SeleniumLibrary">
<doc>Maximizes current browser window.</doc>
<status status="PASS" starttime="20230905 22:37:24.286" endtime="20230905 22:37:24.426"/>
</kw>
<kw name="Set Selenium Speed" library="SeleniumLibrary">
<arg>0seconds</arg>
<doc>Sets the delay that is waited after each Selenium command.</doc>
<status status="PASS" starttime="20230905 22:37:24.426" endtime="20230905 22:37:24.426"/>
</kw>
<status status="PASS" starttime="20230905 22:37:08.609" endtime="20230905 22:37:24.426"/>
</kw>
<kw name="Invalide Login">
<arg>mahesh.j+nike@amazatic.com</arg>
<arg>ajit#9999</arg>
<kw name="Sleep" library="BuiltIn">
<arg>3seconds</arg>
<doc>Pauses the test executed for the given time.</doc>
<msg timestamp="20230905 22:37:27.427" level="INFO">Slept 3 seconds</msg>
<status status="PASS" starttime="20230905 22:37:24.426" endtime="20230905 22:37:27.427"/>
</kw>
<kw name="Enter Email" library="CMSkeyword">
<arg>${email}</arg>
<kw name="Input Text" library="SeleniumLibrary">
<arg>${txt_Username}</arg>
<arg>${email}</arg>
<doc>Types the given ``text`` into the text field identified by ``locator``.</doc>
<msg timestamp="20230905 22:37:27.427" level="INFO">Typing text 'mahesh.j+nike@amazatic.com' into text field 'name:email'.</msg>
<status status="PASS" starttime="20230905 22:37:27.427" endtime="20230905 22:37:27.744"/>
</kw>
<status status="PASS" starttime="20230905 22:37:27.427" endtime="20230905 22:37:27.744"/>
</kw>
<kw name="Sleep" library="BuiltIn">
<arg>1seconds</arg>
<doc>Pauses the test executed for the given time.</doc>
<msg timestamp="20230905 22:37:28.744" level="INFO">Slept 1 second</msg>
<status status="PASS" starttime="20230905 22:37:27.744" endtime="20230905 22:37:28.744"/>
</kw>
<kw name="Enter Password" library="CMSkeyword">
<arg>${password}</arg>
<kw name="Input Text" library="SeleniumLibrary">
<arg>${txt_password}</arg>
<arg>${password}</arg>
<doc>Types the given ``text`` into the text field identified by ``locator``.</doc>
<msg timestamp="20230905 22:37:28.744" level="INFO">Typing text 'ajit#9999' into text field 'name:password'.</msg>
<status status="PASS" starttime="20230905 22:37:28.744" endtime="20230905 22:37:28.966"/>
</kw>
<status status="PASS" starttime="20230905 22:37:28.744" endtime="20230905 22:37:28.966"/>
</kw>
<kw name="Sleep" library="BuiltIn">
<arg>1seconds</arg>
<doc>Pauses the test executed for the given time.</doc>
<msg timestamp="20230905 22:37:29.967" level="INFO">Slept 1 second</msg>
<status status="PASS" starttime="20230905 22:37:28.966" endtime="20230905 22:37:29.967"/>
</kw>
<kw name="Click on Sign Button" library="CMSkeyword">
<kw name="Click Button" library="SeleniumLibrary">
<arg>${submit_button}</arg>
<doc>Clicks the button identified by ``locator``.</doc>
<msg timestamp="20230905 22:37:29.967" level="INFO">Clicking button 'xpath://button[@type='submit']'.</msg>
<status status="PASS" starttime="20230905 22:37:29.967" endtime="20230905 22:37:30.119"/>
</kw>
<status status="PASS" starttime="20230905 22:37:29.967" endtime="20230905 22:37:30.119"/>
</kw>
<status status="PASS" starttime="20230905 22:37:24.426" endtime="20230905 22:37:30.119"/>
</kw>
<kw name="Close Browser" library="SeleniumLibrary" type="TEARDOWN">
<doc>Closes the current browser.</doc>
<status status="PASS" starttime="20230905 22:37:30.119" endtime="20230905 22:37:32.195"/>
</kw>
<status status="PASS" starttime="20230905 22:37:08.603" endtime="20230905 22:37:32.197"/>
</test>
<test id="s1-s2-t4" name="Invalid Input Login Test" line="10">
<kw name="Open My Browser" library="CMSkeyword" type="SETUP">
<kw name="Open Browser" library="SeleniumLibrary">
<arg>${CMSURL}</arg>
<arg>${browser}</arg>
<doc>Opens a new browser instance to the optional ``url``.</doc>
<msg timestamp="20230905 22:37:32.204" level="INFO">Opening browser 'headlesschrome' to base url 'https://cms-staging.oneyou.io/auth/login'.</msg>
<status status="PASS" starttime="20230905 22:37:32.197" endtime="20230905 22:37:39.751"/>
</kw>
<kw name="Maximize Browser Window" library="SeleniumLibrary">
<doc>Maximizes current browser window.</doc>
<status status="PASS" starttime="20230905 22:37:39.751" endtime="20230905 22:37:39.868"/>
</kw>
<kw name="Set Selenium Speed" library="SeleniumLibrary">
<arg>0seconds</arg>
<doc>Sets the delay that is waited after each Selenium command.</doc>
<status status="PASS" starttime="20230905 22:37:39.868" endtime="20230905 22:37:39.868"/>
</kw>
<status status="PASS" starttime="20230905 22:37:32.197" endtime="20230905 22:37:39.868"/>
</kw>
<kw name="Invalide Login">
<arg>mahesh.j+nike@amazatic.com</arg>
<kw name="Sleep" library="BuiltIn">
<arg>3seconds</arg>
<doc>Pauses the test executed for the given time.</doc>
<msg timestamp="20230905 22:37:42.868" level="INFO">Slept 3 seconds</msg>
<status status="PASS" starttime="20230905 22:37:39.868" endtime="20230905 22:37:42.868"/>
</kw>
<kw name="Enter Email" library="CMSkeyword">
<arg>${email}</arg>
<kw name="Input Text" library="SeleniumLibrary">
<arg>${txt_Username}</arg>
<arg>${email}</arg>
<doc>Types the given ``text`` into the text field identified by ``locator``.</doc>
<msg timestamp="20230905 22:37:42.869" level="INFO">Typing text 'mahesh.j+nike@amazatic.com' into text field 'name:email'.</msg>
<status status="PASS" starttime="20230905 22:37:42.868" endtime="20230905 22:37:43.197"/>
</kw>
<status status="PASS" starttime="20230905 22:37:42.868" endtime="20230905 22:37:43.197"/>
</kw>
<kw name="Sleep" library="BuiltIn">
<arg>1seconds</arg>
<doc>Pauses the test executed for the given time.</doc>
<msg timestamp="20230905 22:37:44.202" level="INFO">Slept 1 second</msg>
<status status="PASS" starttime="20230905 22:37:43.197" endtime="20230905 22:37:44.202"/>
</kw>
<kw name="Enter Password" library="CMSkeyword">
<arg>${password}</arg>
<kw name="Input Text" library="SeleniumLibrary">
<arg>${txt_password}</arg>
<arg>${password}</arg>
<doc>Types the given ``text`` into the text field identified by ``locator``.</doc>
<msg timestamp="20230905 22:37:44.203" level="INFO">Typing text '' into text field 'name:password'.</msg>
<status status="PASS" starttime="20230905 22:37:44.202" endtime="20230905 22:37:44.342"/>
</kw>
<status status="PASS" starttime="20230905 22:37:44.202" endtime="20230905 22:37:44.342"/>
</kw>
<kw name="Sleep" library="BuiltIn">
<arg>1seconds</arg>
<doc>Pauses the test executed for the given time.</doc>
<msg timestamp="20230905 22:37:45.342" level="INFO">Slept 1 second</msg>
<status status="PASS" starttime="20230905 22:37:44.342" endtime="20230905 22:37:45.342"/>
</kw>
<kw name="Click on Sign Button" library="CMSkeyword">
<kw name="Click Button" library="SeleniumLibrary">
<arg>${submit_button}</arg>
<doc>Clicks the button identified by ``locator``.</doc>
<msg timestamp="20230905 22:37:45.342" level="INFO">Clicking button 'xpath://button[@type='submit']'.</msg>
<status status="PASS" starttime="20230905 22:37:45.342" endtime="20230905 22:37:45.484"/>
</kw>
<status status="PASS" starttime="20230905 22:37:45.342" endtime="20230905 22:37:45.484"/>
</kw>
<status status="PASS" starttime="20230905 22:37:39.868" endtime="20230905 22:37:45.484"/>
</kw>
<kw name="Close Browser" library="SeleniumLibrary" type="TEARDOWN">
<doc>Closes the current browser.</doc>
<status status="PASS" starttime="20230905 22:37:45.484" endtime="20230905 22:37:47.573"/>
</kw>
<status status="PASS" starttime="20230905 22:37:32.197" endtime="20230905 22:37:47.574"/>
</test>
<status status="PASS" starttime="20230905 22:35:58.201" endtime="20230905 22:37:47.574"/>
</suite>
<suite id="s1-s3" name="3 Logout Test" source="C:\Users\User\PycharmProjects\TestAutomation\CMS1\3_Logout_Test.robot">
<test id="s1-s3-t1" name="Verify CMS Logout" line="10">
<kw name="Open My Browser" library="CMSkeyword" type="SETUP">
<kw name="Open Browser" library="SeleniumLibrary">
<arg>${CMSURL}</arg>
<arg>${browser}</arg>
<doc>Opens a new browser instance to the optional ``url``.</doc>
<msg timestamp="20230905 22:37:47.656" level="INFO">Opening browser 'headlesschrome' to base url 'https://cms-staging.oneyou.io/auth/login'.</msg>
<status status="PASS" starttime="20230905 22:37:47.656" endtime="20230905 22:38:13.751"/>
</kw>
<kw name="Maximize Browser Window" library="SeleniumLibrary">
<doc>Maximizes current browser window.</doc>
<status status="PASS" starttime="20230905 22:38:13.751" endtime="20230905 22:38:13.888"/>
</kw>
<kw name="Set Selenium Speed" library="SeleniumLibrary">
<arg>0seconds</arg>
<doc>Sets the delay that is waited after each Selenium command.</doc>
<status status="PASS" starttime="20230905 22:38:13.888" endtime="20230905 22:38:13.888"/>
</kw>
<status status="PASS" starttime="20230905 22:37:47.656" endtime="20230905 22:38:13.888"/>
</kw>
<kw name="Logout">
<arg>mahesh.j@amazatic.com</arg>
<arg>OneYou@123</arg>
<kw name="Sleep" library="BuiltIn">
<arg>3seconds</arg>
<doc>Pauses the test executed for the given time.</doc>
<msg timestamp="20230905 22:38:16.888" level="INFO">Slept 3 seconds</msg>
<status status="PASS" starttime="20230905 22:38:13.888" endtime="20230905 22:38:16.888"/>
</kw>
<kw name="Enter Email" library="CMSkeyword">
<arg>${email}</arg>
<kw name="Input Text" library="SeleniumLibrary">
<arg>${txt_Username}</arg>
<arg>${email}</arg>
<doc>Types the given ``text`` into the text field identified by ``locator``.</doc>
<msg timestamp="20230905 22:38:16.888" level="INFO">Typing text 'mahesh.j@amazatic.com' into text field 'name:email'.</msg>
<status status="PASS" starttime="20230905 22:38:16.888" endtime="20230905 22:38:17.176"/>
</kw>
<status status="PASS" starttime="20230905 22:38:16.888" endtime="20230905 22:38:17.176"/>
</kw>
<kw name="Enter Password" library="CMSkeyword">
<arg>${password}</arg>
<kw name="Input Text" library="SeleniumLibrary">
<arg>${txt_password}</arg>
<arg>${password}</arg>
<doc>Types the given ``text`` into the text field identified by ``locator``.</doc>
<msg timestamp="20230905 22:38:17.184" level="INFO">Typing text 'OneYou@123' into text field 'name:password'.</msg>
<status status="PASS" starttime="20230905 22:38:17.176" endtime="20230905 22:38:17.401"/>
</kw>
<status status="PASS" starttime="20230905 22:38:17.176" endtime="20230905 22:38:17.401"/>
</kw>
<kw name="Click on Sign Button" library="CMSkeyword">
<kw name="Click Button" library="SeleniumLibrary">
<arg>${submit_button}</arg>
<doc>Clicks the button identified by ``locator``.</doc>
<msg timestamp="20230905 22:38:17.409" level="INFO">Clicking button 'xpath://button[@type='submit']'.</msg>
<status status="PASS" starttime="20230905 22:38:17.409" endtime="20230905 22:38:17.570"/>
</kw>
<status status="PASS" starttime="20230905 22:38:17.401" endtime="20230905 22:38:17.570"/>
</kw>
<kw name="Sleep" library="BuiltIn">
<arg>5seconds</arg>
<doc>Pauses the test executed for the given time.</doc>
<msg timestamp="20230905 22:38:22.570" level="INFO">Slept 5 seconds</msg>
<status status="PASS" starttime="20230905 22:38:17.570" endtime="20230905 22:38:22.570"/>
</kw>
<kw name="Dashboard page should be visible" library="CMSkeyword">
<kw name="Page Should Contain" library="SeleniumLibrary">
<arg>Dashboard</arg>
<doc>Verifies that current page contains ``text``.</doc>
<msg timestamp="20230905 22:38:22.604" level="INFO">Current page contains text 'Dashboard'.</msg>
<status status="PASS" starttime="20230905 22:38:22.571" endtime="20230905 22:38:22.604"/>
</kw>
<status status="PASS" starttime="20230905 22:38:22.570" endtime="20230905 22:38:22.604"/>
</kw>
<kw name="Sleep" library="BuiltIn">
<arg>1seconds</arg>
<doc>Pauses the test executed for the given time.</doc>
<msg timestamp="20230905 22:38:23.604" level="INFO">Slept 1 second</msg>
<status status="PASS" starttime="20230905 22:38:22.604" endtime="20230905 22:38:23.604"/>
</kw>
<kw name="Wait Until Element Is Visible" library="SeleniumLibrary">
<arg>xpath://h2[@class='pageTitle']</arg>
<arg>timeout=10s</arg>
<doc>Waits until the element ``locator`` is visible.</doc>
<status status="PASS" starttime="20230905 22:38:23.604" endtime="20230905 22:38:23.652"/>
</kw>
<kw name="Hover on logout section" library="CMSkeyword">
<kw name="Mouse Over" library="SeleniumLibrary">
<arg>${hover_logoout}</arg>
<doc>Simulates hovering the mouse over the element ``locator``.</doc>
<msg timestamp="20230905 22:38:23.661" level="INFO">Simulating Mouse Over on element 'xpath://div[@class='sc-ihgnxF knIImG']'.</msg>
<status status="PASS" starttime="20230905 22:38:23.652" endtime="20230905 22:38:23.958"/>
</kw>
<status status="PASS" starttime="20230905 22:38:23.652" endtime="20230905 22:38:23.958"/>
</kw>
<kw name="Sleep" library="BuiltIn">
<arg>3seconds</arg>
<doc>Pauses the test executed for the given time.</doc>
<msg timestamp="20230905 22:38:26.959" level="INFO">Slept 3 seconds</msg>
<status status="PASS" starttime="20230905 22:38:23.958" endtime="20230905 22:38:26.959"/>
</kw>
<kw name="Logout Dashboard" library="CMSkeyword">
<kw name="Click Element" library="SeleniumLibrary">
<arg>${logout_button}</arg>
<doc>Click the element identified by ``locator``.</doc>
<msg timestamp="20230905 22:38:26.960" level="INFO">Clicking element '//a[@class='d-inline-block logoutLink']'.</msg>
<status status="PASS" starttime="20230905 22:38:26.959" endtime="20230905 22:38:27.058"/>
</kw>
<status status="PASS" starttime="20230905 22:38:26.959" endtime="20230905 22:38:27.064"/>
</kw>
<kw name="Sleep" library="BuiltIn">
<arg>3seconds</arg>
<doc>Pauses the test executed for the given time.</doc>
<msg timestamp="20230905 22:38:30.064" level="INFO">Slept 3 seconds</msg>
<status status="PASS" starttime="20230905 22:38:27.064" endtime="20230905 22:38:30.064"/>
</kw>
<status status="PASS" starttime="20230905 22:38:13.888" endtime="20230905 22:38:30.064"/>
</kw>
<kw name="Close Browser" library="SeleniumLibrary" type="TEARDOWN">
<doc>Closes the current browser.</doc>
<status status="PASS" starttime="20230905 22:38:30.064" endtime="20230905 22:38:32.151"/>
</kw>
<status status="PASS" starttime="20230905 22:37:47.656" endtime="20230905 22:38:32.152"/>
</test>
<status status="PASS" starttime="20230905 22:37:47.574" endtime="20230905 22:38:32.152"/>
</suite>
<suite id="s1-s4" name="4 Verify Forgot Password" source="C:\Users\User\PycharmProjects\TestAutomation\CMS1\4_Verify_Forgot_Password.robot">
<test id="s1-s4-t1" name="Verify Forgot Password" line="9">
<kw name="Open My Browser" library="CMSkeyword" type="SETUP">
<kw name="Open Browser" library="SeleniumLibrary">
<arg>${CMSURL}</arg>
<arg>${browser}</arg>
<doc>Opens a new browser instance to the optional ``url``.</doc>
<msg timestamp="20230905 22:38:32.169" level="INFO">Opening browser 'headlesschrome' to base url 'https://cms-staging.oneyou.io/auth/login'.</msg>
<status status="PASS" starttime="20230905 22:38:32.169" endtime="20230905 22:39:02.735"/>
</kw>
<kw name="Maximize Browser Window" library="SeleniumLibrary">
<doc>Maximizes current browser window.</doc>
<status status="PASS" starttime="20230905 22:39:02.736" endtime="20230905 22:39:02.884"/>
</kw>
<kw name="Set Selenium Speed" library="SeleniumLibrary">
<arg>0seconds</arg>
<doc>Sets the delay that is waited after each Selenium command.</doc>
<status status="PASS" starttime="20230905 22:39:02.884" endtime="20230905 22:39:02.884"/>
</kw>
<status status="PASS" starttime="20230905 22:38:32.169" endtime="20230905 22:39:02.884"/>
</kw>
<kw name="Sleep" library="BuiltIn">
<arg>3seconds</arg>
<doc>Pauses the test executed for the given time.</doc>
<msg timestamp="20230905 22:39:05.884" level="INFO">Slept 3 seconds</msg>
<status status="PASS" starttime="20230905 22:39:02.884" endtime="20230905 22:39:05.884"/>
</kw>
<kw name="Click link on Forgot Password" library="CMSkeyword">
<kw name="Click Element" library="SeleniumLibrary">
<arg>${forgot_password}</arg>
<doc>Click the element identified by ``locator``.</doc>
<msg timestamp="20230905 22:39:05.885" level="INFO">Clicking element '//a[normalize-space()='I forgot my password']'.</msg>
<status status="PASS" starttime="20230905 22:39:05.885" endtime="20230905 22:39:06.001"/>
</kw>
<status status="PASS" starttime="20230905 22:39:05.885" endtime="20230905 22:39:06.001"/>
</kw>
<kw name="Sleep" library="BuiltIn">
<arg>3seconds</arg>
<doc>Pauses the test executed for the given time.</doc>
<msg timestamp="20230905 22:39:09.004" level="INFO">Slept 3 seconds</msg>
<status status="PASS" starttime="20230905 22:39:06.002" endtime="20230905 22:39:09.004"/>
</kw>
<kw name="Enter Your Email" library="CMSkeyword">
<arg>ajit.d@amazatic.com</arg>
<kw name="Input Text" library="SeleniumLibrary">
<arg>${txt_recovryemail}</arg>
<arg>${email1}</arg>
<doc>Types the given ``text`` into the text field identified by ``locator``.</doc>
<msg timestamp="20230905 22:39:09.004" level="INFO">Typing text 'ajit.d@amazatic.com' into text field '//input[@placeholder='Enter email']'.</msg>
<status status="PASS" starttime="20230905 22:39:09.004" endtime="20230905 22:39:09.269"/>
</kw>
<status status="PASS" starttime="20230905 22:39:09.004" endtime="20230905 22:39:09.269"/>
</kw>
<kw name="Sleep" library="BuiltIn">
<arg>3seconds</arg>
<doc>Pauses the test executed for the given time.</doc>
<msg timestamp="20230905 22:39:12.270" level="INFO">Slept 3 seconds</msg>
<status status="PASS" starttime="20230905 22:39:09.269" endtime="20230905 22:39:12.270"/>
</kw>
<kw name="Send Email" library="CMSkeyword">
<kw name="Click Button" library="SeleniumLibrary">
<arg>${sub_sendemail}</arg>
<doc>Clicks the button identified by ``locator``.</doc>
<msg timestamp="20230905 22:39:12.270" level="INFO">Clicking button '//button[@type='submit']'.</msg>
<status status="PASS" starttime="20230905 22:39:12.270" endtime="20230905 22:39:12.417"/>
</kw>
<status status="PASS" starttime="20230905 22:39:12.270" endtime="20230905 22:39:12.417"/>
</kw>
<kw name="Sleep" library="BuiltIn">
<arg>5seconds</arg>
<doc>Pauses the test executed for the given time.</doc>
<msg timestamp="20230905 22:39:17.417" level="INFO">Slept 5 seconds</msg>
<status status="PASS" starttime="20230905 22:39:12.417" endtime="20230905 22:39:17.417"/>
</kw>
<kw name="Close Browser" library="SeleniumLibrary" type="TEARDOWN">
<doc>Closes the current browser.</doc>
<status status="PASS" starttime="20230905 22:39:17.418" endtime="20230905 22:39:19.484"/>
</kw>
<status status="PASS" starttime="20230905 22:38:32.169" endtime="20230905 22:39:19.484"/>
</test>
<test id="s1-s4-t2" name="Verify Back To Login URl" line="19">
<kw name="Open My Browser" library="CMSkeyword" type="SETUP">
<kw name="Open Browser" library="SeleniumLibrary">
<arg>${CMSURL}</arg>
<arg>${browser}</arg>
<doc>Opens a new browser instance to the optional ``url``.</doc>
<msg timestamp="20230905 22:39:19.484" level="INFO">Opening browser 'headlesschrome' to base url 'https://cms-staging.oneyou.io/auth/login'.</msg>
<status status="PASS" starttime="20230905 22:39:19.484" endtime="20230905 22:39:52.400"/>
</kw>
<kw name="Maximize Browser Window" library="SeleniumLibrary">
<doc>Maximizes current browser window.</doc>
<status status="PASS" starttime="20230905 22:39:52.401" endtime="20230905 22:39:52.521"/>
</kw>
<kw name="Set Selenium Speed" library="SeleniumLibrary">
<arg>0seconds</arg>
<doc>Sets the delay that is waited after each Selenium command.</doc>
<status status="PASS" starttime="20230905 22:39:52.521" endtime="20230905 22:39:52.521"/>
</kw>
<status status="PASS" starttime="20230905 22:39:19.484" endtime="20230905 22:39:52.521"/>
</kw>
<kw name="Sleep" library="BuiltIn">
<arg>5seconds</arg>
<doc>Pauses the test executed for the given time.</doc>
<msg timestamp="20230905 22:39:57.522" level="INFO">Slept 5 seconds</msg>
<status status="PASS" starttime="20230905 22:39:52.521" endtime="20230905 22:39:57.522"/>
</kw>
<kw name="Click link on Forgot Password" library="CMSkeyword">
<kw name="Click Element" library="SeleniumLibrary">
<arg>${forgot_password}</arg>
<doc>Click the element identified by ``locator``.</doc>
<msg timestamp="20230905 22:39:57.522" level="INFO">Clicking element '//a[normalize-space()='I forgot my password']'.</msg>
<status status="PASS" starttime="20230905 22:39:57.522" endtime="20230905 22:39:57.633"/>
</kw>
<status status="PASS" starttime="20230905 22:39:57.522" endtime="20230905 22:39:57.634"/>
</kw>
<kw name="Sleep" library="BuiltIn">
<arg>5seconds</arg>
<doc>Pauses the test executed for the given time.</doc>
<msg timestamp="20230905 22:40:02.635" level="INFO">Slept 5 seconds</msg>
<status status="PASS" starttime="20230905 22:39:57.635" endtime="20230905 22:40:02.635"/>
</kw>
<kw name="Click To Login Link" library="CMSkeyword">
<kw name="Click Element" library="SeleniumLibrary">
<arg>${back_login}</arg>
<doc>Click the element identified by ``locator``.</doc>
<msg timestamp="20230905 22:40:02.635" level="INFO">Clicking element '//a[normalize-space()='back to login']'.</msg>
<status status="PASS" starttime="20230905 22:40:02.635" endtime="20230905 22:40:02.732"/>
</kw>
<status status="PASS" starttime="20230905 22:40:02.635" endtime="20230905 22:40:02.732"/>
</kw>
<kw name="Sleep" library="BuiltIn">
<arg>3seconds</arg>
<doc>Pauses the test executed for the given time.</doc>
<msg timestamp="20230905 22:40:05.733" level="INFO">Slept 3 seconds</msg>
<status status="PASS" starttime="20230905 22:40:02.732" endtime="20230905 22:40:05.733"/>
</kw>
<kw name="Close Browser" library="SeleniumLibrary" type="TEARDOWN">
<doc>Closes the current browser.</doc>
<status status="PASS" starttime="20230905 22:40:05.733" endtime="20230905 22:40:07.822"/>
</kw>
<status status="PASS" starttime="20230905 22:39:19.484" endtime="20230905 22:40:07.822"/>
</test>
<test id="s1-s4-t3" name="Verify Forgot Password Using Non Registered Email" line="26">
<kw name="Open My Browser" library="CMSkeyword" type="SETUP">
<kw name="Open Browser" library="SeleniumLibrary">
<arg>${CMSURL}</arg>
<arg>${browser}</arg>
<doc>Opens a new browser instance to the optional ``url``.</doc>
<msg timestamp="20230905 22:40:07.823" level="INFO">Opening browser 'headlesschrome' to base url 'https://cms-staging.oneyou.io/auth/login'.</msg>
<status status="PASS" starttime="20230905 22:40:07.823" endtime="20230905 22:40:18.408"/>
</kw>
<kw name="Maximize Browser Window" library="SeleniumLibrary">
<doc>Maximizes current browser window.</doc>
<status status="PASS" starttime="20230905 22:40:18.408" endtime="20230905 22:40:18.560"/>
</kw>
<kw name="Set Selenium Speed" library="SeleniumLibrary">
<arg>0seconds</arg>
<doc>Sets the delay that is waited after each Selenium command.</doc>
<status status="PASS" starttime="20230905 22:40:18.560" endtime="20230905 22:40:18.560"/>
</kw>
<status status="PASS" starttime="20230905 22:40:07.823" endtime="20230905 22:40:18.560"/>
</kw>
<kw name="Sleep" library="BuiltIn">
<arg>5seconds</arg>
<doc>Pauses the test executed for the given time.</doc>
<msg timestamp="20230905 22:40:23.561" level="INFO">Slept 5 seconds</msg>
<status status="PASS" starttime="20230905 22:40:18.560" endtime="20230905 22:40:23.561"/>
</kw>
<kw name="Click link on Forgot Password" library="CMSkeyword">
<kw name="Click Element" library="SeleniumLibrary">
<arg>${forgot_password}</arg>
<doc>Click the element identified by ``locator``.</doc>
<msg timestamp="20230905 22:40:23.563" level="INFO">Clicking element '//a[normalize-space()='I forgot my password']'.</msg>
<status status="PASS" starttime="20230905 22:40:23.561" endtime="20230905 22:40:23.668"/>
</kw>
<status status="PASS" starttime="20230905 22:40:23.561" endtime="20230905 22:40:23.668"/>
</kw>
<kw name="Sleep" library="BuiltIn">
<arg>3seconds</arg>
<doc>Pauses the test executed for the given time.</doc>
<msg timestamp="20230905 22:40:26.668" level="INFO">Slept 3 seconds</msg>
<status status="PASS" starttime="20230905 22:40:23.668" endtime="20230905 22:40:26.668"/>
</kw>
<kw name="Enter Your Email" library="CMSkeyword">
<arg>ajitd@gmail.com</arg>
<kw name="Input Text" library="SeleniumLibrary">
<arg>${txt_recovryemail}</arg>
<arg>${email1}</arg>
<doc>Types the given ``text`` into the text field identified by ``locator``.</doc>
<msg timestamp="20230905 22:40:26.668" level="INFO">Typing text 'ajitd@gmail.com' into text field '//input[@placeholder='Enter email']'.</msg>
<status status="PASS" starttime="20230905 22:40:26.668" endtime="20230905 22:40:26.918"/>
</kw>
<status status="PASS" starttime="20230905 22:40:26.668" endtime="20230905 22:40:26.918"/>
</kw>
<kw name="Sleep" library="BuiltIn">
<arg>1seconds</arg>
<doc>Pauses the test executed for the given time.</doc>
<msg timestamp="20230905 22:40:27.918" level="INFO">Slept 1 second</msg>
<status status="PASS" starttime="20230905 22:40:26.918" endtime="20230905 22:40:27.918"/>
</kw>
<kw name="Send Email" library="CMSkeyword">
<kw name="Click Button" library="SeleniumLibrary">
<arg>${sub_sendemail}</arg>
<doc>Clicks the button identified by ``locator``.</doc>
<msg timestamp="20230905 22:40:27.918" level="INFO">Clicking button '//button[@type='submit']'.</msg>
<status status="PASS" starttime="20230905 22:40:27.918" endtime="20230905 22:40:28.055"/>
</kw>
<status status="PASS" starttime="20230905 22:40:27.918" endtime="20230905 22:40:28.055"/>
</kw>
<kw name="Sleep" library="BuiltIn">
<arg>5seconds</arg>
<doc>Pauses the test executed for the given time.</doc>
<msg timestamp="20230905 22:40:33.056" level="INFO">Slept 5 seconds</msg>
<status status="PASS" starttime="20230905 22:40:28.055" endtime="20230905 22:40:33.056"/>
</kw>
<kw name="Close Browser" library="SeleniumLibrary" type="TEARDOWN">
<doc>Closes the current browser.</doc>
<status status="PASS" starttime="20230905 22:40:33.056" endtime="20230905 22:40:35.146"/>
</kw>
<status status="PASS" starttime="20230905 22:40:07.823" endtime="20230905 22:40:35.147"/>
</test>
<status status="PASS" starttime="20230905 22:38:32.152" endtime="20230905 22:40:35.147"/>
</suite>
<suite id="s1-s5" name="5 Dashboard Section Verify" source="C:\Users\User\PycharmProjects\TestAutomation\CMS1\5_Dashboard_Section_Verify.robot">
<kw name="Open My Browser" library="CMSkeyword" type="SETUP">
<kw name="Open Browser" library="SeleniumLibrary">
<arg>${CMSURL}</arg>
<arg>${browser}</arg>
<doc>Opens a new browser instance to the optional ``url``.</doc>
<msg timestamp="20230905 22:40:35.164" level="INFO">Opening browser 'headlesschrome' to base url 'https://cms-staging.oneyou.io/auth/login'.</msg>
<status status="PASS" starttime="20230905 22:40:35.164" endtime="20230905 22:40:46.534"/>
</kw>
<kw name="Maximize Browser Window" library="SeleniumLibrary">
<doc>Maximizes current browser window.</doc>
<status status="PASS" starttime="20230905 22:40:46.534" endtime="20230905 22:40:46.649"/>
</kw>
<kw name="Set Selenium Speed" library="SeleniumLibrary">
<arg>0seconds</arg>
<doc>Sets the delay that is waited after each Selenium command.</doc>
<status status="PASS" starttime="20230905 22:40:46.649" endtime="20230905 22:40:46.649"/>
</kw>
<status status="PASS" starttime="20230905 22:40:35.164" endtime="20230905 22:40:46.649"/>
</kw>
<test id="s1-s5-t1" name="Verify Dashboard Section" line="9">
<kw name="Login the Dashboard" library="CMSkeyword">
<kw name="Sleep" library="BuiltIn">
<arg>3seconds</arg>
<doc>Pauses the test executed for the given time.</doc>
<msg timestamp="20230905 22:40:49.649" level="INFO">Slept 3 seconds</msg>
<status status="PASS" starttime="20230905 22:40:46.649" endtime="20230905 22:40:49.649"/>
</kw>
<kw name="Enter Email" library="CMSkeyword">
<arg>mahesh.j@amazatic.com</arg>
<kw name="Input Text" library="SeleniumLibrary">
<arg>${txt_Username}</arg>
<arg>${email}</arg>
<doc>Types the given ``text`` into the text field identified by ``locator``.</doc>
<msg timestamp="20230905 22:40:49.649" level="INFO">Typing text 'mahesh.j@amazatic.com' into text field 'name:email'.</msg>
<status status="PASS" starttime="20230905 22:40:49.649" endtime="20230905 22:40:50.007"/>
</kw>
<status status="PASS" starttime="20230905 22:40:49.649" endtime="20230905 22:40:50.007"/>
</kw>
<kw name="Enter Password" library="CMSkeyword">
<arg>OneYou@123</arg>
<kw name="Input Text" library="SeleniumLibrary">
<arg>${txt_password}</arg>
<arg>${password}</arg>
<doc>Types the given ``text`` into the text field identified by ``locator``.</doc>
<msg timestamp="20230905 22:40:50.007" level="INFO">Typing text 'OneYou@123' into text field 'name:password'.</msg>
<status status="PASS" starttime="20230905 22:40:50.007" endtime="20230905 22:40:50.244"/>
</kw>
<status status="PASS" starttime="20230905 22:40:50.007" endtime="20230905 22:40:50.244"/>
</kw>
<kw name="Click on Sign Button" library="CMSkeyword">
<kw name="Click Button" library="SeleniumLibrary">
<arg>${submit_button}</arg>
<doc>Clicks the button identified by ``locator``.</doc>
<msg timestamp="20230905 22:40:50.244" level="INFO">Clicking button 'xpath://button[@type='submit']'.</msg>
<status status="PASS" starttime="20230905 22:40:50.244" endtime="20230905 22:40:50.416"/>
</kw>
<status status="PASS" starttime="20230905 22:40:50.244" endtime="20230905 22:40:50.416"/>
</kw>
<kw name="Sleep" library="BuiltIn">
<arg>5seconds</arg>
<doc>Pauses the test executed for the given time.</doc>
<msg timestamp="20230905 22:40:55.416" level="INFO">Slept 5 seconds</msg>
<status status="PASS" starttime="20230905 22:40:50.416" endtime="20230905 22:40:55.416"/>
</kw>
<kw name="Dashboard page should be visible" library="CMSkeyword">
<kw name="Page Should Contain" library="SeleniumLibrary">
<arg>Dashboard</arg>
<doc>Verifies that current page contains ``text``.</doc>
<msg timestamp="20230905 22:40:55.447" level="INFO">Current page contains text 'Dashboard'.</msg>
<status status="PASS" starttime="20230905 22:40:55.416" endtime="20230905 22:40:55.447"/>
</kw>
<status status="PASS" starttime="20230905 22:40:55.416" endtime="20230905 22:40:55.447"/>
</kw>
<status status="PASS" starttime="20230905 22:40:46.649" endtime="20230905 22:40:55.447"/>
</kw>
<kw name="Execute Javascript" library="SeleniumLibrary">
<arg>window.scrollTo(0, document.body.scrollHeight)</arg>
<doc>Executes the given JavaScript code with possible arguments.</doc>
<msg timestamp="20230905 22:40:55.452" level="INFO">Executing JavaScript:
window.scrollTo(0, document.body.scrollHeight)
Without any arguments.</msg>
<status status="PASS" starttime="20230905 22:40:55.447" endtime="20230905 22:40:55.464"/>
</kw>
<kw name="Sleep" library="BuiltIn">
<arg>3seconds</arg>
<doc>Pauses the test executed for the given time.</doc>
<msg timestamp="20230905 22:40:58.464" level="INFO">Slept 3 seconds</msg>
<status status="PASS" starttime="20230905 22:40:55.464" endtime="20230905 22:40:58.464"/>
</kw>
<kw name="Execute Javascript" library="SeleniumLibrary">
<arg>window.scrollTo(0, -document.body.scrollHeight)</arg>
<doc>Executes the given JavaScript code with possible arguments.</doc>
<msg timestamp="20230905 22:40:58.464" level="INFO">Executing JavaScript:
window.scrollTo(0, -document.body.scrollHeight)
Without any arguments.</msg>
<status status="PASS" starttime="20230905 22:40:58.464" endtime="20230905 22:40:58.475"/>
</kw>
<kw name="Sleep" library="BuiltIn">
<arg>3seconds</arg>
<doc>Pauses the test executed for the given time.</doc>
<msg timestamp="20230905 22:41:01.475" level="INFO">Slept 3 seconds</msg>
<status status="PASS" starttime="20230905 22:40:58.475" endtime="20230905 22:41:01.475"/>
</kw>
<status status="PASS" starttime="20230905 22:40:46.649" endtime="20230905 22:41:01.475"/>
</test>
<test id="s1-s5-t2" name="Verify Badges" line="16">
<kw name="Select Badges" library="CMSkeyword">
<kw name="Click Element" library="SeleniumLibrary">
<arg>${Sel_badges}</arg>
<doc>Click the element identified by ``locator``.</doc>
<msg timestamp="20230905 22:41:01.475" level="INFO">Clicking element '//div[@class='sc-kAyceB eAbRNa']//img[2]'.</msg>
<status status="PASS" starttime="20230905 22:41:01.475" endtime="20230905 22:41:01.627"/>
</kw>
<status status="PASS" starttime="20230905 22:41:01.475" endtime="20230905 22:41:01.627"/>
</kw>
<kw name="Sleep" library="BuiltIn">
<arg>5seconds</arg>
<doc>Pauses the test executed for the given time.</doc>
<msg timestamp="20230905 22:41:06.627" level="INFO">Slept 5 seconds</msg>
<status status="PASS" starttime="20230905 22:41:01.627" endtime="20230905 22:41:06.627"/>
</kw>
<kw name="Close Badges" library="CMSkeyword">
<kw name="Click Element" library="SeleniumLibrary">
<arg>${Cls_badges}</arg>
<doc>Click the element identified by ``locator``.</doc>
<msg timestamp="20230905 22:41:06.629" level="INFO">Clicking element '//button[@aria-label='Close']'.</msg>
<status status="PASS" starttime="20230905 22:41:06.629" endtime="20230905 22:41:06.752"/>
</kw>
<status status="PASS" starttime="20230905 22:41:06.629" endtime="20230905 22:41:06.752"/>
</kw>
<kw name="Sleep" library="BuiltIn">
<arg>3seconds</arg>
<doc>Pauses the test executed for the given time.</doc>
<msg timestamp="20230905 22:41:09.752" level="INFO">Slept 3 seconds</msg>
<status status="PASS" starttime="20230905 22:41:06.752" endtime="20230905 22:41:09.752"/>
</kw>
<status status="PASS" starttime="20230905 22:41:01.475" endtime="20230905 22:41:09.752"/>
</test>
<test id="s1-s5-t3" name="Verify Progress Graph" line="22">
<kw name="Select 14 days Graph Data" library="CMSkeyword">
<kw name="Click Element" library="SeleniumLibrary">
<arg>${sel_graph14}</arg>
<doc>Click the element identified by ``locator``.</doc>
<msg timestamp="20230905 22:41:09.752" level="INFO">Clicking element 'css:body &gt; div:nth-child(2) &gt; div:nth-child(3) &gt; div:nth-child(1) &gt; div:nth-child(1) &gt; div:nth-child(2) &gt; div:nth-child(2) &gt; section:nth-child(1) &gt; div:nth-child(1) &gt; div:nth-child(2) &gt; div:nth-child(1) &gt; div:nth-child(2)'.</msg>
<msg timestamp="20230905 22:41:10.939" level="INFO" html="true">&lt;/td&gt;&lt;/tr&gt;&lt;tr&gt;&lt;td colspan="3"&gt;&lt;a href="selenium-screenshot-1.png"&gt;&lt;img src="selenium-screenshot-1.png" width="800px"&gt;&lt;/a&gt;</msg>
<msg timestamp="20230905 22:41:10.939" level="FAIL">ElementClickInterceptedException: Message: element click intercepted: Element is not clickable at point (364, 612)
  (Session info: headless chrome=116.0.5845.141)
Stacktrace:
	GetHandleVerifier [0x00007FF606B052A2+57122]
	(No symbol) [0x00007FF606A7EA92]
	(No symbol) [0x00007FF60694E3AB]
	(No symbol) [0x00007FF60698D783]
	(No symbol) [0x00007FF60698BD5F]
	(No symbol) [0x00007FF606989DC8]
	(No symbol) [0x00007FF606988FD5]
	(No symbol) [0x00007FF60697F25F]
	(No symbol) [0x00007FF6069A6FDA]
	(No symbol) [0x00007FF60697EB76]
	(No symbol) [0x00007FF6069A71F0]
	(No symbol) [0x00007FF6069BEB82]
	(No symbol) [0x00007FF6069A6DB3]
	(No symbol) [0x00007FF60697D2B1]
	(No symbol) [0x00007FF60697E494]
	GetHandleVerifier [0x00007FF606DAEF82+2849794]
	GetHandleVerifier [0x00007FF606E01D24+3189156]
	GetHandleVerifier [0x00007FF606DFACAF+3160367]
	GetHandleVerifier [0x00007FF606B96D06+653702]
	(No symbol) [0x00007FF606A8A208]
	(No symbol) [0x00007FF606A862C4]
	(No symbol) [0x00007FF606A863F6]
	(No symbol) [0x00007FF606A767A3]
	BaseThreadInitThunk [0x00007FFBBC8F257D+29]
	RtlUserThreadStart [0x00007FFBBE2CAA68+40]
</msg>
<status status="FAIL" starttime="20230905 22:41:09.752" endtime="20230905 22:41:10.950"/>
</kw>
<status status="FAIL" starttime="20230905 22:41:09.752" endtime="20230905 22:41:10.950"/>
</kw>
<kw name="Sleep" library="BuiltIn">
<arg>5seconds</arg>
<doc>Pauses the test executed for the given time.</doc>
<status status="NOT RUN" starttime="20230905 22:41:10.950" endtime="20230905 22:41:10.950"/>
</kw>
<kw name="Select stress Health" library="CMSkeyword">
<status status="NOT RUN" starttime="20230905 22:41:10.950" endtime="20230905 22:41:10.950"/>
</kw>
<kw name="Sleep" library="BuiltIn">
<arg>5seconds</arg>
<doc>Pauses the test executed for the given time.</doc>
<status status="NOT RUN" starttime="20230905 22:41:10.950" endtime="20230905 22:41:10.950"/>
</kw>
<kw name="Select 21 days Graph Data" library="CMSkeyword">
<status status="NOT RUN" starttime="20230905 22:41:10.950" endtime="20230905 22:41:10.950"/>
</kw>
<kw name="Sleep" library="BuiltIn">
<arg>7seconds</arg>
<doc>Pauses the test executed for the given time.</doc>
<status status="NOT RUN" starttime="20230905 22:41:10.950" endtime="20230905 22:41:10.950"/>
</kw>
<kw name="Select 7 days Graph Data" library="CMSkeyword">
<status status="NOT RUN" starttime="20230905 22:41:10.950" endtime="20230905 22:41:10.950"/>
</kw>
<kw name="Sleep" library="BuiltIn">
<arg>7seconds</arg>
<doc>Pauses the test executed for the given time.</doc>
<status status="NOT RUN" starttime="20230905 22:41:10.950" endtime="20230905 22:41:10.950"/>
</kw>
<kw name="Select Mood" library="CMSkeyword">
<status status="NOT RUN" starttime="20230905 22:41:10.950" endtime="20230905 22:41:10.950"/>
</kw>
<kw name="Sleep" library="BuiltIn">
<arg>7seconds</arg>
<doc>Pauses the test executed for the given time.</doc>
<status status="NOT RUN" starttime="20230905 22:41:10.950" endtime="20230905 22:41:10.950"/>
</kw>
<kw name="Select Physical Activity" library="CMSkeyword">
<status status="NOT RUN" starttime="20230905 22:41:10.950" endtime="20230905 22:41:10.950"/>
</kw>
<kw name="Sleep" library="BuiltIn">
<arg>7seconds</arg>
<doc>Pauses the test executed for the given time.</doc>
<status status="NOT RUN" starttime="20230905 22:41:10.950" endtime="20230905 22:41:10.950"/>
</kw>
<kw name="Execute Javascript" library="SeleniumLibrary">
<arg>window.scrollTo(0, document.body.scrollHeight)</arg>
<doc>Executes the given JavaScript code with possible arguments.</doc>
<status status="NOT RUN" starttime="20230905 22:41:10.950" endtime="20230905 22:41:10.950"/>
</kw>
<kw name="Sleep" library="BuiltIn">
<arg>3seconds</arg>
<doc>Pauses the test executed for the given time.</doc>
<status status="NOT RUN" starttime="20230905 22:41:10.950" endtime="20230905 22:41:10.950"/>
</kw>
<status status="FAIL" starttime="20230905 22:41:09.752" endtime="20230905 22:41:10.950">ElementClickInterceptedException: Message: element click intercepted: Element is not clickable at point (364, 612)
  (Session info: headless chrome=116.0.5845.141)
Stacktrace:
	GetHandleVerifier [0x00007FF606B052A2+57122]
	(No symbol) [0x00007FF606A7EA92]
	(No symbol) [0x00007FF60694E3AB]
	(No symbol) [0x00007FF60698D783]
	(No symbol) [0x00007FF60698BD5F]
	(No symbol) [0x00007FF606989DC8]
	(No symbol) [0x00007FF606988FD5]
	(No symbol) [0x00007FF60697F25F]
	(No symbol) [0x00007FF6069A6FDA]
	(No symbol) [0x00007FF60697EB76]
	(No symbol) [0x00007FF6069A71F0]
	(No symbol) [0x00007FF6069BEB82]
	(No symbol) [0x00007FF6069A6DB3]
	(No symbol) [0x00007FF60697D2B1]
	(No symbol) [0x00007FF60697E494]
	GetHandleVerifier [0x00007FF606DAEF82+2849794]
	GetHandleVerifier [0x00007FF606E01D24+3189156]
	GetHandleVerifier [0x00007FF606DFACAF+3160367]
	GetHandleVerifier [0x00007FF606B96D06+653702]
	(No symbol) [0x00007FF606A8A208]
	(No symbol) [0x00007FF606A862C4]
	(No symbol) [0x00007FF606A863F6]
	(No symbol) [0x00007FF606A767A3]
	BaseThreadInitThunk [0x00007FFBBC8F257D+29]
	RtlUserThreadStart [0x00007FFBBE2CAA68+40]
</status>
</test>
<test id="s1-s5-t4" name="Verify Goal Breakdown" line="38">
<kw name="Select Goal" library="CMSkeyword">
<kw name="Click Element" library="SeleniumLibrary">
<arg>${Sel_goal}</arg>
<doc>Click the element identified by ``locator``.</doc>
<msg timestamp="20230905 22:41:10.959" level="INFO">Clicking element 'css:body &gt; div:nth-child(2) &gt; div:nth-child(3) &gt; div:nth-child(1) &gt; div:nth-child(1) &gt; section:nth-child(3) &gt; div:nth-child(1) &gt; div:nth-child(2) &gt; div:nth-child(1) &gt; div:nth-child(3)'.</msg>
<msg timestamp="20230905 22:41:12.202" level="INFO" html="true">&lt;/td&gt;&lt;/tr&gt;&lt;tr&gt;&lt;td colspan="3"&gt;&lt;a href="selenium-screenshot-2.png"&gt;&lt;img src="selenium-screenshot-2.png" width="800px"&gt;&lt;/a&gt;</msg>
<msg timestamp="20230905 22:41:12.202" level="FAIL">ElementClickInterceptedException: Message: element click intercepted: Element is not clickable at point (467, 1112)
  (Session info: headless chrome=116.0.5845.141)
Stacktrace:
	GetHandleVerifier [0x00007FF606B052A2+57122]
	(No symbol) [0x00007FF606A7EA92]
	(No symbol) [0x00007FF60694E3AB]
	(No symbol) [0x00007FF60698D783]
	(No symbol) [0x00007FF60698BD5F]
	(No symbol) [0x00007FF606989DC8]
	(No symbol) [0x00007FF606988FD5]
	(No symbol) [0x00007FF60697F25F]
	(No symbol) [0x00007FF6069A6FDA]
	(No symbol) [0x00007FF60697EB76]
	(No symbol) [0x00007FF6069A71F0]
	(No symbol) [0x00007FF6069BEB82]
	(No symbol) [0x00007FF6069A6DB3]
	(No symbol) [0x00007FF60697D2B1]
	(No symbol) [0x00007FF60697E494]
	GetHandleVerifier [0x00007FF606DAEF82+2849794]
	GetHandleVerifier [0x00007FF606E01D24+3189156]
	GetHandleVerifier [0x00007FF606DFACAF+3160367]
	GetHandleVerifier [0x00007FF606B96D06+653702]
	(No symbol) [0x00007FF606A8A208]
	(No symbol) [0x00007FF606A862C4]
	(No symbol) [0x00007FF606A863F6]
	(No symbol) [0x00007FF606A767A3]
	BaseThreadInitThunk [0x00007FFBBC8F257D+29]
	RtlUserThreadStart [0x00007FFBBE2CAA68+40]
</msg>
<status status="FAIL" starttime="20230905 22:41:10.959" endtime="20230905 22:41:12.210"/>
</kw>
<status status="FAIL" starttime="20230905 22:41:10.958" endtime="20230905 22:41:12.210"/>
</kw>
<kw name="Sleep" library="BuiltIn">
<arg>3seconds</arg>
<doc>Pauses the test executed for the given time.</doc>
<status status="NOT RUN" starttime="20230905 22:41:12.210" endtime="20230905 22:41:12.210"/>
</kw>
<kw name="Select Checkbox" library="SeleniumLibrary">
<arg>css:body &gt; div:nth-child(2) &gt; div:nth-child(3) &gt; div:nth-child(1) &gt; div:nth-child(1) &gt; section:nth-child(3) &gt; div:nth-child(2) &gt; div:nth-child(1) &gt; div:nth-child(1) &gt; div:nth-child(1) &gt; table:nth-child(1) &gt; tbody:nth-child(2) &gt; tr:nth-child(1) &gt; td:nth-child(1) &gt; input:nth-child(1)</arg>
<doc>Selects the checkbox identified by ``locator``.</doc>
<status status="NOT RUN" starttime="20230905 22:41:12.210" endtime="20230905 22:41:12.210"/>
</kw>
<kw name="Sleep" library="BuiltIn">
<arg>5seconds</arg>
<doc>Pauses the test executed for the given time.</doc>
<status status="NOT RUN" starttime="20230905 22:41:12.210" endtime="20230905 22:41:12.210"/>
</kw>
<kw name="Execute Javascript" library="SeleniumLibrary">
<arg>window.scrollTo(0, -document.body.scrollHeight)</arg>
<doc>Executes the given JavaScript code with possible arguments.</doc>
<status status="NOT RUN" starttime="20230905 22:41:12.210" endtime="20230905 22:41:12.210"/>
</kw>
<kw name="Sleep" library="BuiltIn">
<arg>5seconds</arg>
<doc>Pauses the test executed for the given time.</doc>
<status status="NOT RUN" starttime="20230905 22:41:12.210" endtime="20230905 22:41:12.210"/>
</kw>
<status status="FAIL" starttime="20230905 22:41:10.958" endtime="20230905 22:41:12.210">ElementClickInterceptedException: Message: element click intercepted: Element is not clickable at point (467, 1112)
  (Session info: headless chrome=116.0.5845.141)
Stacktrace:
	GetHandleVerifier [0x00007FF606B052A2+57122]
	(No symbol) [0x00007FF606A7EA92]
	(No symbol) [0x00007FF60694E3AB]
	(No symbol) [0x00007FF60698D783]
	(No symbol) [0x00007FF60698BD5F]
	(No symbol) [0x00007FF606989DC8]
	(No symbol) [0x00007FF606988FD5]
	(No symbol) [0x00007FF60697F25F]
	(No symbol) [0x00007FF6069A6FDA]
	(No symbol) [0x00007FF60697EB76]
	(No symbol) [0x00007FF6069A71F0]
	(No symbol) [0x00007FF6069BEB82]
	(No symbol) [0x00007FF6069A6DB3]
	(No symbol) [0x00007FF60697D2B1]
	(No symbol) [0x00007FF60697E494]
	GetHandleVerifier [0x00007FF606DAEF82+2849794]
	GetHandleVerifier [0x00007FF606E01D24+3189156]
	GetHandleVerifier [0x00007FF606DFACAF+3160367]
	GetHandleVerifier [0x00007FF606B96D06+653702]
	(No symbol) [0x00007FF606A8A208]
	(No symbol) [0x00007FF606A862C4]
	(No symbol) [0x00007FF606A863F6]
	(No symbol) [0x00007FF606A767A3]
	BaseThreadInitThunk [0x00007FFBBC8F257D+29]
	RtlUserThreadStart [0x00007FFBBE2CAA68+40]
</status>
</test>
<kw name="Close Browser" library="SeleniumLibrary" type="TEARDOWN">
<doc>Closes the current browser.</doc>
<status status="PASS" starttime="20230905 22:41:12.210" endtime="20230905 22:41:14.305"/>
</kw>
<status status="FAIL" starttime="20230905 22:40:35.147" endtime="20230905 22:41:14.305"/>
</suite>
<suite id="s1-s6" name="6 People Section Verify" source="C:\Users\User\PycharmProjects\TestAutomation\CMS1\6_People_Section_Verify.robot">
<kw name="Open My Browser" library="CMSkeyword" type="SETUP">
<kw name="Open Browser" library="SeleniumLibrary">
<arg>${CMSURL}</arg>
<arg>${browser}</arg>
<doc>Opens a new browser instance to the optional ``url``.</doc>
<msg timestamp="20230905 22:41:14.321" level="INFO">Opening browser 'headlesschrome' to base url 'https://cms-staging.oneyou.io/auth/login'.</msg>
<status status="PASS" starttime="20230905 22:41:14.321" endtime="20230905 22:41:22.975"/>
</kw>
<kw name="Maximize Browser Window" library="SeleniumLibrary">
<doc>Maximizes current browser window.</doc>
<status status="PASS" starttime="20230905 22:41:22.975" endtime="20230905 22:41:23.103"/>
</kw>
<kw name="Set Selenium Speed" library="SeleniumLibrary">
<arg>0seconds</arg>
<doc>Sets the delay that is waited after each Selenium command.</doc>
<status status="PASS" starttime="20230905 22:41:23.103" endtime="20230905 22:41:23.103"/>
</kw>
<status status="PASS" starttime="20230905 22:41:14.321" endtime="20230905 22:41:23.103"/>
</kw>
<test id="s1-s6-t1" name="Verify Search Box" line="8">
<kw name="Login the CMS" library="CMSkeyword">
<kw name="Sleep" library="BuiltIn">
<arg>3seconds</arg>
<doc>Pauses the test executed for the given time.</doc>
<msg timestamp="20230905 22:41:26.104" level="INFO">Slept 3 seconds</msg>
<status status="PASS" starttime="20230905 22:41:23.103" endtime="20230905 22:41:26.104"/>
</kw>
<kw name="Enter Email" library="CMSkeyword">
<arg>mahesh.j+nike@amazatic.com</arg>
<kw name="Input Text" library="SeleniumLibrary">
<arg>${txt_Username}</arg>
<arg>${email}</arg>
<doc>Types the given ``text`` into the text field identified by ``locator``.</doc>
<msg timestamp="20230905 22:41:26.104" level="INFO">Typing text 'mahesh.j+nike@amazatic.com' into text field 'name:email'.</msg>
<status status="PASS" starttime="20230905 22:41:26.104" endtime="20230905 22:41:26.414"/>
</kw>
<status status="PASS" starttime="20230905 22:41:26.104" endtime="20230905 22:41:26.414"/>
</kw>
<kw name="Enter Password" library="CMSkeyword">
<arg>1</arg>
<kw name="Input Text" library="SeleniumLibrary">
<arg>${txt_password}</arg>
<arg>${password}</arg>
<doc>Types the given ``text`` into the text field identified by ``locator``.</doc>
<msg timestamp="20230905 22:41:26.414" level="INFO">Typing text '1' into text field 'name:password'.</msg>
<status status="PASS" starttime="20230905 22:41:26.414" endtime="20230905 22:41:26.586"/>
</kw>
<status status="PASS" starttime="20230905 22:41:26.414" endtime="20230905 22:41:26.586"/>
</kw>
<kw name="Click on Sign Button" library="CMSkeyword">
<kw name="Click Button" library="SeleniumLibrary">
<arg>${submit_button}</arg>
<doc>Clicks the button identified by ``locator``.</doc>
<msg timestamp="20230905 22:41:26.592" level="INFO">Clicking button 'xpath://button[@type='submit']'.</msg>
<status status="PASS" starttime="20230905 22:41:26.586" endtime="20230905 22:41:26.753"/>
</kw>
<status status="PASS" starttime="20230905 22:41:26.586" endtime="20230905 22:41:26.753"/>
</kw>
<kw name="Sleep" library="BuiltIn">
<arg>5seconds</arg>
<doc>Pauses the test executed for the given time.</doc>
<msg timestamp="20230905 22:41:31.753" level="INFO">Slept 5 seconds</msg>
<status status="PASS" starttime="20230905 22:41:26.753" endtime="20230905 22:41:31.753"/>
</kw>
<kw name="Dashboard page should be visible" library="CMSkeyword">
<kw name="Page Should Contain" library="SeleniumLibrary">
<arg>Dashboard</arg>
<doc>Verifies that current page contains ``text``.</doc>
<msg timestamp="20230905 22:41:31.786" level="INFO">Current page contains text 'Dashboard'.</msg>
<status status="PASS" starttime="20230905 22:41:31.753" endtime="20230905 22:41:31.786"/>
</kw>
<status status="PASS" starttime="20230905 22:41:31.753" endtime="20230905 22:41:31.786"/>
</kw>
<kw name="Sleep" library="BuiltIn">
<arg>1seconds</arg>
<doc>Pauses the test executed for the given time.</doc>
<msg timestamp="20230905 22:41:32.786" level="INFO">Slept 1 second</msg>
<status status="PASS" starttime="20230905 22:41:31.786" endtime="20230905 22:41:32.786"/>
</kw>
<kw name="Hover on logout section" library="CMSkeyword">
<kw name="Mouse Over" library="SeleniumLibrary">
<arg>${hover_logoout}</arg>
<doc>Simulates hovering the mouse over the element ``locator``.</doc>
<msg timestamp="20230905 22:41:32.787" level="INFO">Simulating Mouse Over on element 'xpath://div[@class='sc-ihgnxF knIImG']'.</msg>
<status status="PASS" starttime="20230905 22:41:32.787" endtime="20230905 22:41:33.085"/>
</kw>
<status status="PASS" starttime="20230905 22:41:32.786" endtime="20230905 22:41:33.085"/>
</kw>
<kw name="Sleep" library="BuiltIn">
<arg>1seconds</arg>
<doc>Pauses the test executed for the given time.</doc>
<msg timestamp="20230905 22:41:34.086" level="INFO">Slept 1 second</msg>
<status status="PASS" starttime="20230905 22:41:33.085" endtime="20230905 22:41:34.086"/>
</kw>
<status status="PASS" starttime="20230905 22:41:23.103" endtime="20230905 22:41:34.086"/>
</kw>
<kw name="Click on People section" library="CMSkeyword">
<kw name="Click Element" library="SeleniumLibrary">
<arg>${Sel_peoplesection}</arg>
<doc>Click the element identified by ``locator``.</doc>
<msg timestamp="20230905 22:41:34.088" level="INFO">Clicking element '//a[@href='/people']'.</msg>
<status status="PASS" starttime="20230905 22:41:34.086" endtime="20230905 22:41:34.205"/>
</kw>
<status status="PASS" starttime="20230905 22:41:34.086" endtime="20230905 22:41:34.205"/>
</kw>
<kw name="Sleep" library="BuiltIn">
<arg>3seconds</arg>
<doc>Pauses the test executed for the given time.</doc>
<msg timestamp="20230905 22:41:37.206" level="INFO">Slept 3 seconds</msg>
<status status="PASS" starttime="20230905 22:41:34.205" endtime="20230905 22:41:37.206"/>
</kw>
<kw name="Move Mouse fron people" library="CMSkeyword">
<kw name="Mouse Over" library="SeleniumLibrary">
<arg>${move_mousePeople}</arg>
<doc>Simulates hovering the mouse over the element ``locator``.</doc>
<msg timestamp="20230905 22:41:37.207" level="INFO">Simulating Mouse Over on element '//div[@class='sc-kAyceB eAbRNa']'.</msg>
<status status="PASS" starttime="20230905 22:41:37.207" endtime="20230905 22:41:37.501"/>
</kw>
<status status="PASS" starttime="20230905 22:41:37.207" endtime="20230905 22:41:37.501"/>
</kw>
<kw name="Sleep" library="BuiltIn">
<arg>3seconds</arg>
<doc>Pauses the test executed for the given time.</doc>
<msg timestamp="20230905 22:41:40.502" level="INFO">Slept 3 seconds</msg>
<status status="PASS" starttime="20230905 22:41:37.501" endtime="20230905 22:41:40.502"/>
</kw>
<kw name="Select Search Bar" library="CMSkeyword">
<arg>MaheshNike</arg>
<kw name="Input Text" library="SeleniumLibrary">
<arg>${sel_search}</arg>
<arg>${search}</arg>
<doc>Types the given ``text`` into the text field identified by ``locator``.</doc>
<msg timestamp="20230905 22:41:40.503" level="INFO">Typing text 'MaheshNike' into text field '//input[@placeholder='Search']'.</msg>
<status status="PASS" starttime="20230905 22:41:40.503" endtime="20230905 22:41:40.680"/>
</kw>
<status status="PASS" starttime="20230905 22:41:40.502" endtime="20230905 22:41:40.680"/>
</kw>
<kw name="Sleep" library="BuiltIn">
<arg>5seconds</arg>
<doc>Pauses the test executed for the given time.</doc>
<msg timestamp="20230905 22:41:45.681" level="INFO">Slept 5 seconds</msg>
<status status="PASS" starttime="20230905 22:41:40.680" endtime="20230905 22:41:45.681"/>
</kw>
<kw name="Select Name" library="CMSkeyword">
<kw name="Click Element" library="SeleniumLibrary">
<arg>${sel_name}</arg>
<doc>Click the element identified by ``locator``.</doc>
<msg timestamp="20230905 22:41:45.681" level="INFO">Clicking element '//tbody//tr//td[2]'.</msg>
<status status="PASS" starttime="20230905 22:41:45.681" endtime="20230905 22:41:45.794"/>
</kw>
<status status="PASS" starttime="20230905 22:41:45.681" endtime="20230905 22:41:45.794"/>
</kw>
<kw name="Sleep" library="BuiltIn">
<arg>6seconds</arg>
<doc>Pauses the test executed for the given time.</doc>
<msg timestamp="20230905 22:41:51.795" level="INFO">Slept 6 seconds</msg>
<status status="PASS" starttime="20230905 22:41:45.794" endtime="20230905 22:41:51.795"/>
</kw>
<kw name="Go Back" library="SeleniumLibrary">
<doc>Simulates the user clicking the back button on their browser.</doc>
<status status="PASS" starttime="20230905 22:41:51.795" endtime="20230905 22:41:51.820"/>
</kw>
<kw name="Sleep" library="BuiltIn">
<arg>3seconds</arg>
<doc>Pauses the test executed for the given time.</doc>
<msg timestamp="20230905 22:41:54.820" level="INFO">Slept 3 seconds</msg>
<status status="PASS" starttime="20230905 22:41:51.820" endtime="20230905 22:41:54.820"/>
</kw>
<status status="PASS" starttime="20230905 22:41:23.103" endtime="20230905 22:41:54.820"/>
</test>
<test id="s1-s6-t2" name="Verify Check Box" line="22">
<kw name="Select Search checkbox" library="CMSkeyword">
<arg>1</arg>
<kw name="Select Checkbox" library="SeleniumLibrary">
<arg>${Select_checkbox}</arg>
<doc>Selects the checkbox identified by ``locator``.</doc>
<msg timestamp="20230905 22:41:54.823" level="INFO">Selecting checkbox '//input[@class='checkbox']'.</msg>
<status status="PASS" starttime="20230905 22:41:54.823" endtime="20230905 22:41:54.992"/>
</kw>
<status status="PASS" starttime="20230905 22:41:54.820" endtime="20230905 22:41:54.992"/>
</kw>
<kw name="Sleep" library="BuiltIn">
<arg>5seconds</arg>
<doc>Pauses the test executed for the given time.</doc>
<msg timestamp="20230905 22:42:00.000" level="INFO">Slept 5 seconds</msg>
<status status="PASS" starttime="20230905 22:41:55.000" endtime="20230905 22:42:00.000"/>
</kw>
<kw name="Unselect Checkbox" library="SeleniumLibrary">
<arg>${Select_checkbox}</arg>
<doc>Removes the selection of checkbox identified by ``locator``.</doc>
<msg timestamp="20230905 22:42:00.001" level="INFO">Unselecting checkbox '//input[@class='checkbox']'.</msg>
<status status="PASS" starttime="20230905 22:42:00.000" endtime="20230905 22:42:00.142"/>
</kw>
<kw name="Sleep" library="BuiltIn">
<arg>5seconds</arg>
<doc>Pauses the test executed for the given time.</doc>
<msg timestamp="20230905 22:42:05.142" level="INFO">Slept 5 seconds</msg>
<status status="PASS" starttime="20230905 22:42:00.142" endtime="20230905 22:42:05.142"/>
</kw>
<status status="PASS" starttime="20230905 22:41:54.820" endtime="20230905 22:42:05.143"/>
</test>
<test id="s1-s6-t3" name="Verify Search Box Using CheckBox" line="28">
<kw name="Click on Search Icon" library="CMSkeyword">
<kw name="Click Element" library="SeleniumLibrary">
<arg>${Click_searchicon}</arg>
<doc>Click the element identified by ``locator``.</doc>
<msg timestamp="20230905 22:42:05.146" level="INFO">Clicking element '//img[@alt='FilterImage']'.</msg>
<status status="PASS" starttime="20230905 22:42:05.146" endtime="20230905 22:42:05.233"/>
</kw>
<status status="PASS" starttime="20230905 22:42:05.146" endtime="20230905 22:42:05.233"/>
</kw>
<kw name="Sleep" library="BuiltIn">
<arg>3seconds</arg>
<doc>Pauses the test executed for the given time.</doc>
<msg timestamp="20230905 22:42:08.235" level="INFO">Slept 3 seconds</msg>
<status status="PASS" starttime="20230905 22:42:05.235" endtime="20230905 22:42:08.235"/>
</kw>
<kw name="Select Checkbox" library="SeleniumLibrary">
<arg>Xpath:(//input[@type='checkbox'])[1]</arg>
<doc>Selects the checkbox identified by ``locator``.</doc>
<msg timestamp="20230905 22:42:08.235" level="INFO">Selecting checkbox 'Xpath:(//input[@type='checkbox'])[1]'.</msg>
<status status="PASS" starttime="20230905 22:42:08.235" endtime="20230905 22:42:08.401"/>
</kw>
<kw name="Sleep" library="BuiltIn">
<arg>5seconds</arg>
<doc>Pauses the test executed for the given time.</doc>
<msg timestamp="20230905 22:42:13.401" level="INFO">Slept 5 seconds</msg>
<status status="PASS" starttime="20230905 22:42:08.401" endtime="20230905 22:42:13.401"/>
</kw>
<kw name="Close Search Icon" library="CMSkeyword">
<kw name="Click Element" library="SeleniumLibrary">
<arg>${Click_searchicon}</arg>
<doc>Click the element identified by ``locator``.</doc>
<msg timestamp="20230905 22:42:13.402" level="INFO">Clicking element '//img[@alt='FilterImage']'.</msg>
<status status="PASS" starttime="20230905 22:42:13.402" endtime="20230905 22:42:13.479"/>
</kw>
<status status="PASS" starttime="20230905 22:42:13.401" endtime="20230905 22:42:13.479"/>
</kw>
<kw name="Sleep" library="BuiltIn">
<arg>5seconds</arg>
<doc>Pauses the test executed for the given time.</doc>
<msg timestamp="20230905 22:42:18.480" level="INFO">Slept 5 seconds</msg>
<status status="PASS" starttime="20230905 22:42:13.479" endtime="20230905 22:42:18.480"/>
</kw>
<status status="PASS" starttime="20230905 22:42:05.143" endtime="20230905 22:42:18.480"/>
</test>
<test id="s1-s6-t4" name="Verify Import And Cancel" line="37">
<kw name="Click on Import" library="CMSkeyword">
<kw name="Click Element" library="SeleniumLibrary">
<arg>${sel_import}</arg>
<doc>Click the element identified by ``locator``.</doc>
<msg timestamp="20230905 22:42:18.480" level="INFO">Clicking element '//button[@type='submit']'.</msg>
<status status="PASS" starttime="20230905 22:42:18.480" endtime="20230905 22:42:18.593"/>
</kw>
<status status="PASS" starttime="20230905 22:42:18.480" endtime="20230905 22:42:18.593"/>
</kw>
<kw name="Sleep" library="BuiltIn">
<arg>3seconds</arg>
<doc>Pauses the test executed for the given time.</doc>
<msg timestamp="20230905 22:42:21.593" level="INFO">Slept 3 seconds</msg>
<status status="PASS" starttime="20230905 22:42:18.593" endtime="20230905 22:42:21.593"/>
</kw>
<kw name="Cancle to Upload File" library="CMSkeyword">
<kw name="Click Element" library="SeleniumLibrary">
<arg>${cancel_file}</arg>
<doc>Click the element identified by ``locator``.</doc>
<msg timestamp="20230905 22:42:21.595" level="INFO">Clicking element '//button[@class='fileCancel']'.</msg>
<status status="PASS" starttime="20230905 22:42:21.595" endtime="20230905 22:42:21.682"/>
</kw>
<status status="PASS" starttime="20230905 22:42:21.593" endtime="20230905 22:42:21.684"/>
</kw>
<kw name="Sleep" library="BuiltIn">
<arg>3seconds</arg>
<doc>Pauses the test executed for the given time.</doc>
<msg timestamp="20230905 22:42:24.685" level="INFO">Slept 3 seconds</msg>
<status status="PASS" starttime="20230905 22:42:21.684" endtime="20230905 22:42:24.685"/>
</kw>
<status status="PASS" starttime="20230905 22:42:18.480" endtime="20230905 22:42:24.685"/>
</test>
<test id="s1-s6-t5" name="Verify to Upload .Csv File" line="43">
<kw name="Click on Import" library="CMSkeyword">
<kw name="Click Element" library="SeleniumLibrary">
<arg>${sel_import}</arg>
<doc>Click the element identified by ``locator``.</doc>
<msg timestamp="20230905 22:42:24.690" level="INFO">Clicking element '//button[@type='submit']'.</msg>
<status status="PASS" starttime="20230905 22:42:24.689" endtime="20230905 22:42:24.792"/>
</kw>
<status status="PASS" starttime="20230905 22:42:24.689" endtime="20230905 22:42:24.793"/>
</kw>
<kw name="Sleep" library="BuiltIn">
<arg>3seconds</arg>
<doc>Pauses the test executed for the given time.</doc>
<msg timestamp="20230905 22:42:27.793" level="INFO">Slept 3 seconds</msg>
<status status="PASS" starttime="20230905 22:42:24.793" endtime="20230905 22:42:27.793"/>
</kw>
<kw name="Upload the File" library="CMSkeyword">
<arg>C:\\Users\\User\\PycharmProjects\\TestAutomation\\sample.csv</arg>
<kw name="Choose File" library="SeleniumLibrary">
<arg>${upload_file}</arg>
<arg>${upload}</arg>
<doc>Inputs the ``file_path`` into the file input field ``locator``.</doc>
<msg timestamp="20230905 22:42:27.793" level="INFO">Sending C:\Users\User\PycharmProjects\TestAutomation\sample.csv to browser.</msg>
<status status="PASS" starttime="20230905 22:42:27.793" endtime="20230905 22:42:27.866"/>
</kw>
<status status="PASS" starttime="20230905 22:42:27.793" endtime="20230905 22:42:27.866"/>
</kw>
<kw name="Sleep" library="BuiltIn">
<arg>5seconds</arg>
<doc>Pauses the test executed for the given time.</doc>
<msg timestamp="20230905 22:42:32.866" level="INFO">Slept 5 seconds</msg>
<status status="PASS" starttime="20230905 22:42:27.866" endtime="20230905 22:42:32.866"/>
</kw>
<status status="PASS" starttime="20230905 22:42:24.688" endtime="20230905 22:42:32.866"/>
</test>
<kw name="Close Browser" library="SeleniumLibrary" type="TEARDOWN">
<doc>Closes the current browser.</doc>
<status status="PASS" starttime="20230905 22:42:32.869" endtime="20230905 22:42:34.957"/>
</kw>
<status status="PASS" starttime="20230905 22:41:14.305" endtime="20230905 22:42:34.957"/>
</suite>
<suite id="s1-s7" name="7 Staff Section Verify" source="C:\Users\User\PycharmProjects\TestAutomation\CMS1\7_Staff_Section_Verify.robot">
<kw name="Open My Browser" library="CMSkeyword" type="SETUP">
<kw name="Open Browser" library="SeleniumLibrary">
<arg>${CMSURL}</arg>
<arg>${browser}</arg>
<doc>Opens a new browser instance to the optional ``url``.</doc>
<msg timestamp="20230905 22:42:34.973" level="INFO">Opening browser 'headlesschrome' to base url 'https://cms-staging.oneyou.io/auth/login'.</msg>
<status status="PASS" starttime="20230905 22:42:34.973" endtime="20230905 22:43:07.026"/>
</kw>
<kw name="Maximize Browser Window" library="SeleniumLibrary">
<doc>Maximizes current browser window.</doc>
<status status="PASS" starttime="20230905 22:43:07.026" endtime="20230905 22:43:07.176"/>
</kw>
<kw name="Set Selenium Speed" library="SeleniumLibrary">
<arg>0seconds</arg>
<doc>Sets the delay that is waited after each Selenium command.</doc>
<status status="PASS" starttime="20230905 22:43:07.176" endtime="20230905 22:43:07.176"/>
</kw>
<status status="PASS" starttime="20230905 22:42:34.973" endtime="20230905 22:43:07.176"/>
</kw>
<test id="s1-s7-t1" name="Verify Search Box" line="8">
<kw name="Login the CMS" library="CMSkeyword">
<kw name="Sleep" library="BuiltIn">
<arg>3seconds</arg>
<doc>Pauses the test executed for the given time.</doc>
<msg timestamp="20230905 22:43:10.176" level="INFO">Slept 3 seconds</msg>
<status status="PASS" starttime="20230905 22:43:07.176" endtime="20230905 22:43:10.176"/>
</kw>
<kw name="Enter Email" library="CMSkeyword">
<arg>mahesh.j+nike@amazatic.com</arg>
<kw name="Input Text" library="SeleniumLibrary">
<arg>${txt_Username}</arg>
<arg>${email}</arg>
<doc>Types the given ``text`` into the text field identified by ``locator``.</doc>
<msg timestamp="20230905 22:43:10.176" level="INFO">Typing text 'mahesh.j+nike@amazatic.com' into text field 'name:email'.</msg>
<status status="PASS" starttime="20230905 22:43:10.176" endtime="20230905 22:43:10.493"/>
</kw>
<status status="PASS" starttime="20230905 22:43:10.176" endtime="20230905 22:43:10.493"/>
</kw>
<kw name="Enter Password" library="CMSkeyword">
<arg>1</arg>
<kw name="Input Text" library="SeleniumLibrary">
<arg>${txt_password}</arg>
<arg>${password}</arg>
<doc>Types the given ``text`` into the text field identified by ``locator``.</doc>
<msg timestamp="20230905 22:43:10.501" level="INFO">Typing text '1' into text field 'name:password'.</msg>
<status status="PASS" starttime="20230905 22:43:10.493" endtime="20230905 22:43:10.683"/>
</kw>
<status status="PASS" starttime="20230905 22:43:10.493" endtime="20230905 22:43:10.683"/>
</kw>
<kw name="Click on Sign Button" library="CMSkeyword">
<kw name="Click Button" library="SeleniumLibrary">
<arg>${submit_button}</arg>
<doc>Clicks the button identified by ``locator``.</doc>
<msg timestamp="20230905 22:43:10.683" level="INFO">Clicking button 'xpath://button[@type='submit']'.</msg>
<status status="PASS" starttime="20230905 22:43:10.683" endtime="20230905 22:43:10.862"/>
</kw>
<status status="PASS" starttime="20230905 22:43:10.683" endtime="20230905 22:43:10.862"/>
</kw>
<kw name="Sleep" library="BuiltIn">
<arg>5seconds</arg>
<doc>Pauses the test executed for the given time.</doc>
<msg timestamp="20230905 22:43:15.863" level="INFO">Slept 5 seconds</msg>
<status status="PASS" starttime="20230905 22:43:10.862" endtime="20230905 22:43:15.863"/>
</kw>
<kw name="Dashboard page should be visible" library="CMSkeyword">
<kw name="Page Should Contain" library="SeleniumLibrary">
<arg>Dashboard</arg>
<doc>Verifies that current page contains ``text``.</doc>
<msg timestamp="20230905 22:43:15.891" level="INFO">Current page contains text 'Dashboard'.</msg>
<status status="PASS" starttime="20230905 22:43:15.863" endtime="20230905 22:43:15.891"/>
</kw>
<status status="PASS" starttime="20230905 22:43:15.863" endtime="20230905 22:43:15.891"/>
</kw>
<kw name="Sleep" library="BuiltIn">
<arg>1seconds</arg>
<doc>Pauses the test executed for the given time.</doc>
<msg timestamp="20230905 22:43:16.891" level="INFO">Slept 1 second</msg>
<status status="PASS" starttime="20230905 22:43:15.891" endtime="20230905 22:43:16.891"/>
</kw>
<kw name="Hover on logout section" library="CMSkeyword">
<kw name="Mouse Over" library="SeleniumLibrary">
<arg>${hover_logoout}</arg>
<doc>Simulates hovering the mouse over the element ``locator``.</doc>
<msg timestamp="20230905 22:43:16.891" level="INFO">Simulating Mouse Over on element 'xpath://div[@class='sc-ihgnxF knIImG']'.</msg>
<status status="PASS" starttime="20230905 22:43:16.891" endtime="20230905 22:43:17.195"/>
</kw>
<status status="PASS" starttime="20230905 22:43:16.891" endtime="20230905 22:43:17.195"/>
</kw>
<kw name="Sleep" library="BuiltIn">
<arg>1seconds</arg>
<doc>Pauses the test executed for the given time.</doc>
<msg timestamp="20230905 22:43:18.196" level="INFO">Slept 1 second</msg>
<status status="PASS" starttime="20230905 22:43:17.195" endtime="20230905 22:43:18.196"/>
</kw>
<status status="PASS" starttime="20230905 22:43:07.176" endtime="20230905 22:43:18.196"/>
</kw>
[...]
<msg timestamp="20230905 22:44:54.378" level="INFO">Slept 3 seconds</msg>
<status status="PASS" starttime="20230905 22:44:51.377" endtime="20230905 22:44:54.378"/>
</kw>
<kw name="Select Search Bar" library="CMSkeyword">
<arg>NikeStaff</arg>
<kw name="Input Text" library="SeleniumLibrary">
<arg>${sel_search}</arg>
<arg>${search}</arg>
<doc>Types the given ``text`` into the text field identified by ``locator``.</doc>
<msg timestamp="20230905 22:44:54.379" level="INFO">Typing text 'NikeStaff' into text field '//input[@placeholder='Search']'.</msg>
<status status="PASS" starttime="20230905 22:44:54.379" endtime="20230905 22:44:54.557"/>
</kw>
<status status="PASS" starttime="20230905 22:44:54.379" endtime="20230905 22:44:54.565"/>
</kw>
<kw name="Sleep" library="BuiltIn">
<arg>5seconds</arg>
<doc>Pauses the test executed for the given time.</doc>
<msg timestamp="20230905 22:44:59.565" level="INFO">Slept 5 seconds</msg>
<status status="PASS" starttime="20230905 22:44:54.565" endtime="20230905 22:44:59.565"/>
</kw>
<kw name="Clear Search Box" library="CMSkeyword">
<kw name="Clear Element Text" library="SeleniumLibrary">
<arg>${sel_search}</arg>
<doc>Clears the value of the text-input-element identified by ``locator``.</doc>
<status status="PASS" starttime="20230905 22:44:59.565" endtime="20230905 22:44:59.639"/>
</kw>
<status status="PASS" starttime="20230905 22:44:59.565" endtime="20230905 22:44:59.639"/>
</kw>
<kw name="Sleep" library="BuiltIn">
<arg>5seconds</arg>
<doc>Pauses the test executed for the given time.</doc>
<msg timestamp="20230905 22:45:04.640" level="INFO">Slept 5 seconds</msg>
<status status="PASS" starttime="20230905 22:44:59.639" endtime="20230905 22:45:04.640"/>
</kw>
<status status="PASS" starttime="20230905 22:44:35.847" endtime="20230905 22:45:04.640"/>
</test>
<test id="s1-s8-t2" name="Verfiy Dropdown Select Report Days" line="30">
<kw name="Graph title is" library="CMSkeyword">
<arg>APP USAGE FREQUENCY</arg>
<kw name="Element Should Contain" library="SeleniumLibrary">
<arg>${ele_auf}</arg>
<arg>${titleAUF}</arg>
<doc>Verifies that element ``locator`` contains text ``expected``.</doc>
<msg timestamp="20230905 22:45:04.680" level="INFO">Element '//h3[normalize-space()='App Usage Frequency']' contains text 'APP USAGE FREQUENCY'.</msg>
<status status="PASS" starttime="20230905 22:45:04.640" endtime="20230905 22:45:04.680"/>
</kw>
<status status="PASS" starttime="20230905 22:45:04.640" endtime="20230905 22:45:04.680"/>
</kw>
<kw name="Select Days" library="CMSkeyword">
<arg>Past 6 Weeks</arg>
<kw name="Select From List By Label" library="SeleniumLibrary">
<arg>${Dropdown_report}</arg>
<arg>${Dropreport}</arg>
<doc>Selects options from selection list ``locator`` by ``labels``.</doc>
<msg timestamp="20230905 22:45:04.687" level="INFO">Selecting options from selection list '//div[@class='col-sm-12 col-md-6 col-lg-6 dropDownDiv']//select[@id='days']' by label Past 6 Weeks.</msg>
<status status="PASS" starttime="20230905 22:45:04.687" endtime="20230905 22:45:04.849"/>
</kw>
<status status="PASS" starttime="20230905 22:45:04.687" endtime="20230905 22:45:04.849"/>
</kw>
<kw name="Sleep" library="BuiltIn">
<arg>5seconds</arg>
<doc>Pauses the test executed for the given time.</doc>
<msg timestamp="20230905 22:45:09.856" level="INFO">Slept 5 seconds</msg>
<status status="PASS" starttime="20230905 22:45:04.855" endtime="20230905 22:45:09.856"/>
</kw>
<status status="PASS" starttime="20230905 22:45:04.640" endtime="20230905 22:45:09.856"/>
</test>
<test id="s1-s8-t3" name="Verfiy Number Of Users" line="35">
<kw name="Piechart title is" library="CMSkeyword">
<arg>NUMBER OF USERS</arg>
<kw name="Element Should Contain" library="SeleniumLibrary">
<arg>${ele_piechart}</arg>
<arg>${piechart}</arg>
<doc>Verifies that element ``locator`` contains text ``expected``.</doc>
<msg timestamp="20230905 22:45:09.898" level="INFO">Element '//h3[normalize-space()='Number of Users']' contains text 'NUMBER OF USERS'.</msg>
<status status="PASS" starttime="20230905 22:45:09.858" endtime="20230905 22:45:09.898"/>
</kw>
<status status="PASS" starttime="20230905 22:45:09.858" endtime="20230905 22:45:09.898"/>
</kw>
<kw name="MouseOver on Number Of Users" library="CMSkeyword">
<kw name="Mouse Over" library="SeleniumLibrary">
<arg>${mouseover_noofuser}</arg>
<doc>Simulates hovering the mouse over the element ``locator``.</doc>
<msg timestamp="20230905 22:45:09.898" level="INFO">Simulating Mouse Over on element '//canvas[@class='doughnut']'.</msg>
<status status="PASS" starttime="20230905 22:45:09.898" endtime="20230905 22:45:10.206"/>
</kw>
<status status="PASS" starttime="20230905 22:45:09.898" endtime="20230905 22:45:10.206"/>
</kw>
<kw name="Sleep" library="BuiltIn">
<arg>6seconds</arg>
<doc>Pauses the test executed for the given time.</doc>
<msg timestamp="20230905 22:45:16.207" level="INFO">Slept 6 seconds</msg>
<status status="PASS" starttime="20230905 22:45:10.206" endtime="20230905 22:45:16.207"/>
</kw>
<status status="PASS" starttime="20230905 22:45:09.856" endtime="20230905 22:45:16.207"/>
</test>
<test id="s1-s8-t4" name="Verify Performance Metrics" line="40">
<kw name="Execute Javascript" library="SeleniumLibrary">
<arg>window.scrollTo(0, document.body.scrollHeight)</arg>
<doc>Executes the given JavaScript code with possible arguments.</doc>
<msg timestamp="20230905 22:45:16.211" level="INFO">Executing JavaScript:
window.scrollTo(0, document.body.scrollHeight)
Without any arguments.</msg>
<status status="PASS" starttime="20230905 22:45:16.209" endtime="20230905 22:45:16.226"/>
</kw>
<kw name="Sleep" library="BuiltIn">
<arg>5seconds</arg>
<doc>Pauses the test executed for the given time.</doc>
<msg timestamp="20230905 22:45:21.226" level="INFO">Slept 5 seconds</msg>
<status status="PASS" starttime="20230905 22:45:16.226" endtime="20230905 22:45:21.226"/>
</kw>
<kw name="Table title is" library="CMSkeyword">
<arg>PERFORMANCE METRICS</arg>
<kw name="Element Should Contain" library="SeleniumLibrary">
<arg>${ele_tabletitle}</arg>
<arg>${tabletitle}</arg>
<doc>Verifies that element ``locator`` contains text ``expected``.</doc>
<msg timestamp="20230905 22:45:21.270" level="INFO">Element '//h3[@class='report-text']' contains text 'PERFORMANCE METRICS'.</msg>
<status status="PASS" starttime="20230905 22:45:21.226" endtime="20230905 22:45:21.270"/>
</kw>
<status status="PASS" starttime="20230905 22:45:21.226" endtime="20230905 22:45:21.270"/>
</kw>
<kw name="Select View" library="CMSkeyword">
<arg>Individual View</arg>
<kw name="Select From List By Label" library="SeleniumLibrary">
<arg>${Sel_per_metrics}</arg>
<arg>${view}</arg>
<doc>Selects options from selection list ``locator`` by ``labels``.</doc>
<msg timestamp="20230905 22:45:21.270" level="INFO">Selecting options from selection list '//div[@class='col-lg-2 mt-1 mb-1']//select[@id='days']' by label Individual View.</msg>
<status status="PASS" starttime="20230905 22:45:21.270" endtime="20230905 22:45:21.407"/>
</kw>
<status status="PASS" starttime="20230905 22:45:21.270" endtime="20230905 22:45:21.407"/>
</kw>
<kw name="Sleep" library="BuiltIn">
<arg>3seconds</arg>
<doc>Pauses the test executed for the given time.</doc>
<msg timestamp="20230905 22:45:24.407" level="INFO">Slept 3 seconds</msg>
<status status="PASS" starttime="20230905 22:45:21.407" endtime="20230905 22:45:24.407"/>
</kw>
<status status="PASS" starttime="20230905 22:45:16.207" endtime="20230905 22:45:24.407"/>
</test>
<kw name="Close Browser" library="SeleniumLibrary" type="TEARDOWN">
<doc>Closes the current browser.</doc>
<status status="PASS" starttime="20230905 22:45:24.410" endtime="20230905 22:45:26.502"/>
</kw>
<status status="PASS" starttime="20230905 22:44:05.370" endtime="20230905 22:45:26.502"/>
</suite>
<suite id="s1-s9" name="Reset Password" source="C:\Users\User\PycharmProjects\TestAutomation\CMS1\Reset_Password.robot">
<test id="s1-s9-t1" name="Verify Reset Password" line="10">
<kw name="Open My Browser" library="CMSkeyword" type="SETUP">
<kw name="Open Browser" library="SeleniumLibrary">
<arg>${CMSURL}</arg>
<arg>${browser}</arg>
<doc>Opens a new browser instance to the optional ``url``.</doc>
<msg timestamp="20230905 22:45:26.583" level="INFO">Opening browser 'headlesschrome' to base url 'https://cms-staging.oneyou.io/auth/login'.</msg>
<status status="PASS" starttime="20230905 22:45:26.583" endtime="20230905 22:45:48.827"/>
</kw>
<kw name="Maximize Browser Window" library="SeleniumLibrary">
<doc>Maximizes current browser window.</doc>
<status status="PASS" starttime="20230905 22:45:48.827" endtime="20230905 22:45:48.982"/>
</kw>
<kw name="Set Selenium Speed" library="SeleniumLibrary">
<arg>0seconds</arg>
<doc>Sets the delay that is waited after each Selenium command.</doc>
<status status="PASS" starttime="20230905 22:45:48.982" endtime="20230905 22:45:48.982"/>
</kw>
<status status="PASS" starttime="20230905 22:45:26.583" endtime="20230905 22:45:48.982"/>
</kw>
<kw name="ResetPassword">
<arg>1234567</arg>
<arg>1234567</arg>
<kw name="Sleep" library="BuiltIn">
<arg>3seconds</arg>
<doc>Pauses the test executed for the given time.</doc>
<msg timestamp="20230905 22:45:51.982" level="INFO">Slept 3 seconds</msg>
<status status="PASS" starttime="20230905 22:45:48.982" endtime="20230905 22:45:51.982"/>
</kw>
<kw name="Page Should Contain" library="SeleniumLibrary">
<arg>Forgot Password</arg>
<doc>Verifies that current page contains ``text``.</doc>
<msg timestamp="20230905 22:45:52.227" level="INFO" html="true">&lt;/td&gt;&lt;/tr&gt;&lt;tr&gt;&lt;td colspan="3"&gt;&lt;a href="selenium-screenshot-4.png"&gt;&lt;img src="selenium-screenshot-4.png" width="800px"&gt;&lt;/a&gt;</msg>
<msg timestamp="20230905 22:45:52.227" level="FAIL">Page should have contained text 'Forgot Password' but did not.</msg>
<status status="FAIL" starttime="20230905 22:45:51.982" endtime="20230905 22:45:52.227"/>
</kw>
<kw name="Enter New Password" library="CMSkeyword">
<arg>${new-password}</arg>
<status status="NOT RUN" starttime="20230905 22:45:52.227" endtime="20230905 22:45:52.227"/>
</kw>
<kw name="Enter Confirm Password" library="CMSkeyword">
<arg>${Confirm-password}</arg>
<status status="NOT RUN" starttime="20230905 22:45:52.227" endtime="20230905 22:45:52.227"/>
</kw>
<kw name="Sleep" library="BuiltIn">
<arg>3seconds</arg>
<doc>Pauses the test executed for the given time.</doc>
<status status="NOT RUN" starttime="20230905 22:45:52.227" endtime="20230905 22:45:52.227"/>
</kw>
<kw name="Confirm Password" library="CMSkeyword">
<status status="NOT RUN" starttime="20230905 22:45:52.227" endtime="20230905 22:45:52.227"/>
</kw>
<kw name="Sleep" library="BuiltIn">
<arg>3seconds</arg>
<doc>Pauses the test executed for the given time.</doc>
<status status="NOT RUN" starttime="20230905 22:45:52.227" endtime="20230905 22:45:52.227"/>
</kw>
<status status="FAIL" starttime="20230905 22:45:48.982" endtime="20230905 22:45:52.227"/>
</kw>
<kw name="Close Browserer" type="TEARDOWN">
<msg timestamp="20230905 22:45:52.234" level="FAIL">No keyword with name 'Close Browserer' found. Did you mean:
    SeleniumLibrary.Close Browser</msg>
<status status="FAIL" starttime="20230905 22:45:52.234" endtime="20230905 22:45:52.234">No keyword with name 'Close Browserer' found. Did you mean:
    SeleniumLibrary.Close Browser</status>
</kw>
<status status="FAIL" starttime="20230905 22:45:26.575" endtime="20230905 22:45:52.234">Page should have contained text 'Forgot Password' but did not.

Also teardown failed:
No keyword with name 'Close Browserer' found. Did you mean:
    SeleniumLibrary.Close Browser</status>
</test>
<status status="FAIL" starttime="20230905 22:45:26.502" endtime="20230905 22:45:52.234"/>
</suite>
<suite id="s1-s10" name="ResetPassword1 Verify Old Link" source="C:\Users\User\PycharmProjects\TestAutomation\CMS1\ResetPassword1_Verify_Old_Link.robot">
<test id="s1-s10-t1" name="Verify Reset Password Using old link" line="10">
<kw name="Open Browser for Reset Password" library="CMSkeyword" type="SETUP">
<kw name="Open Browser" library="SeleniumLibrary">
<arg>${reserpassword}</arg>
<arg>${browser}</arg>
<doc>Opens a new browser instance to the optional ``url``.</doc>
<msg timestamp="20230905 22:45:52.307" level="INFO">Opening browser 'headlesschrome' to base url 'https://cms-staging.oneyou.io/auth/reset-password?code=gAAAAABk8b_qZNlSSChX_-bf9Y9Y9gTQLri-X0ZZUeiU-4iwJTPBzEanbmm9seQWl1rFTzdqaTHY1-Uh1Dzi8a2D6ARA4jRL7I1kmMmZFkmwdXzQ7iDUEVnzNn6QS97NrrU_tS4-VknUkEs9E157mFWa3qEgKsmMIQVJThXw-oSdpw5KyTSDlKFha60II-pofwsOUJGchpps-m0FNIJmWCq-AkzVCNyONvjWd7W8qZwjI129gEiK_bgnuZfOhajaRqxwqbnS0jR3'.</msg>
<status status="PASS" starttime="20230905 22:45:52.307" endtime="20230905 22:46:03.652"/>
</kw>
<kw name="Maximize Browser Window" library="SeleniumLibrary">
<doc>Maximizes current browser window.</doc>
<status status="PASS" starttime="20230905 22:46:03.652" endtime="20230905 22:46:03.768"/>
</kw>
<status status="PASS" starttime="20230905 22:45:52.307" endtime="20230905 22:46:03.768"/>
</kw>
<kw name="Reset Password old link">
<kw name="Sleep" library="BuiltIn">
<arg>5seconds</arg>
<doc>Pauses the test executed for the given time.</doc>
<msg timestamp="20230905 22:46:08.768" level="INFO">Slept 5 seconds</msg>
<status status="PASS" starttime="20230905 22:46:03.768" endtime="20230905 22:46:08.768"/>
</kw>
<kw name="Page Should Contain" library="SeleniumLibrary">
<arg>This link is Expired!</arg>
<doc>Verifies that current page contains ``text``.</doc>
<msg timestamp="20230905 22:46:08.791" level="INFO">Current page contains text 'This link is Expired!'.</msg>
<status status="PASS" starttime="20230905 22:46:08.768" endtime="20230905 22:46:08.791"/>
</kw>
<status status="PASS" starttime="20230905 22:46:03.768" endtime="20230905 22:46:08.791"/>
</kw>
<kw name="Close Browser" library="SeleniumLibrary" type="TEARDOWN">
<doc>Closes the current browser.</doc>
<status status="PASS" starttime="20230905 22:46:08.791" endtime="20230905 22:46:10.886"/>
</kw>
<status status="PASS" starttime="20230905 22:45:52.299" endtime="20230905 22:46:10.886"/>
</test>
<status status="PASS" starttime="20230905 22:45:52.241" endtime="20230905 22:46:10.886"/>
</suite>
<suite id="s1-s11" name="ResetPassword Verify Different Password" source="C:\Users\User\PycharmProjects\TestAutomation\CMS1\ResetPassword_Verify_Different_Password.robot">
<kw name="Open Browser for Reset Password" library="CMSkeyword" type="SETUP">
<kw name="Open Browser" library="SeleniumLibrary">
<arg>${reserpassword}</arg>
<arg>${browser}</arg>
<doc>Opens a new browser instance to the optional ``url``.</doc>
<msg timestamp="20230905 22:46:10.960" level="INFO">Opening browser 'headlesschrome' to base url 'https://cms-staging.oneyou.io/auth/reset-password?code=gAAAAABk8b_qZNlSSChX_-bf9Y9Y9gTQLri-X0ZZUeiU-4iwJTPBzEanbmm9seQWl1rFTzdqaTHY1-Uh1Dzi8a2D6ARA4jRL7I1kmMmZFkmwdXzQ7iDUEVnzNn6QS97NrrU_tS4-VknUkEs9E157mFWa3qEgKsmMIQVJThXw-oSdpw5KyTSDlKFha60II-pofwsOUJGchpps-m0FNIJmWCq-AkzVCNyONvjWd7W8qZwjI129gEiK_bgnuZfOhajaRqxwqbnS0jR3'.</msg>
<status status="PASS" starttime="20230905 22:46:10.960" endtime="20230905 22:46:21.671"/>
</kw>
<kw name="Maximize Browser Window" library="SeleniumLibrary">
<doc>Maximizes current browser window.</doc>
<status status="PASS" starttime="20230905 22:46:21.671" endtime="20230905 22:46:21.795"/>
</kw>
<status status="PASS" starttime="20230905 22:46:10.960" endtime="20230905 22:46:21.795"/>
</kw>
<test id="s1-s11-t1" name="Verify Reset Password Using Different Password" line="10">
<kw name="Reset Password Using Different Password">
<arg>1234567</arg>
<arg>12345678</arg>
<kw name="Sleep" library="BuiltIn">
<arg>3seconds</arg>
<doc>Pauses the test executed for the given time.</doc>
<msg timestamp="20230905 22:46:24.803" level="INFO">Slept 3 seconds</msg>
<status status="PASS" starttime="20230905 22:46:21.802" endtime="20230905 22:46:24.803"/>
</kw>
<kw name="Page Should Contain" library="SeleniumLibrary">
<arg>Forgot Password</arg>
<doc>Verifies that current page contains ``text``.</doc>
<msg timestamp="20230905 22:46:24.966" level="INFO" html="true">&lt;/td&gt;&lt;/tr&gt;&lt;tr&gt;&lt;td colspan="3"&gt;&lt;a href="selenium-screenshot-5.png"&gt;&lt;img src="selenium-screenshot-5.png" width="800px"&gt;&lt;/a&gt;</msg>
<msg timestamp="20230905 22:46:24.966" level="FAIL">Page should have contained text 'Forgot Password' but did not.</msg>
<status status="FAIL" starttime="20230905 22:46:24.803" endtime="20230905 22:46:24.966"/>
</kw>
<kw name="Enter New Password" library="CMSkeyword">
<arg>${new-password}</arg>
<status status="NOT RUN" starttime="20230905 22:46:24.966" endtime="20230905 22:46:24.966"/>
</kw>
<kw name="Enter Confirm Password" library="CMSkeyword">
<arg>${Confirm-password}</arg>
<status status="NOT RUN" starttime="20230905 22:46:24.966" endtime="20230905 22:46:24.966"/>
</kw>
<kw name="Sleep" library="BuiltIn">
<arg>3seconds</arg>
<doc>Pauses the test executed for the given time.</doc>
<status status="NOT RUN" starttime="20230905 22:46:24.966" endtime="20230905 22:46:24.966"/>
</kw>
<kw name="Confirm Password" library="CMSkeyword">
<status status="NOT RUN" starttime="20230905 22:46:24.966" endtime="20230905 22:46:24.966"/>
</kw>
<kw name="Sleep" library="BuiltIn">
<arg>3seconds</arg>
<doc>Pauses the test executed for the given time.</doc>
<status status="NOT RUN" starttime="20230905 22:46:24.968" endtime="20230905 22:46:24.968"/>
</kw>
<status status="FAIL" starttime="20230905 22:46:21.802" endtime="20230905 22:46:24.968"/>
</kw>
<status status="FAIL" starttime="20230905 22:46:21.795" endtime="20230905 22:46:24.968">Page should have contained text 'Forgot Password' but did not.</status>
</test>
<kw name="Close Browser" library="SeleniumLibrary" type="TEARDOWN">
<doc>Closes the current browser.</doc>
<status status="PASS" starttime="20230905 22:46:24.968" endtime="20230905 22:46:27.051"/>
</kw>
<status status="FAIL" starttime="20230905 22:46:10.886" endtime="20230905 22:46:27.051"/>
</suite>
<status status="FAIL" starttime="20230905 22:35:11.130" endtime="20230905 22:46:27.051"/>
</suite>
<statistics>
<total>
<stat pass="25" fail="5" skip="0">All Tests</stat>
</total>
<tag>
</tag>
<suite>
<stat pass="25" fail="5" skip="0" id="s1" name="CMS1">CMS1</stat>
<stat pass="2" fail="0" skip="0" id="s1-s1" name="1 Verify Login">CMS1.1 Verify Login</stat>
<stat pass="4" fail="0" skip="0" id="s1-s2" name="2 Login Test Invalid Input">CMS1.2 Login Test Invalid Input</stat>
<stat pass="1" fail="0" skip="0" id="s1-s3" name="3 Logout Test">CMS1.3 Logout Test</stat>
<stat pass="3" fail="0" skip="0" id="s1-s4" name="4 Verify Forgot Password">CMS1.4 Verify Forgot Password</stat>
<stat pass="2" fail="2" skip="0" id="s1-s5" name="5 Dashboard Section Verify">CMS1.5 Dashboard Section Verify</stat>
<stat pass="5" fail="0" skip="0" id="s1-s6" name="6 People Section Verify">CMS1.6 People Section Verify</stat>
<stat pass="3" fail="1" skip="0" id="s1-s7" name="7 Staff Section Verify">CMS1.7 Staff Section Verify</stat>
<stat pass="4" fail="0" skip="0" id="s1-s8" name="8 Report Section Verify">CMS1.8 Report Section Verify</stat>
<stat pass="0" fail="1" skip="0" id="s1-s9" name="Reset Password">CMS1.Reset Password</stat>
<stat pass="1" fail="0" skip="0" id="s1-s10" name="ResetPassword1 Verify Old Link">CMS1.ResetPassword1 Verify Old Link</stat>
<stat pass="0" fail="1" skip="0" id="s1-s11" name="ResetPassword Verify Different Password">CMS1.ResetPassword Verify Different Password</stat>
</suite>
</statistics>
<errors>
<msg timestamp="20230905 22:36:32.033" level="WARN">Multiple tests with name 'Invalid Input Login Test' executed in suite 'CMS1.2 Login Test Invalid Input'.</msg>
<msg timestamp="20230905 22:37:08.603" level="WARN">Multiple tests with name 'Invalid Input Login Test' executed in suite 'CMS1.2 Login Test Invalid Input'.</msg>
<msg timestamp="20230905 22:37:32.197" level="WARN">Multiple tests with name 'Invalid Input Login Test' executed in suite 'CMS1.2 Login Test Invalid Input'.</msg>
</errors>
</robot>
