<?xml version="1.0" encoding="UTF-8"?>
<robot generator="Robot 6.1.1 (Python 3.11.4 on win32)" generated="20230905 15:26:25.451" rpa="false" schemaversion="4">
<suite id="s1" name="Suites">
<suite id="s1-s1" name="People4 Verify SearchBox" source="C:\Users\User\PycharmProjects\TestAutomation\CMS1\People4_Verify_SearchBox.robot">
<test id="s1-s1-t1" name="Verify Search Box" line="10">
<kw name="Open My Browser" library="CMSkeyword" type="SETUP">
<kw name="Open Browser" library="SeleniumLibrary">
<arg>${CMSURL}</arg>
<arg>${browser}</arg>
<doc>Opens a new browser instance to the optional ``url``.</doc>
<msg timestamp="20230905 15:26:26.440" level="INFO">Opening browser 'headlesschrome' to base url 'https://cms-staging.oneyou.io/auth/login'.</msg>
<status status="PASS" starttime="20230905 15:26:26.440" endtime="20230905 15:26:51.268"/>
</kw>
<kw name="Maximize Browser Window" library="SeleniumLibrary">
<doc>Maximizes current browser window.</doc>
<status status="PASS" starttime="20230905 15:26:51.268" endtime="20230905 15:26:51.412"/>
</kw>
<kw name="Set Selenium Speed" library="SeleniumLibrary">
<arg>0seconds</arg>
<doc>Sets the delay that is waited after each Selenium command.</doc>
<status status="PASS" starttime="20230905 15:26:51.412" endtime="20230905 15:26:51.412"/>
</kw>
<status status="PASS" starttime="20230905 15:26:26.440" endtime="20230905 15:26:51.412"/>
</kw>
<kw name="People SearchBox">
<arg>mahesh.j+nike@amazatic.com</arg>
<arg>1</arg>
<kw name="Sleep" library="BuiltIn">
<arg>3seconds</arg>
<doc>Pauses the test executed for the given time.</doc>
<msg timestamp="20230905 15:26:54.415" level="INFO">Slept 3 seconds</msg>
<status status="PASS" starttime="20230905 15:26:51.415" endtime="20230905 15:26:54.415"/>
</kw>
<kw name="Enter Email" library="CMSkeyword">
<arg>${email}</arg>
<kw name="Input Text" library="SeleniumLibrary">
<arg>${txt_Username}</arg>
<arg>${email}</arg>
<doc>Types the given ``text`` into the text field identified by ``locator``.</doc>
<msg timestamp="20230905 15:26:54.418" level="INFO">Typing text 'mahesh.j+nike@amazatic.com' into text field 'name:email'.</msg>
<status status="PASS" starttime="20230905 15:26:54.416" endtime="20230905 15:26:54.827"/>
</kw>
<status status="PASS" starttime="20230905 15:26:54.415" endtime="20230905 15:26:54.827"/>
</kw>
<kw name="Enter Password" library="CMSkeyword">
<arg>${password}</arg>
<kw name="Input Text" library="SeleniumLibrary">
<arg>${txt_password}</arg>
<arg>${password}</arg>
<doc>Types the given ``text`` into the text field identified by ``locator``.</doc>
<msg timestamp="20230905 15:26:54.832" level="INFO">Typing text '1' into text field 'name:password'.</msg>
<status status="PASS" starttime="20230905 15:26:54.831" endtime="20230905 15:26:55.042"/>
</kw>
<status status="PASS" starttime="20230905 15:26:54.829" endtime="20230905 15:26:55.042"/>
</kw>
<kw name="Click on Sign Button" library="CMSkeyword">
<kw name="Click Button" library="SeleniumLibrary">
<arg>${submit_button}</arg>
<doc>Clicks the button identified by ``locator``.</doc>
<msg timestamp="20230905 15:26:55.045" level="INFO">Clicking button 'xpath://button[@type='submit']'.</msg>
<status status="PASS" starttime="20230905 15:26:55.045" endtime="20230905 15:26:55.258"/>
</kw>
<status status="PASS" starttime="20230905 15:26:55.042" endtime="20230905 15:26:55.259"/>
</kw>
<kw name="Sleep" library="BuiltIn">
<arg>5seconds</arg>
<doc>Pauses the test executed for the given time.</doc>
<msg timestamp="20230905 15:27:00.260" level="INFO">Slept 5 seconds</msg>
<status status="PASS" starttime="20230905 15:26:55.259" endtime="20230905 15:27:00.260"/>
</kw>
<kw name="Dashboard page should be visible" library="CMSkeyword">
<kw name="Page Should Contain" library="SeleniumLibrary">
<arg>Dashboard</arg>
<doc>Verifies that current page contains ``text``.</doc>
<msg timestamp="20230905 15:27:00.291" level="INFO">Current page contains text 'Dashboard'.</msg>
<status status="PASS" starttime="20230905 15:27:00.260" endtime="20230905 15:27:00.291"/>
</kw>
<status status="PASS" starttime="20230905 15:27:00.260" endtime="20230905 15:27:00.297"/>
</kw>
<kw name="Sleep" library="BuiltIn">
<arg>1seconds</arg>
<doc>Pauses the test executed for the given time.</doc>
<msg timestamp="20230905 15:27:01.299" level="INFO">Slept 1 second</msg>
<status status="PASS" starttime="20230905 15:27:00.297" endtime="20230905 15:27:01.299"/>
</kw>
<kw name="Hover on logout section" library="CMSkeyword">
<kw name="Mouse Over" library="SeleniumLibrary">
<arg>${hover_logoout}</arg>
<doc>Simulates hovering the mouse over the element ``locator``.</doc>
<msg timestamp="20230905 15:27:01.301" level="INFO">Simulating Mouse Over on element 'xpath://div[@class='sc-ihgnxF knIImG']'.</msg>
<status status="PASS" starttime="20230905 15:27:01.301" endtime="20230905 15:27:01.639"/>
</kw>
<status status="PASS" starttime="20230905 15:27:01.299" endtime="20230905 15:27:01.640"/>
</kw>
<kw name="Sleep" library="BuiltIn">
<arg>3seconds</arg>
<doc>Pauses the test executed for the given time.</doc>
<msg timestamp="20230905 15:27:04.640" level="INFO">Slept 3 seconds</msg>
<status status="PASS" starttime="20230905 15:27:01.640" endtime="20230905 15:27:04.640"/>
</kw>
<kw name="Click on People section" library="CMSkeyword">
<kw name="Click Element" library="SeleniumLibrary">
<arg>${Sel_peoplesection}</arg>
<doc>Click the element identified by ``locator``.</doc>
<msg timestamp="20230905 15:27:04.642" level="INFO">Clicking element '//a[@href='/people']'.</msg>
<status status="PASS" starttime="20230905 15:27:04.642" endtime="20230905 15:27:04.769"/>
</kw>
<status status="PASS" starttime="20230905 15:27:04.640" endtime="20230905 15:27:04.769"/>
</kw>
<kw name="Sleep" library="BuiltIn">
<arg>3seconds</arg>
<doc>Pauses the test executed for the given time.</doc>
<msg timestamp="20230905 15:27:07.771" level="INFO">Slept 3 seconds</msg>
<status status="PASS" starttime="20230905 15:27:04.769" endtime="20230905 15:27:07.771"/>
</kw>
<kw name="Move Mouse fron people" library="CMSkeyword">
<kw name="Mouse Over" library="SeleniumLibrary">
<arg>${move_mousePeople}</arg>
<doc>Simulates hovering the mouse over the element ``locator``.</doc>
<msg timestamp="20230905 15:27:07.776" level="INFO">Simulating Mouse Over on element '//div[@class='sc-kAyceB eAbRNa']'.</msg>
<status status="PASS" starttime="20230905 15:27:07.774" endtime="20230905 15:27:08.082"/>
</kw>
<status status="PASS" starttime="20230905 15:27:07.771" endtime="20230905 15:27:08.082"/>
</kw>
<kw name="Sleep" library="BuiltIn">
<arg>3seconds</arg>
<doc>Pauses the test executed for the given time.</doc>
<msg timestamp="20230905 15:27:11.086" level="INFO">Slept 3 seconds</msg>
<status status="PASS" starttime="20230905 15:27:08.082" endtime="20230905 15:27:11.086"/>
</kw>
<kw name="Select Search Bar" library="CMSkeyword">
<arg>MaheshNike</arg>
<kw name="Input Text" library="SeleniumLibrary">
<arg>${sel_search}</arg>
<arg>${search}</arg>
<doc>Types the given ``text`` into the text field identified by ``locator``.</doc>
<msg timestamp="20230905 15:27:11.088" level="INFO">Typing text 'MaheshNike' into text field '//input[@placeholder='Search']'.</msg>
<status status="PASS" starttime="20230905 15:27:11.088" endtime="20230905 15:27:11.324"/>
</kw>
<status status="PASS" starttime="20230905 15:27:11.086" endtime="20230905 15:27:11.328"/>
</kw>
<kw name="Sleep" library="BuiltIn">
<arg>5seconds</arg>
<doc>Pauses the test executed for the given time.</doc>
<msg timestamp="20230905 15:27:16.328" level="INFO">Slept 5 seconds</msg>
<status status="PASS" starttime="20230905 15:27:11.328" endtime="20230905 15:27:16.328"/>
</kw>
<kw name="Select Name" library="CMSkeyword">
<kw name="Click Element" library="SeleniumLibrary">
<arg>${sel_name}</arg>
<doc>Click the element identified by ``locator``.</doc>
<msg timestamp="20230905 15:27:16.328" level="INFO">Clicking element '//tbody//tr//td[2]'.</msg>
<status status="PASS" starttime="20230905 15:27:16.328" endtime="20230905 15:27:16.435"/>
</kw>
<status status="PASS" starttime="20230905 15:27:16.328" endtime="20230905 15:27:16.435"/>
</kw>
<kw name="Sleep" library="BuiltIn">
<arg>8seconds</arg>
<doc>Pauses the test executed for the given time.</doc>
<msg timestamp="20230905 15:27:24.436" level="INFO">Slept 8 seconds</msg>
<status status="PASS" starttime="20230905 15:27:16.435" endtime="20230905 15:27:24.436"/>
</kw>
<status status="PASS" starttime="20230905 15:26:51.412" endtime="20230905 15:27:24.436"/>
</kw>
<kw name="Close Browser" library="SeleniumLibrary" type="TEARDOWN">
<doc>Closes the current browser.</doc>
<status status="PASS" starttime="20230905 15:27:24.436" endtime="20230905 15:27:26.497"/>
</kw>
<status status="PASS" starttime="20230905 15:26:26.440" endtime="20230905 15:27:26.497"/>
</test>
<status status="PASS" starttime="20230905 15:26:25.475" endtime="20230905 15:27:26.497"/>
</suite>
<status status="PASS" starttime="20230905 15:26:25.459" endtime="20230905 15:27:26.500"/>
</suite>
<statistics>
<total>
<stat pass="1" fail="0" skip="0">All Tests</stat>
</total>
<tag>
</tag>
<suite>
<stat pass="1" fail="0" skip="0" id="s1" name="Suites">Suites</stat>
<stat pass="1" fail="0" skip="0" id="s1-s1" name="People4 Verify SearchBox">Suites.People4 Verify SearchBox</stat>
</suite>
</statistics>
<errors>
</errors>
</robot>
