<?xml version="1.0" encoding="UTF-8"?>
<robot generator="Robot 6.1.1 (Python 3.11.4 on win32)" generated="20230905 15:26:46.937" rpa="false" schemaversion="4">
<suite id="s1" name="Suites">
<suite id="s1-s1" name="Report3 Verify Performance Metrics" source="C:\Users\User\PycharmProjects\TestAutomation\CMS1\Report3_Verify_Performance_Metrics.robot">
<test id="s1-s1-t1" name="Verify Performance Metrics" line="10">
<kw name="Open My Browser" library="CMSkeyword" type="SETUP">
<kw name="Open Browser" library="SeleniumLibrary">
<arg>${CMSURL}</arg>
<arg>${browser}</arg>
<doc>Opens a new browser instance to the optional ``url``.</doc>
<msg timestamp="20230905 15:26:47.688" level="INFO">Opening browser 'headlesschrome' to base url 'https://cms-staging.oneyou.io/auth/login'.</msg>
<status status="PASS" starttime="20230905 15:26:47.688" endtime="20230905 15:27:08.654"/>
</kw>
<kw name="Maximize Browser Window" library="SeleniumLibrary">
<doc>Maximizes current browser window.</doc>
<status status="PASS" starttime="20230905 15:27:08.654" endtime="20230905 15:27:08.798"/>
</kw>
<kw name="Set Selenium Speed" library="SeleniumLibrary">
<arg>0seconds</arg>
<doc>Sets the delay that is waited after each Selenium command.</doc>
<status status="PASS" starttime="20230905 15:27:08.798" endtime="20230905 15:27:08.799"/>
</kw>
<status status="PASS" starttime="20230905 15:26:47.685" endtime="20230905 15:27:08.799"/>
</kw>
<kw name="Performance Metrics">
<arg>mahesh.j+nike@amazatic.com</arg>
<arg>1</arg>
<kw name="Sleep" library="BuiltIn">
<arg>3seconds</arg>
<doc>Pauses the test executed for the given time.</doc>
<msg timestamp="20230905 15:27:11.802" level="INFO">Slept 3 seconds</msg>
<status status="PASS" starttime="20230905 15:27:08.801" endtime="20230905 15:27:11.802"/>
</kw>
<kw name="Enter Email" library="CMSkeyword">
<arg>${email}</arg>
<kw name="Input Text" library="SeleniumLibrary">
<arg>${txt_Username}</arg>
<arg>${email}</arg>
<doc>Types the given ``text`` into the text field identified by ``locator``.</doc>
<msg timestamp="20230905 15:27:11.808" level="INFO">Typing text 'mahesh.j+nike@amazatic.com' into text field 'name:email'.</msg>
<status status="PASS" starttime="20230905 15:27:11.802" endtime="20230905 15:27:12.176"/>
</kw>
<status status="PASS" starttime="20230905 15:27:11.802" endtime="20230905 15:27:12.177"/>
</kw>
<kw name="Enter Password" library="CMSkeyword">
<arg>${password}</arg>
<kw name="Input Text" library="SeleniumLibrary">
<arg>${txt_password}</arg>
<arg>${password}</arg>
<doc>Types the given ``text`` into the text field identified by ``locator``.</doc>
<msg timestamp="20230905 15:27:12.181" level="INFO">Typing text '1' into text field 'name:password'.</msg>
<status status="PASS" starttime="20230905 15:27:12.180" endtime="20230905 15:27:12.358"/>
</kw>
<status status="PASS" starttime="20230905 15:27:12.177" endtime="20230905 15:27:12.358"/>
</kw>
<kw name="Click on Sign Button" library="CMSkeyword">
<kw name="Click Button" library="SeleniumLibrary">
<arg>${submit_button}</arg>
<doc>Clicks the button identified by ``locator``.</doc>
<msg timestamp="20230905 15:27:12.360" level="INFO">Clicking button 'xpath://button[@type='submit']'.</msg>
<status status="PASS" starttime="20230905 15:27:12.360" endtime="20230905 15:27:12.529"/>
</kw>
<status status="PASS" starttime="20230905 15:27:12.359" endtime="20230905 15:27:12.529"/>
</kw>
<kw name="Sleep" library="BuiltIn">
<arg>5seconds</arg>
<doc>Pauses the test executed for the given time.</doc>
<msg timestamp="20230905 15:27:17.530" level="INFO">Slept 5 seconds</msg>
<status status="PASS" starttime="20230905 15:27:12.530" endtime="20230905 15:27:17.530"/>
</kw>
<kw name="Dashboard page should be visible" library="CMSkeyword">
<kw name="Page Should Contain" library="SeleniumLibrary">
<arg>Dashboard</arg>
<doc>Verifies that current page contains ``text``.</doc>
<msg timestamp="20230905 15:27:17.558" level="INFO">Current page contains text 'Dashboard'.</msg>
<status status="PASS" starttime="20230905 15:27:17.530" endtime="20230905 15:27:17.558"/>
</kw>
<status status="PASS" starttime="20230905 15:27:17.530" endtime="20230905 15:27:17.560"/>
</kw>
<kw name="Sleep" library="BuiltIn">
<arg>1seconds</arg>
<doc>Pauses the test executed for the given time.</doc>
<msg timestamp="20230905 15:27:18.561" level="INFO">Slept 1 second</msg>
<status status="PASS" starttime="20230905 15:27:17.560" endtime="20230905 15:27:18.561"/>
</kw>
<kw name="Hover on logout section" library="CMSkeyword">
<kw name="Mouse Over" library="SeleniumLibrary">
<arg>${hover_logoout}</arg>
<doc>Simulates hovering the mouse over the element ``locator``.</doc>
<msg timestamp="20230905 15:27:18.562" level="INFO">Simulating Mouse Over on element 'xpath://div[@class='sc-ihgnxF knIImG']'.</msg>
<status status="PASS" starttime="20230905 15:27:18.562" endtime="20230905 15:27:18.857"/>
</kw>
<status status="PASS" starttime="20230905 15:27:18.561" endtime="20230905 15:27:18.860"/>
</kw>
<kw name="Sleep" library="BuiltIn">
<arg>3seconds</arg>
<doc>Pauses the test executed for the given time.</doc>
<msg timestamp="20230905 15:27:21.860" level="INFO">Slept 3 seconds</msg>
<status status="PASS" starttime="20230905 15:27:18.860" endtime="20230905 15:27:21.860"/>
</kw>
<kw name="Click on Report Section" library="CMSkeyword">
<kw name="Click Element" library="SeleniumLibrary">
<arg>${click_Report}</arg>
<doc>Click the element identified by ``locator``.</doc>
<msg timestamp="20230905 15:27:21.860" level="INFO">Clicking element '//span[normalize-space()='reports']'.</msg>
<status status="PASS" starttime="20230905 15:27:21.860" endtime="20230905 15:27:22.007"/>
</kw>
<status status="PASS" starttime="20230905 15:27:21.860" endtime="20230905 15:27:22.007"/>
</kw>
<kw name="Sleep" library="BuiltIn">
<arg>3seconds</arg>
<doc>Pauses the test executed for the given time.</doc>
<msg timestamp="20230905 15:27:25.012" level="INFO">Slept 3 seconds</msg>
<status status="PASS" starttime="20230905 15:27:22.011" endtime="20230905 15:27:25.012"/>
</kw>
<kw name="Move Mouse fron people" library="CMSkeyword">
<kw name="Mouse Over" library="SeleniumLibrary">
<arg>${move_mousePeople}</arg>
<doc>Simulates hovering the mouse over the element ``locator``.</doc>
<msg timestamp="20230905 15:27:25.012" level="INFO">Simulating Mouse Over on element '//div[@class='sc-kAyceB eAbRNa']'.</msg>
<status status="PASS" starttime="20230905 15:27:25.012" endtime="20230905 15:27:25.324"/>
</kw>
<status status="PASS" starttime="20230905 15:27:25.012" endtime="20230905 15:27:25.324"/>
</kw>
<kw name="Sleep" library="BuiltIn">
<arg>3seconds</arg>
<doc>Pauses the test executed for the given time.</doc>
<msg timestamp="20230905 15:27:28.325" level="INFO">Slept 3 seconds</msg>
<status status="PASS" starttime="20230905 15:27:25.324" endtime="20230905 15:27:28.325"/>
</kw>
<kw name="Execute Javascript" library="SeleniumLibrary">
<arg>window.scrollTo(0, document.body.scrollHeight)</arg>
<doc>Executes the given JavaScript code with possible arguments.</doc>
<msg timestamp="20230905 15:27:28.325" level="INFO">Executing JavaScript:
window.scrollTo(0, document.body.scrollHeight)
Without any arguments.</msg>
<status status="PASS" starttime="20230905 15:27:28.325" endtime="20230905 15:27:28.341"/>
</kw>
<kw name="Sleep" library="BuiltIn">
<arg>5seconds</arg>
<doc>Pauses the test executed for the given time.</doc>
<msg timestamp="20230905 15:27:33.341" level="INFO">Slept 5 seconds</msg>
<status status="PASS" starttime="20230905 15:27:28.341" endtime="20230905 15:27:33.341"/>
</kw>
<kw name="Select View" library="CMSkeyword">
<arg>Individual View</arg>
<kw name="Select From List By Label" library="SeleniumLibrary">
<arg>${Sel_per_metrics}</arg>
<arg>${view}</arg>
<doc>Selects options from selection list ``locator`` by ``labels``.</doc>
<msg timestamp="20230905 15:27:33.343" level="INFO">Selecting options from selection list '//div[@class='col-lg-2 mt-1 mb-1']//select[@id='days']' by label Individual View.</msg>
<status status="PASS" starttime="20230905 15:27:33.341" endtime="20230905 15:27:33.494"/>
</kw>
<status status="PASS" starttime="20230905 15:27:33.341" endtime="20230905 15:27:33.494"/>
</kw>
<kw name="Sleep" library="BuiltIn">
<arg>3seconds</arg>
<doc>Pauses the test executed for the given time.</doc>
<msg timestamp="20230905 15:27:36.495" level="INFO">Slept 3 seconds</msg>
<status status="PASS" starttime="20230905 15:27:33.494" endtime="20230905 15:27:36.495"/>
</kw>
<status status="PASS" starttime="20230905 15:27:08.799" endtime="20230905 15:27:36.495"/>
</kw>
<kw name="Close Browser" library="SeleniumLibrary" type="TEARDOWN">
<doc>Closes the current browser.</doc>
<status status="PASS" starttime="20230905 15:27:36.495" endtime="20230905 15:27:38.593"/>
</kw>
<status status="PASS" starttime="20230905 15:26:47.685" endtime="20230905 15:27:38.594"/>
</test>
<status status="PASS" starttime="20230905 15:26:46.962" endtime="20230905 15:27:38.594"/>
</suite>
<status status="PASS" starttime="20230905 15:26:46.946" endtime="20230905 15:27:38.598"/>
</suite>
<statistics>
<total>
<stat pass="1" fail="0" skip="0">All Tests</stat>
</total>
<tag>
</tag>
<suite>
<stat pass="1" fail="0" skip="0" id="s1" name="Suites">Suites</stat>
<stat pass="1" fail="0" skip="0" id="s1-s1" name="Report3 Verify Performance Metrics">Suites.Report3 Verify Performance Metrics</stat>
</suite>
</statistics>
<errors>
</errors>
</robot>
