<?xml version="1.0" encoding="UTF-8"?>
<robot generator="Robot 6.1.1 (Python 3.11.4 on win32)" generated="20230829 11:38:34.045" rpa="false" schemaversion="4">
<suite id="s1" name="Registration" source="C:\Users\User\PycharmProjects\TestAutomation\TestCases\Registration.robot">
<test id="s1-t1" name="Registration Test" line="10">
<kw name="Open My Browser" library="RegistrationKeywords">
<arg>${SiteUrl}</arg>
<arg>${Browser}</arg>
<kw name="Open Browser" library="SeleniumLibrary">
<arg>${SiteUrl}</arg>
<arg>${Browser}</arg>
<doc>Opens a new browser instance to the optional ``url``.</doc>
<msg timestamp="20230829 11:38:34.246" level="INFO">Opening browser 'chrome' to base url 'https://www.way2automation.com/way2auto_jquery/registration.php#load_box'.</msg>
<status status="PASS" starttime="20230829 11:38:34.245" endtime="20230829 11:38:36.634"/>
</kw>
<kw name="Maximize Browser Window" library="SeleniumLibrary">
<doc>Maximizes current browser window.</doc>
<status status="PASS" starttime="20230829 11:38:36.634" endtime="20230829 11:38:36.757"/>
</kw>
<kw name="Set Selenium Speed" library="SeleniumLibrary">
<arg>0seconds</arg>
<doc>Sets the delay that is waited after each Selenium command.</doc>
<status status="PASS" starttime="20230829 11:38:36.757" endtime="20230829 11:38:36.758"/>
</kw>
<status status="PASS" starttime="20230829 11:38:34.245" endtime="20230829 11:38:36.758"/>
</kw>
<kw name="Enter First Name" library="RegistrationKeywords">
<arg>Ajit</arg>
<kw name="Input Text" library="SeleniumLibrary">
<arg>${txt_firstname}</arg>
<arg>${fname}</arg>
<doc>Types the given ``text`` into the text field identified by ``locator``.</doc>
<msg timestamp="20230829 11:38:36.759" level="INFO">Typing text 'Ajit' into text field 'name:name'.</msg>
<status status="PASS" starttime="20230829 11:38:36.758" endtime="20230829 11:38:36.857"/>
</kw>
<status status="PASS" starttime="20230829 11:38:36.758" endtime="20230829 11:38:36.857"/>
</kw>
<kw name="Enter Last Name" library="RegistrationKeywords">
<arg>Devkar</arg>
<kw name="Input Text" library="SeleniumLibrary">
<arg>${txt_lname}</arg>
<arg>${lname}</arg>
<doc>Types the given ``text`` into the text field identified by ``locator``.</doc>
<msg timestamp="20230829 11:38:36.858" level="INFO">Typing text 'Devkar' into text field 'xpath://body/section[@id='wrapper']/div[1]/div[1]/div[1]/form[1]/fieldset[1]/p[2]/input[1]'.</msg>
<status status="PASS" starttime="20230829 11:38:36.858" endtime="20230829 11:38:36.935"/>
</kw>
<status status="PASS" starttime="20230829 11:38:36.857" endtime="20230829 11:38:36.936"/>
</kw>
<kw name="Select Country" library="RegistrationKeywords">
<arg>India</arg>
<kw name="Select From List By Label" library="SeleniumLibrary">
<arg>${sel_country}</arg>
<arg>${country}</arg>
<doc>Selects options from selection list ``locator`` by ``labels``.</doc>
<msg timestamp="20230829 11:38:36.937" level="INFO">Selecting options from selection list '//body/section[@id='wrapper']/div[1]/div[1]/div[1]/form[1]/fieldset[4]/select[1]' by label India.</msg>
<status status="PASS" starttime="20230829 11:38:36.936" endtime="20230829 11:38:36.978"/>
</kw>
<status status="PASS" starttime="20230829 11:38:36.936" endtime="20230829 11:38:36.978"/>
</kw>
<kw name="Select Birth Date Month" library="RegistrationKeywords">
<arg>1</arg>
<kw name="Select From List By Label" library="SeleniumLibrary">
<arg>${sel_month}</arg>
<arg>${sele_month}</arg>
<doc>Selects options from selection list ``locator`` by ``labels``.</doc>
<msg timestamp="20230829 11:38:36.979" level="INFO">Selecting options from selection list '//body[1]/section[1]/div[1]/div[1]/div[1]/form[1]/fieldset[5]/div[1]/select[1]' by label 1.</msg>
<status status="PASS" starttime="20230829 11:38:36.979" endtime="20230829 11:38:37.044"/>
</kw>
<status status="PASS" starttime="20230829 11:38:36.978" endtime="20230829 11:38:37.044"/>
</kw>
<kw name="Select Birth Date Day" library="RegistrationKeywords">
<arg>1</arg>
<kw name="Select From List By Label" library="SeleniumLibrary">
<arg>${sel_Day}</arg>
<arg>${sele_day}</arg>
<doc>Selects options from selection list ``locator`` by ``labels``.</doc>
<msg timestamp="20230829 11:38:37.045" level="INFO">Selecting options from selection list '//body[1]/section[1]/div[1]/div[1]/div[1]/form[1]/fieldset[5]/div[2]/select[1]' by label 1.</msg>
<status status="PASS" starttime="20230829 11:38:37.045" endtime="20230829 11:38:37.104"/>
</kw>
<status status="PASS" starttime="20230829 11:38:37.044" endtime="20230829 11:38:37.104"/>
</kw>
<kw name="Select Birth Date year" library="RegistrationKeywords">
<arg>2014</arg>
<kw name="Select From List By Label" library="SeleniumLibrary">
<arg>${sel_year}</arg>
<arg>${sele_year}</arg>
<doc>Selects options from selection list ``locator`` by ``labels``.</doc>
<msg timestamp="20230829 11:38:37.105" level="INFO">Selecting options from selection list '//body[1]/section[1]/div[1]/div[1]/div[1]/form[1]/fieldset[5]/div[3]/select[1]' by label 2014.</msg>
<status status="PASS" starttime="20230829 11:38:37.104" endtime="20230829 11:38:37.171"/>
</kw>
<status status="PASS" starttime="20230829 11:38:37.104" endtime="20230829 11:38:37.171"/>
</kw>
<kw name="Phone Number" library="RegistrationKeywords">
<arg>9975405590</arg>
<kw name="Input Text" library="SeleniumLibrary">
<arg>${txt_phone1}</arg>
<arg>${phoneno}</arg>
<doc>Types the given ``text`` into the text field identified by ``locator``.</doc>
<msg timestamp="20230829 11:38:37.172" level="INFO">Typing text '9975405590' into text field 'name:phone'.</msg>
<status status="PASS" starttime="20230829 11:38:37.172" endtime="20230829 11:38:37.255"/>
</kw>
<status status="PASS" starttime="20230829 11:38:37.171" endtime="20230829 11:38:37.255"/>
</kw>
<kw name="UserName" library="RegistrationKeywords">
<arg>admin</arg>
<kw name="Input Text" library="SeleniumLibrary">
<arg>${txt_user}</arg>
<arg>${username}</arg>
<doc>Types the given ``text`` into the text field identified by ``locator``.</doc>
<msg timestamp="20230829 11:38:37.256" level="INFO">Typing text 'admin' into text field 'name:username'.</msg>
<status status="PASS" starttime="20230829 11:38:37.256" endtime="20230829 11:38:37.334"/>
</kw>
<status status="PASS" starttime="20230829 11:38:37.255" endtime="20230829 11:38:37.334"/>
</kw>
<kw name="Email" library="RegistrationKeywords">
<arg>test123@gmail.com</arg>
<kw name="Input Text" library="SeleniumLibrary">
<arg>${txt_email1}</arg>
<arg>${email}</arg>
<doc>Types the given ``text`` into the text field identified by ``locator``.</doc>
<msg timestamp="20230829 11:38:37.335" level="INFO">Typing text 'test123@gmail.com' into text field 'name:email'.</msg>
<status status="PASS" starttime="20230829 11:38:37.334" endtime="20230829 11:38:37.417"/>
</kw>
<status status="PASS" starttime="20230829 11:38:37.334" endtime="20230829 11:38:37.417"/>
</kw>
<kw name="Password" library="RegistrationKeywords">
<arg>admin123</arg>
<kw name="Input Text" library="SeleniumLibrary">
<arg>${txt_psd}</arg>
<arg>${password}</arg>
<doc>Types the given ``text`` into the text field identified by ``locator``.</doc>
<msg timestamp="20230829 11:38:37.418" level="INFO">Typing text 'admin123' into text field 'name:password'.</msg>
<status status="PASS" starttime="20230829 11:38:37.417" endtime="20230829 11:38:37.497"/>
</kw>
<status status="PASS" starttime="20230829 11:38:37.417" endtime="20230829 11:38:37.498"/>
</kw>
<kw name="Confirm Password" library="RegistrationKeywords">
<arg>admin123</arg>
<kw name="Input Text" library="SeleniumLibrary">
<arg>${txt_cpsd}</arg>
<arg>${conpsd}</arg>
<doc>Types the given ``text`` into the text field identified by ``locator``.</doc>
<msg timestamp="20230829 11:38:37.499" level="INFO">Typing text 'admin123' into text field 'name:c_password'.</msg>
<status status="PASS" starttime="20230829 11:38:37.498" endtime="20230829 11:38:37.570"/>
</kw>
<status status="PASS" starttime="20230829 11:38:37.498" endtime="20230829 11:38:37.570"/>
</kw>
<kw name="Click Submit" library="RegistrationKeywords">
<kw name="Click Button" library="SeleniumLibrary">
<arg>${submit_btn}</arg>
<doc>Clicks the button identified by ``locator``.</doc>
<msg timestamp="20230829 11:38:37.571" level="INFO">Clicking button 'xpath://body/section[@id='wrapper']/div[1]/div[1]/div[1]/form[1]/fieldset[13]/input[1]'.</msg>
<status status="PASS" starttime="20230829 11:38:37.571" endtime="20230829 11:38:37.629"/>
</kw>
<status status="PASS" starttime="20230829 11:38:37.570" endtime="20230829 11:38:37.629"/>
</kw>
<kw name="Close My Browser" library="RegistrationKeywords">
<kw name="Close All Browsers" library="SeleniumLibrary">
<doc>Closes all open browsers and resets the browser cache.</doc>
<status status="PASS" starttime="20230829 11:38:37.630" endtime="20230829 11:38:39.718"/>
</kw>
<status status="PASS" starttime="20230829 11:38:37.630" endtime="20230829 11:38:39.718"/>
</kw>
<status status="PASS" starttime="20230829 11:38:34.244" endtime="20230829 11:38:39.719"/>
</test>
<status status="PASS" starttime="20230829 11:38:34.055" endtime="20230829 11:38:39.719"/>
</suite>
<statistics>
<total>
<stat pass="1" fail="0" skip="0">All Tests</stat>
</total>
<tag>
</tag>
<suite>
<stat pass="1" fail="0" skip="0" id="s1" name="Registration">Registration</stat>
</suite>
</statistics>
<errors>
</errors>
</robot>
