<?xml version="1.0" encoding="UTF-8"?>
<robot generator="Robot 6.1.1 (Python 3.11.4 on win32)" generated="20230906 09:20:17.773" rpa="false" schemaversion="4">
<suite id="s1" name="Suites">
<suite id="s1-s1" name="10 Reset Password" source="C:\Users\User\PycharmProjects\TestAutomation\CMS1\10_Reset_Password.robot">
<test id="s1-s1-t1" name="Verify Reset Password" line="10">
<kw name="Open My Browser" library="CMSkeyword" type="SETUP">
<kw name="Open Browser" library="SeleniumLibrary">
<arg>${CMSURL}</arg>
<arg>${browser}</arg>
<doc>Opens a new browser instance to the optional ``url``.</doc>
<msg timestamp="20230906 09:20:20.997" level="INFO">Opening browser 'headlesschrome' to base url 'https://cms-staging.oneyou.io/auth/login'.</msg>
<status status="PASS" starttime="20230906 09:20:20.997" endtime="20230906 09:20:32.491"/>
</kw>
<kw name="Maximize Browser Window" library="SeleniumLibrary">
<doc>Maximizes current browser window.</doc>
<status status="PASS" starttime="20230906 09:20:32.491" endtime="20230906 09:20:32.646"/>
</kw>
<kw name="Set Selenium Speed" library="SeleniumLibrary">
<arg>0seconds</arg>
<doc>Sets the delay that is waited after each Selenium command.</doc>
<status status="PASS" starttime="20230906 09:20:32.646" endtime="20230906 09:20:32.646"/>
</kw>
<status status="PASS" starttime="20230906 09:20:20.997" endtime="20230906 09:20:32.646"/>
</kw>
<kw name="ResetPassword">
<arg>1234567</arg>
<arg>1234567</arg>
<kw name="Sleep" library="BuiltIn">
<arg>3seconds</arg>
<doc>Pauses the test executed for the given time.</doc>
<msg timestamp="20230906 09:20:35.647" level="INFO">Slept 3 seconds</msg>
<status status="PASS" starttime="20230906 09:20:32.646" endtime="20230906 09:20:35.647"/>
</kw>
<kw name="Page Should Contain" library="SeleniumLibrary">
<arg>Forgot Password</arg>
<doc>Verifies that current page contains ``text``.</doc>
<msg timestamp="20230906 09:20:35.859" level="INFO" html="true">&lt;/td&gt;&lt;/tr&gt;&lt;tr&gt;&lt;td colspan="3"&gt;&lt;a href="selenium-screenshot-1.png"&gt;&lt;img src="selenium-screenshot-1.png" width="800px"&gt;&lt;/a&gt;</msg>
<msg timestamp="20230906 09:20:35.859" level="FAIL">Page should have contained text 'Forgot Password' but did not.</msg>
<status status="FAIL" starttime="20230906 09:20:35.647" endtime="20230906 09:20:35.874"/>
</kw>
<kw name="Enter New Password" library="CMSkeyword">
<arg>${new-password}</arg>
<status status="NOT RUN" starttime="20230906 09:20:35.874" endtime="20230906 09:20:35.874"/>
</kw>
<kw name="Enter Confirm Password" library="CMSkeyword">
<arg>${Confirm-password}</arg>
<status status="NOT RUN" starttime="20230906 09:20:35.874" endtime="20230906 09:20:35.874"/>
</kw>
<kw name="Sleep" library="BuiltIn">
<arg>3seconds</arg>
<doc>Pauses the test executed for the given time.</doc>
<status status="NOT RUN" starttime="20230906 09:20:35.874" endtime="20230906 09:20:35.874"/>
</kw>
<kw name="Confirm Password" library="CMSkeyword">
<status status="NOT RUN" starttime="20230906 09:20:35.874" endtime="20230906 09:20:35.879"/>
</kw>
<kw name="Sleep" library="BuiltIn">
<arg>3seconds</arg>
<doc>Pauses the test executed for the given time.</doc>
<status status="NOT RUN" starttime="20230906 09:20:35.879" endtime="20230906 09:20:35.879"/>
</kw>
<status status="FAIL" starttime="20230906 09:20:32.646" endtime="20230906 09:20:35.879"/>
</kw>
<kw name="Close Browserer" type="TEARDOWN">
<msg timestamp="20230906 09:20:35.882" level="FAIL">No keyword with name 'Close Browserer' found. Did you mean:
    SeleniumLibrary.Close Browser</msg>
<status status="FAIL" starttime="20230906 09:20:35.882" endtime="20230906 09:20:35.882">No keyword with name 'Close Browserer' found. Did you mean:
    SeleniumLibrary.Close Browser</status>
</kw>
<status status="FAIL" starttime="20230906 09:20:20.997" endtime="20230906 09:20:35.882">Page should have contained text 'Forgot Password' but did not.

Also teardown failed:
No keyword with name 'Close Browserer' found. Did you mean:
    SeleniumLibrary.Close Browser</status>
</test>
<status status="FAIL" starttime="20230906 09:20:17.798" endtime="20230906 09:20:35.890"/>
</suite>
<status status="FAIL" starttime="20230906 09:20:17.782" endtime="20230906 09:20:35.891"/>
</suite>
<statistics>
<total>
<stat pass="0" fail="1" skip="0">All Tests</stat>
</total>
<tag>
</tag>
<suite>
<stat pass="0" fail="1" skip="0" id="s1" name="Suites">Suites</stat>
<stat pass="0" fail="1" skip="0" id="s1-s1" name="10 Reset Password">Suites.10 Reset Password</stat>
</suite>
</statistics>
<errors>
</errors>
</robot>
