<?xml version="1.0" encoding="UTF-8"?>
<robot generator="Robot 6.1.1 (Python 3.11.4 on win32)" generated="20230905 15:25:30.287" rpa="false" schemaversion="4">
<suite id="s1" name="Suites">
<suite id="s1-s1" name="Logout Test" source="C:\Users\User\PycharmProjects\TestAutomation\CMS1\Logout_Test.robot">
<test id="s1-s1-t1" name="Verify CMS Logout" line="10">
<kw name="Open My Browser" library="CMSkeyword" type="SETUP">
<kw name="Open Browser" library="SeleniumLibrary">
<arg>${CMSURL}</arg>
<arg>${browser}</arg>
<doc>Opens a new browser instance to the optional ``url``.</doc>
<msg timestamp="20230905 15:25:32.852" level="INFO">Opening browser 'headlesschrome' to base url 'https://cms-staging.oneyou.io/auth/login'.</msg>
<status status="PASS" starttime="20230905 15:25:32.851" endtime="20230905 15:26:03.244"/>
</kw>
<kw name="Maximize Browser Window" library="SeleniumLibrary">
<doc>Maximizes current browser window.</doc>
<status status="PASS" starttime="20230905 15:26:03.244" endtime="20230905 15:26:03.392"/>
</kw>
<kw name="Set Selenium Speed" library="SeleniumLibrary">
<arg>0seconds</arg>
<doc>Sets the delay that is waited after each Selenium command.</doc>
<status status="PASS" starttime="20230905 15:26:03.392" endtime="20230905 15:26:03.392"/>
</kw>
<status status="PASS" starttime="20230905 15:25:32.849" endtime="20230905 15:26:03.392"/>
</kw>
<kw name="Logout">
<arg>mahesh.j@amazatic.com</arg>
<arg>OneYou@123</arg>
<kw name="Sleep" library="BuiltIn">
<arg>3seconds</arg>
<doc>Pauses the test executed for the given time.</doc>
<msg timestamp="20230905 15:26:06.400" level="INFO">Slept 3 seconds</msg>
<status status="PASS" starttime="20230905 15:26:03.399" endtime="20230905 15:26:06.400"/>
</kw>
<kw name="Enter Email" library="CMSkeyword">
<arg>${email}</arg>
<kw name="Input Text" library="SeleniumLibrary">
<arg>${txt_Username}</arg>
<arg>${email}</arg>
<doc>Types the given ``text`` into the text field identified by ``locator``.</doc>
<msg timestamp="20230905 15:26:06.403" level="INFO">Typing text 'mahesh.j@amazatic.com' into text field 'name:email'.</msg>
<status status="PASS" starttime="20230905 15:26:06.400" endtime="20230905 15:26:06.776"/>
</kw>
<status status="PASS" starttime="20230905 15:26:06.400" endtime="20230905 15:26:06.780"/>
</kw>
<kw name="Enter Password" library="CMSkeyword">
<arg>${password}</arg>
<kw name="Input Text" library="SeleniumLibrary">
<arg>${txt_password}</arg>
<arg>${password}</arg>
<doc>Types the given ``text`` into the text field identified by ``locator``.</doc>
<msg timestamp="20230905 15:26:06.782" level="INFO">Typing text 'OneYou@123' into text field 'name:password'.</msg>
<status status="PASS" starttime="20230905 15:26:06.782" endtime="20230905 15:26:07.020"/>
</kw>
<status status="PASS" starttime="20230905 15:26:06.781" endtime="20230905 15:26:07.020"/>
</kw>
<kw name="Click on Sign Button" library="CMSkeyword">
<kw name="Click Button" library="SeleniumLibrary">
<arg>${submit_button}</arg>
<doc>Clicks the button identified by ``locator``.</doc>
<msg timestamp="20230905 15:26:07.024" level="INFO">Clicking button 'xpath://button[@type='submit']'.</msg>
<status status="PASS" starttime="20230905 15:26:07.020" endtime="20230905 15:26:07.200"/>
</kw>
<status status="PASS" starttime="20230905 15:26:07.020" endtime="20230905 15:26:07.200"/>
</kw>
<kw name="Sleep" library="BuiltIn">
<arg>5seconds</arg>
<doc>Pauses the test executed for the given time.</doc>
<msg timestamp="20230905 15:26:12.202" level="INFO">Slept 5 seconds</msg>
<status status="PASS" starttime="20230905 15:26:07.202" endtime="20230905 15:26:12.202"/>
</kw>
<kw name="Dashboard page should be visible" library="CMSkeyword">
<kw name="Page Should Contain" library="SeleniumLibrary">
<arg>Dashboard</arg>
<doc>Verifies that current page contains ``text``.</doc>
<msg timestamp="20230905 15:26:18.531" level="INFO" html="true">&lt;/td&gt;&lt;/tr&gt;&lt;tr&gt;&lt;td colspan="3"&gt;&lt;a href="selenium-screenshot-1.png"&gt;&lt;img src="selenium-screenshot-1.png" width="800px"&gt;&lt;/a&gt;</msg>
<msg timestamp="20230905 15:26:18.531" level="FAIL">Page should have contained text 'Dashboard' but did not.</msg>
<status status="FAIL" starttime="20230905 15:26:12.202" endtime="20230905 15:26:18.538"/>
</kw>
<status status="FAIL" starttime="20230905 15:26:12.202" endtime="20230905 15:26:18.538"/>
</kw>
<kw name="Sleep" library="BuiltIn">
<arg>1seconds</arg>
<doc>Pauses the test executed for the given time.</doc>
<status status="NOT RUN" starttime="20230905 15:26:18.538" endtime="20230905 15:26:18.538"/>
</kw>
<kw name="Wait Until Element Is Visible" library="SeleniumLibrary">
<arg>xpath://h2[@class='pageTitle']</arg>
<arg>timeout=10s</arg>
<doc>Waits until the element ``locator`` is visible.</doc>
<status status="NOT RUN" starttime="20230905 15:26:18.540" endtime="20230905 15:26:18.540"/>
</kw>
<kw name="Hover on logout section" library="CMSkeyword">
<status status="NOT RUN" starttime="20230905 15:26:18.540" endtime="20230905 15:26:18.541"/>
</kw>
<kw name="Sleep" library="BuiltIn">
<arg>3seconds</arg>
<doc>Pauses the test executed for the given time.</doc>
<status status="NOT RUN" starttime="20230905 15:26:18.541" endtime="20230905 15:26:18.541"/>
</kw>
<kw name="Logout Dashboard" library="CMSkeyword">
<status status="NOT RUN" starttime="20230905 15:26:18.541" endtime="20230905 15:26:18.541"/>
</kw>
<kw name="Sleep" library="BuiltIn">
<arg>3seconds</arg>
<doc>Pauses the test executed for the given time.</doc>
<status status="NOT RUN" starttime="20230905 15:26:18.541" endtime="20230905 15:26:18.541"/>
</kw>
<status status="FAIL" starttime="20230905 15:26:03.398" endtime="20230905 15:26:18.541"/>
</kw>
<kw name="Close Browser" library="SeleniumLibrary" type="TEARDOWN">
<doc>Closes the current browser.</doc>
<status status="PASS" starttime="20230905 15:26:18.543" endtime="20230905 15:26:20.714"/>
</kw>
<status status="FAIL" starttime="20230905 15:25:32.843" endtime="20230905 15:26:20.714">Page should have contained text 'Dashboard' but did not.</status>
</test>
<status status="FAIL" starttime="20230905 15:25:30.327" endtime="20230905 15:26:20.717"/>
</suite>
<status status="FAIL" starttime="20230905 15:25:30.311" endtime="20230905 15:26:20.718"/>
</suite>
<statistics>
<total>
<stat pass="0" fail="1" skip="0">All Tests</stat>
</total>
<tag>
</tag>
<suite>
<stat pass="0" fail="1" skip="0" id="s1" name="Suites">Suites</stat>
<stat pass="0" fail="1" skip="0" id="s1-s1" name="Logout Test">Suites.Logout Test</stat>
</suite>
</statistics>
<errors>
</errors>
</robot>
