<?xml version="1.0" encoding="UTF-8"?>
<robot generator="Robot 6.1.1 (Python 3.11.4 on win32)" generated="20230905 15:25:30.322" rpa="false" schemaversion="4">
<suite id="s1" name="Suites">
<suite id="s1-s1" name="People1 Verify Checkbox" source="C:\Users\User\PycharmProjects\TestAutomation\CMS1\People1_Verify_Checkbox.robot">
<test id="s1-s1-t1" name="Verify Check Box" line="10">
<kw name="Open My Browser" library="CMSkeyword" type="SETUP">
<kw name="Open Browser" library="SeleniumLibrary">
<arg>${CMSURL}</arg>
<arg>${browser}</arg>
<doc>Opens a new browser instance to the optional ``url``.</doc>
<msg timestamp="20230905 15:25:32.843" level="INFO">Opening browser 'headlesschrome' to base url 'https://cms-staging.oneyou.io/auth/login'.</msg>
<status status="PASS" starttime="20230905 15:25:32.843" endtime="20230905 15:26:06.307"/>
</kw>
<kw name="Maximize Browser Window" library="SeleniumLibrary">
<doc>Maximizes current browser window.</doc>
<status status="PASS" starttime="20230905 15:26:06.307" endtime="20230905 15:26:06.447"/>
</kw>
<kw name="Set Selenium Speed" library="SeleniumLibrary">
<arg>0seconds</arg>
<doc>Sets the delay that is waited after each Selenium command.</doc>
<status status="PASS" starttime="20230905 15:26:06.447" endtime="20230905 15:26:06.449"/>
</kw>
<status status="PASS" starttime="20230905 15:25:32.843" endtime="20230905 15:26:06.449"/>
</kw>
<kw name="People CheckBox">
<arg>mahesh.j+nike@amazatic.com</arg>
<arg>1</arg>
<kw name="Sleep" library="BuiltIn">
<arg>3seconds</arg>
<doc>Pauses the test executed for the given time.</doc>
<msg timestamp="20230905 15:26:09.452" level="INFO">Slept 3 seconds</msg>
<status status="PASS" starttime="20230905 15:26:06.451" endtime="20230905 15:26:09.452"/>
</kw>
<kw name="Enter Email" library="CMSkeyword">
<arg>${email}</arg>
<kw name="Input Text" library="SeleniumLibrary">
<arg>${txt_Username}</arg>
<arg>${email}</arg>
<doc>Types the given ``text`` into the text field identified by ``locator``.</doc>
<msg timestamp="20230905 15:26:09.456" level="INFO">Typing text 'mahesh.j+nike@amazatic.com' into text field 'name:email'.</msg>
<status status="PASS" starttime="20230905 15:26:09.453" endtime="20230905 15:26:18.753"/>
</kw>
<status status="PASS" starttime="20230905 15:26:09.452" endtime="20230905 15:26:18.753"/>
</kw>
<kw name="Enter Password" library="CMSkeyword">
<arg>${password}</arg>
<kw name="Input Text" library="SeleniumLibrary">
<arg>${txt_password}</arg>
<arg>${password}</arg>
<doc>Types the given ``text`` into the text field identified by ``locator``.</doc>
<msg timestamp="20230905 15:26:18.758" level="INFO">Typing text '1' into text field 'name:password'.</msg>
<status status="PASS" starttime="20230905 15:26:18.756" endtime="20230905 15:26:18.947"/>
</kw>
<status status="PASS" starttime="20230905 15:26:18.755" endtime="20230905 15:26:18.947"/>
</kw>
<kw name="Click on Sign Button" library="CMSkeyword">
<kw name="Click Button" library="SeleniumLibrary">
<arg>${submit_button}</arg>
<doc>Clicks the button identified by ``locator``.</doc>
<msg timestamp="20230905 15:26:18.951" level="INFO">Clicking button 'xpath://button[@type='submit']'.</msg>
<status status="PASS" starttime="20230905 15:26:18.947" endtime="20230905 15:26:19.145"/>
</kw>
<status status="PASS" starttime="20230905 15:26:18.947" endtime="20230905 15:26:19.145"/>
</kw>
<kw name="Sleep" library="BuiltIn">
<arg>5seconds</arg>
<doc>Pauses the test executed for the given time.</doc>
<msg timestamp="20230905 15:26:24.146" level="INFO">Slept 5 seconds</msg>
<status status="PASS" starttime="20230905 15:26:19.145" endtime="20230905 15:26:24.146"/>
</kw>
<kw name="Dashboard page should be visible" library="CMSkeyword">
<kw name="Page Should Contain" library="SeleniumLibrary">
<arg>Dashboard</arg>
<doc>Verifies that current page contains ``text``.</doc>
<msg timestamp="20230905 15:26:24.180" level="INFO">Current page contains text 'Dashboard'.</msg>
<status status="PASS" starttime="20230905 15:26:24.147" endtime="20230905 15:26:24.180"/>
</kw>
<status status="PASS" starttime="20230905 15:26:24.147" endtime="20230905 15:26:24.180"/>
</kw>
<kw name="Sleep" library="BuiltIn">
<arg>1seconds</arg>
<doc>Pauses the test executed for the given time.</doc>
<msg timestamp="20230905 15:26:25.181" level="INFO">Slept 1 second</msg>
<status status="PASS" starttime="20230905 15:26:24.180" endtime="20230905 15:26:25.181"/>
</kw>
<kw name="Hover on logout section" library="CMSkeyword">
<kw name="Mouse Over" library="SeleniumLibrary">
<arg>${hover_logoout}</arg>
<doc>Simulates hovering the mouse over the element ``locator``.</doc>
<msg timestamp="20230905 15:26:25.183" level="INFO">Simulating Mouse Over on element 'xpath://div[@class='sc-ihgnxF knIImG']'.</msg>
<status status="PASS" starttime="20230905 15:26:25.181" endtime="20230905 15:26:25.492"/>
</kw>
<status status="PASS" starttime="20230905 15:26:25.181" endtime="20230905 15:26:25.492"/>
</kw>
<kw name="Sleep" library="BuiltIn">
<arg>3seconds</arg>
<doc>Pauses the test executed for the given time.</doc>
<msg timestamp="20230905 15:26:28.493" level="INFO">Slept 3 seconds</msg>
<status status="PASS" starttime="20230905 15:26:25.492" endtime="20230905 15:26:28.493"/>
</kw>
<kw name="Click on People section" library="CMSkeyword">
<kw name="Click Element" library="SeleniumLibrary">
<arg>${Sel_peoplesection}</arg>
<doc>Click the element identified by ``locator``.</doc>
<msg timestamp="20230905 15:26:28.496" level="INFO">Clicking element '//a[@href='/people']'.</msg>
<status status="PASS" starttime="20230905 15:26:28.493" endtime="20230905 15:26:28.622"/>
</kw>
<status status="PASS" starttime="20230905 15:26:28.493" endtime="20230905 15:26:28.622"/>
</kw>
<kw name="Sleep" library="BuiltIn">
<arg>3seconds</arg>
<doc>Pauses the test executed for the given time.</doc>
<msg timestamp="20230905 15:26:31.622" level="INFO">Slept 3 seconds</msg>
<status status="PASS" starttime="20230905 15:26:28.622" endtime="20230905 15:26:31.622"/>
</kw>
<kw name="Move Mouse fron people" library="CMSkeyword">
<kw name="Mouse Over" library="SeleniumLibrary">
<arg>${move_mousePeople}</arg>
<doc>Simulates hovering the mouse over the element ``locator``.</doc>
<msg timestamp="20230905 15:26:31.622" level="INFO">Simulating Mouse Over on element '//div[@class='sc-kAyceB eAbRNa']'.</msg>
<status status="PASS" starttime="20230905 15:26:31.622" endtime="20230905 15:26:31.921"/>
</kw>
<status status="PASS" starttime="20230905 15:26:31.622" endtime="20230905 15:26:31.921"/>
</kw>
<kw name="Sleep" library="BuiltIn">
<arg>3seconds</arg>
<doc>Pauses the test executed for the given time.</doc>
<msg timestamp="20230905 15:26:34.922" level="INFO">Slept 3 seconds</msg>
<status status="PASS" starttime="20230905 15:26:31.921" endtime="20230905 15:26:34.922"/>
</kw>
<kw name="Select Search checkbox" library="CMSkeyword">
<arg>1</arg>
<kw name="Select Checkbox" library="SeleniumLibrary">
<arg>${Select_checkbox}</arg>
<doc>Selects the checkbox identified by ``locator``.</doc>
<msg timestamp="20230905 15:26:34.922" level="INFO">Selecting checkbox '//input[@class='checkbox']'.</msg>
<status status="PASS" starttime="20230905 15:26:34.922" endtime="20230905 15:26:35.084"/>
</kw>
<status status="PASS" starttime="20230905 15:26:34.922" endtime="20230905 15:26:35.084"/>
</kw>
<kw name="Sleep" library="BuiltIn">
<arg>5seconds</arg>
<doc>Pauses the test executed for the given time.</doc>
<msg timestamp="20230905 15:26:40.084" level="INFO">Slept 5 seconds</msg>
<status status="PASS" starttime="20230905 15:26:35.084" endtime="20230905 15:26:40.084"/>
</kw>
<status status="PASS" starttime="20230905 15:26:06.449" endtime="20230905 15:26:40.084"/>
</kw>
<kw name="Close Browser" library="SeleniumLibrary" type="TEARDOWN">
<doc>Closes the current browser.</doc>
<status status="PASS" starttime="20230905 15:26:40.085" endtime="20230905 15:26:42.180"/>
</kw>
<status status="PASS" starttime="20230905 15:25:32.835" endtime="20230905 15:26:42.180"/>
</test>
<status status="PASS" starttime="20230905 15:25:30.375" endtime="20230905 15:26:42.181"/>
</suite>
<status status="PASS" starttime="20230905 15:25:30.347" endtime="20230905 15:26:42.181"/>
</suite>
<statistics>
<total>
<stat pass="1" fail="0" skip="0">All Tests</stat>
</total>
<tag>
</tag>
<suite>
<stat pass="1" fail="0" skip="0" id="s1" name="Suites">Suites</stat>
<stat pass="1" fail="0" skip="0" id="s1-s1" name="People1 Verify Checkbox">Suites.People1 Verify Checkbox</stat>
</suite>
</statistics>
<errors>
</errors>
</robot>
