<?xml version="1.0" encoding="UTF-8"?>
<robot generator="Robot 6.1.1 (Python 3.11.4 on win32)" generated="20230905 22:24:26.884" rpa="false" schemaversion="4">
<suite id="s1" name="Suites">
<suite id="s1-s1" name="Verify Login" source="C:\Users\User\PycharmProjects\TestAutomation\CMS1\Verify_Login.robot">
<kw name="Open My Browser" library="CMSkeyword" type="SETUP">
<kw name="Open Browser" library="SeleniumLibrary">
<arg>${CMSURL}</arg>
<arg>${browser}</arg>
<doc>Opens a new browser instance to the optional ``url``.</doc>
<msg timestamp="20230905 22:24:27.030" level="INFO">Opening browser 'headlesschrome' to base url 'https://cms-staging.oneyou.io/auth/login'.</msg>
<status status="PASS" starttime="20230905 22:24:27.030" endtime="20230905 22:24:39.595"/>
</kw>
<kw name="Maximize Browser Window" library="SeleniumLibrary">
<doc>Maximizes current browser window.</doc>
<status status="PASS" starttime="20230905 22:24:39.595" endtime="20230905 22:24:39.727"/>
</kw>
<kw name="Set Selenium Speed" library="SeleniumLibrary">
<arg>0seconds</arg>
<doc>Sets the delay that is waited after each Selenium command.</doc>
<status status="PASS" starttime="20230905 22:24:39.727" endtime="20230905 22:24:39.727"/>
</kw>
<status status="PASS" starttime="20230905 22:24:27.030" endtime="20230905 22:24:39.727"/>
</kw>
<test id="s1-s1-t1" name="Verify the Login Test with Valid Input" line="9">
<kw name="Login the Dashboard" library="CMSkeyword">
<kw name="Sleep" library="BuiltIn">
<arg>3seconds</arg>
<doc>Pauses the test executed for the given time.</doc>
<msg timestamp="20230905 22:24:42.732" level="INFO">Slept 3 seconds</msg>
<status status="PASS" starttime="20230905 22:24:39.731" endtime="20230905 22:24:42.732"/>
</kw>
<kw name="Enter Email" library="CMSkeyword">
<arg>mahesh.j@amazatic.com</arg>
<kw name="Input Text" library="SeleniumLibrary">
<arg>${txt_Username}</arg>
<arg>${email}</arg>
<doc>Types the given ``text`` into the text field identified by ``locator``.</doc>
<msg timestamp="20230905 22:24:42.735" level="INFO">Typing text 'mahesh.j@amazatic.com' into text field 'name:email'.</msg>
<status status="PASS" starttime="20230905 22:24:42.732" endtime="20230905 22:24:43.056"/>
</kw>
<status status="PASS" starttime="20230905 22:24:42.732" endtime="20230905 22:24:43.056"/>
</kw>
<kw name="Enter Password" library="CMSkeyword">
<arg>OneYou@123</arg>
<kw name="Input Text" library="SeleniumLibrary">
<arg>${txt_password}</arg>
<arg>${password}</arg>
<doc>Types the given ``text`` into the text field identified by ``locator``.</doc>
<msg timestamp="20230905 22:24:43.059" level="INFO">Typing text 'OneYou@123' into text field 'name:password'.</msg>
<status status="PASS" starttime="20230905 22:24:43.059" endtime="20230905 22:24:43.267"/>
</kw>
<status status="PASS" starttime="20230905 22:24:43.059" endtime="20230905 22:24:43.267"/>
</kw>
<kw name="Click on Sign Button" library="CMSkeyword">
<kw name="Click Button" library="SeleniumLibrary">
<arg>${submit_button}</arg>
<doc>Clicks the button identified by ``locator``.</doc>
<msg timestamp="20230905 22:24:43.267" level="INFO">Clicking button 'xpath://button[@type='submit']'.</msg>
<status status="PASS" starttime="20230905 22:24:43.267" endtime="20230905 22:24:43.423"/>
</kw>
<status status="PASS" starttime="20230905 22:24:43.267" endtime="20230905 22:24:43.423"/>
</kw>
<kw name="Sleep" library="BuiltIn">
<arg>5seconds</arg>
<doc>Pauses the test executed for the given time.</doc>
<msg timestamp="20230905 22:24:48.423" level="INFO">Slept 5 seconds</msg>
<status status="PASS" starttime="20230905 22:24:43.423" endtime="20230905 22:24:48.423"/>
</kw>
<kw name="Dashboard page should be visible" library="CMSkeyword">
<kw name="Page Should Contain" library="SeleniumLibrary">
<arg>Dashboard</arg>
<doc>Verifies that current page contains ``text``.</doc>
<msg timestamp="20230905 22:24:48.454" level="INFO">Current page contains text 'Dashboard'.</msg>
<status status="PASS" starttime="20230905 22:24:48.423" endtime="20230905 22:24:48.454"/>
</kw>
<status status="PASS" starttime="20230905 22:24:48.423" endtime="20230905 22:24:48.454"/>
</kw>
<status status="PASS" starttime="20230905 22:24:39.731" endtime="20230905 22:24:48.454"/>
</kw>
<status status="PASS" starttime="20230905 22:24:39.727" endtime="20230905 22:24:48.454"/>
</test>
<test id="s1-s1-t2" name="Verify login using Browserback Button" line="14">
<kw name="Sleep" library="BuiltIn">
<arg>3seconds</arg>
<doc>Pauses the test executed for the given time.</doc>
<msg timestamp="20230905 22:24:51.458" level="INFO">Slept 3 seconds</msg>
<status status="PASS" starttime="20230905 22:24:48.457" endtime="20230905 22:24:51.458"/>
</kw>
<kw name="Browse Back" library="CMSkeyword">
<kw name="Go Back" library="SeleniumLibrary">
<doc>Simulates the user clicking the back button on their browser.</doc>
<status status="PASS" starttime="20230905 22:24:51.458" endtime="20230905 22:24:51.506"/>
</kw>
<status status="PASS" starttime="20230905 22:24:51.458" endtime="20230905 22:24:51.506"/>
</kw>
<status status="PASS" starttime="20230905 22:24:48.454" endtime="20230905 22:24:51.506"/>
</test>
<kw name="Close Browser" library="SeleniumLibrary" type="TEARDOWN">
<doc>Closes the current browser.</doc>
<status status="PASS" starttime="20230905 22:24:51.506" endtime="20230905 22:24:53.604"/>
</kw>
<status status="PASS" starttime="20230905 22:24:26.900" endtime="20230905 22:24:53.604"/>
</suite>
<status status="PASS" starttime="20230905 22:24:26.892" endtime="20230905 22:24:53.604"/>
</suite>
<statistics>
<total>
<stat pass="2" fail="0" skip="0">All Tests</stat>
</total>
<tag>
</tag>
<suite>
<stat pass="2" fail="0" skip="0" id="s1" name="Suites">Suites</stat>
<stat pass="2" fail="0" skip="0" id="s1-s1" name="Verify Login">Suites.Verify Login</stat>
</suite>
</statistics>
<errors>
</errors>
</robot>
