<?xml version="1.0" encoding="UTF-8"?>
<robot generator="Robot 6.1.1 (Python 3.11.4 on win32)" generated="20230905 15:25:30.247" rpa="false" schemaversion="4">
<suite id="s1" name="Suites">
<suite id="s1-s1" name="People Serach Using Checkbox" source="C:\Users\User\PycharmProjects\TestAutomation\CMS1\People_Serach_Using_Checkbox.robot">
<test id="s1-s1-t1" name="Verify Search Box Using CheckBox" line="10">
<kw name="Open My Browser" library="CMSkeyword" type="SETUP">
<kw name="Open Browser" library="SeleniumLibrary">
<arg>${CMSURL}</arg>
<arg>${browser}</arg>
<doc>Opens a new browser instance to the optional ``url``.</doc>
<msg timestamp="20230905 15:25:32.883" level="INFO">Opening browser 'headlesschrome' to base url 'https://cms-staging.oneyou.io/auth/login'.</msg>
<status status="PASS" starttime="20230905 15:25:32.883" endtime="20230905 15:25:54.868"/>
</kw>
<kw name="Maximize Browser Window" library="SeleniumLibrary">
<doc>Maximizes current browser window.</doc>
<status status="PASS" starttime="20230905 15:25:54.868" endtime="20230905 15:25:55.031"/>
</kw>
<kw name="Set Selenium Speed" library="SeleniumLibrary">
<arg>0seconds</arg>
<doc>Sets the delay that is waited after each Selenium command.</doc>
<status status="PASS" starttime="20230905 15:25:55.031" endtime="20230905 15:25:55.031"/>
</kw>
<status status="PASS" starttime="20230905 15:25:32.883" endtime="20230905 15:25:55.031"/>
</kw>
<kw name="People Search Using CheckBox">
<arg>mahesh.j+nike@amazatic.com</arg>
<arg>1</arg>
<kw name="Sleep" library="BuiltIn">
<arg>3seconds</arg>
<doc>Pauses the test executed for the given time.</doc>
<msg timestamp="20230905 15:25:58.032" level="INFO">Slept 3 seconds</msg>
<status status="PASS" starttime="20230905 15:25:55.031" endtime="20230905 15:25:58.032"/>
</kw>
<kw name="Enter Email" library="CMSkeyword">
<arg>${email}</arg>
<kw name="Input Text" library="SeleniumLibrary">
<arg>${txt_Username}</arg>
<arg>${email}</arg>
<doc>Types the given ``text`` into the text field identified by ``locator``.</doc>
<msg timestamp="20230905 15:25:58.032" level="INFO">Typing text 'mahesh.j+nike@amazatic.com' into text field 'name:email'.</msg>
<status status="PASS" starttime="20230905 15:25:58.032" endtime="20230905 15:25:58.433"/>
</kw>
<status status="PASS" starttime="20230905 15:25:58.032" endtime="20230905 15:25:58.433"/>
</kw>
<kw name="Enter Password" library="CMSkeyword">
<arg>${password}</arg>
<kw name="Input Text" library="SeleniumLibrary">
<arg>${txt_password}</arg>
<arg>${password}</arg>
<doc>Types the given ``text`` into the text field identified by ``locator``.</doc>
<msg timestamp="20230905 15:25:58.433" level="INFO">Typing text '1' into text field 'name:password'.</msg>
<status status="PASS" starttime="20230905 15:25:58.433" endtime="20230905 15:25:58.611"/>
</kw>
<status status="PASS" starttime="20230905 15:25:58.433" endtime="20230905 15:25:58.611"/>
</kw>
<kw name="Click on Sign Button" library="CMSkeyword">
<kw name="Click Button" library="SeleniumLibrary">
<arg>${submit_button}</arg>
<doc>Clicks the button identified by ``locator``.</doc>
<msg timestamp="20230905 15:25:58.611" level="INFO">Clicking button 'xpath://button[@type='submit']'.</msg>
<status status="PASS" starttime="20230905 15:25:58.611" endtime="20230905 15:25:58.775"/>
</kw>
<status status="PASS" starttime="20230905 15:25:58.611" endtime="20230905 15:25:58.775"/>
</kw>
<kw name="Sleep" library="BuiltIn">
<arg>5seconds</arg>
<doc>Pauses the test executed for the given time.</doc>
<msg timestamp="20230905 15:26:03.775" level="INFO">Slept 5 seconds</msg>
<status status="PASS" starttime="20230905 15:25:58.775" endtime="20230905 15:26:03.775"/>
</kw>
<kw name="Dashboard page should be visible" library="CMSkeyword">
<kw name="Page Should Contain" library="SeleniumLibrary">
<arg>Dashboard</arg>
<doc>Verifies that current page contains ``text``.</doc>
<msg timestamp="20230905 15:26:03.812" level="INFO">Current page contains text 'Dashboard'.</msg>
<status status="PASS" starttime="20230905 15:26:03.775" endtime="20230905 15:26:03.812"/>
</kw>
<status status="PASS" starttime="20230905 15:26:03.775" endtime="20230905 15:26:03.814"/>
</kw>
<kw name="Sleep" library="BuiltIn">
<arg>1seconds</arg>
<doc>Pauses the test executed for the given time.</doc>
<msg timestamp="20230905 15:26:04.815" level="INFO">Slept 1 second</msg>
<status status="PASS" starttime="20230905 15:26:03.814" endtime="20230905 15:26:04.815"/>
</kw>
<kw name="Hover on logout section" library="CMSkeyword">
<kw name="Mouse Over" library="SeleniumLibrary">
<arg>${hover_logoout}</arg>
<doc>Simulates hovering the mouse over the element ``locator``.</doc>
<msg timestamp="20230905 15:26:04.815" level="INFO">Simulating Mouse Over on element 'xpath://div[@class='sc-ihgnxF knIImG']'.</msg>
<status status="PASS" starttime="20230905 15:26:04.815" endtime="20230905 15:26:05.129"/>
</kw>
<status status="PASS" starttime="20230905 15:26:04.815" endtime="20230905 15:26:05.129"/>
</kw>
<kw name="Sleep" library="BuiltIn">
<arg>3seconds</arg>
<doc>Pauses the test executed for the given time.</doc>
<msg timestamp="20230905 15:26:08.129" level="INFO">Slept 3 seconds</msg>
<status status="PASS" starttime="20230905 15:26:05.129" endtime="20230905 15:26:08.129"/>
</kw>
<kw name="Click on People section" library="CMSkeyword">
<kw name="Click Element" library="SeleniumLibrary">
<arg>${Sel_peoplesection}</arg>
<doc>Click the element identified by ``locator``.</doc>
<msg timestamp="20230905 15:26:08.132" level="INFO">Clicking element '//a[@href='/people']'.</msg>
<msg timestamp="20230905 15:26:18.391" level="INFO" html="true">&lt;/td&gt;&lt;/tr&gt;&lt;tr&gt;&lt;td colspan="3"&gt;&lt;a href="selenium-screenshot-1.png"&gt;&lt;img src="selenium-screenshot-1.png" width="800px"&gt;&lt;/a&gt;</msg>
<msg timestamp="20230905 15:26:18.391" level="FAIL">Element with locator '//a[@href='/people']' not found.</msg>
<status status="FAIL" starttime="20230905 15:26:08.130" endtime="20230905 15:26:18.407"/>
</kw>
<status status="FAIL" starttime="20230905 15:26:08.129" endtime="20230905 15:26:18.407"/>
</kw>
<kw name="Sleep" library="BuiltIn">
<arg>3seconds</arg>
<doc>Pauses the test executed for the given time.</doc>
<status status="NOT RUN" starttime="20230905 15:26:18.407" endtime="20230905 15:26:18.411"/>
</kw>
<kw name="Move Mouse fron people" library="CMSkeyword">
<status status="NOT RUN" starttime="20230905 15:26:18.411" endtime="20230905 15:26:18.411"/>
</kw>
<kw name="Sleep" library="BuiltIn">
<arg>3seconds</arg>
<doc>Pauses the test executed for the given time.</doc>
<status status="NOT RUN" starttime="20230905 15:26:18.411" endtime="20230905 15:26:18.411"/>
</kw>
<kw name="Click on Search Icon" library="CMSkeyword">
<status status="NOT RUN" starttime="20230905 15:26:18.411" endtime="20230905 15:26:18.411"/>
</kw>
<kw name="Sleep" library="BuiltIn">
<arg>3seconds</arg>
<doc>Pauses the test executed for the given time.</doc>
<status status="NOT RUN" starttime="20230905 15:26:18.411" endtime="20230905 15:26:18.415"/>
</kw>
<kw name="Select Checkbox" library="SeleniumLibrary">
<arg>Xpath:(//input[@type='checkbox'])[1]</arg>
<doc>Selects the checkbox identified by ``locator``.</doc>
<status status="NOT RUN" starttime="20230905 15:26:18.415" endtime="20230905 15:26:18.415"/>
</kw>
<kw name="Sleep" library="BuiltIn">
<arg>5seconds</arg>
<doc>Pauses the test executed for the given time.</doc>
<status status="NOT RUN" starttime="20230905 15:26:18.416" endtime="20230905 15:26:18.417"/>
</kw>
<kw name="Close Search Icon" library="CMSkeyword">
<status status="NOT RUN" starttime="20230905 15:26:18.417" endtime="20230905 15:26:18.417"/>
</kw>
<kw name="Sleep" library="BuiltIn">
<arg>5seconds</arg>
<doc>Pauses the test executed for the given time.</doc>
<status status="NOT RUN" starttime="20230905 15:26:18.417" endtime="20230905 15:26:18.417"/>
</kw>
<status status="FAIL" starttime="20230905 15:25:55.031" endtime="20230905 15:26:18.417"/>
</kw>
<kw name="Close Browser" library="SeleniumLibrary" type="TEARDOWN">
<doc>Closes the current browser.</doc>
<status status="PASS" starttime="20230905 15:26:18.417" endtime="20230905 15:26:20.540"/>
</kw>
<status status="FAIL" starttime="20230905 15:25:32.876" endtime="20230905 15:26:20.540">Element with locator '//a[@href='/people']' not found.</status>
</test>
<status status="FAIL" starttime="20230905 15:25:30.295" endtime="20230905 15:26:20.544"/>
</suite>
<status status="FAIL" starttime="20230905 15:25:30.270" endtime="20230905 15:26:20.547"/>
</suite>
<statistics>
<total>
<stat pass="0" fail="1" skip="0">All Tests</stat>
</total>
<tag>
</tag>
<suite>
<stat pass="0" fail="1" skip="0" id="s1" name="Suites">Suites</stat>
<stat pass="0" fail="1" skip="0" id="s1-s1" name="People Serach Using Checkbox">Suites.People Serach Using Checkbox</stat>
</suite>
</statistics>
<errors>
</errors>
</robot>
