<?xml version="1.0" encoding="UTF-8"?>
<robot generator="Robot 6.1.1 (Python 3.11.4 on win32)" generated="20230905 22:22:03.707" rpa="false" schemaversion="4">
<suite id="s1" name="Suites">
<suite id="s1-s1" name="Report Section Verify" source="C:\Users\User\PycharmProjects\TestAutomation\CMS1\Report_Section_Verify.robot">
<kw name="Open My Browser" library="CMSkeyword" type="SETUP">
<kw name="Open Browser" library="SeleniumLibrary">
<arg>${CMSURL}</arg>
<arg>${browser}</arg>
<doc>Opens a new browser instance to the optional ``url``.</doc>
<msg timestamp="20230905 22:22:03.850" level="INFO">Opening browser 'headlesschrome' to base url 'https://cms-staging.oneyou.io/auth/login'.</msg>
<status status="PASS" starttime="20230905 22:22:03.850" endtime="20230905 22:22:39.714"/>
</kw>
<kw name="Maximize Browser Window" library="SeleniumLibrary">
<doc>Maximizes current browser window.</doc>
<status status="PASS" starttime="20230905 22:22:39.714" endtime="20230905 22:22:39.859"/>
</kw>
<kw name="Set Selenium Speed" library="SeleniumLibrary">
<arg>0seconds</arg>
<doc>Sets the delay that is waited after each Selenium command.</doc>
<status status="PASS" starttime="20230905 22:22:39.859" endtime="20230905 22:22:39.859"/>
</kw>
<status status="PASS" starttime="20230905 22:22:03.850" endtime="20230905 22:22:39.859"/>
</kw>
<test id="s1-s1-t1" name="Verify Search Box" line="9">
<kw name="Sleep" library="BuiltIn">
<arg>3seconds</arg>
<doc>Pauses the test executed for the given time.</doc>
<msg timestamp="20230905 22:22:42.868" level="INFO">Slept 3 seconds</msg>
<status status="PASS" starttime="20230905 22:22:39.867" endtime="20230905 22:22:42.868"/>
</kw>
<kw name="Enter Email" library="CMSkeyword">
<arg>mahesh.j+nike@amazatic.com</arg>
<kw name="Input Text" library="SeleniumLibrary">
<arg>${txt_Username}</arg>
<arg>${email}</arg>
<doc>Types the given ``text`` into the text field identified by ``locator``.</doc>
<msg timestamp="20230905 22:22:42.868" level="INFO">Typing text 'mahesh.j+nike@amazatic.com' into text field 'name:email'.</msg>
<status status="PASS" starttime="20230905 22:22:42.868" endtime="20230905 22:22:43.199"/>
</kw>
<status status="PASS" starttime="20230905 22:22:42.868" endtime="20230905 22:22:43.199"/>
</kw>
<kw name="Enter Password" library="CMSkeyword">
<arg>1</arg>
<kw name="Input Text" library="SeleniumLibrary">
<arg>${txt_password}</arg>
<arg>${password}</arg>
<doc>Types the given ``text`` into the text field identified by ``locator``.</doc>
<msg timestamp="20230905 22:22:43.207" level="INFO">Typing text '1' into text field 'name:password'.</msg>
<status status="PASS" starttime="20230905 22:22:43.207" endtime="20230905 22:22:43.385"/>
</kw>
<status status="PASS" starttime="20230905 22:22:43.207" endtime="20230905 22:22:43.385"/>
</kw>
<kw name="Click on Sign Button" library="CMSkeyword">
<kw name="Click Button" library="SeleniumLibrary">
<arg>${submit_button}</arg>
<doc>Clicks the button identified by ``locator``.</doc>
<msg timestamp="20230905 22:22:43.385" level="INFO">Clicking button 'xpath://button[@type='submit']'.</msg>
<status status="PASS" starttime="20230905 22:22:43.385" endtime="20230905 22:22:43.534"/>
</kw>
<status status="PASS" starttime="20230905 22:22:43.385" endtime="20230905 22:22:43.534"/>
</kw>
<kw name="Sleep" library="BuiltIn">
<arg>5seconds</arg>
<doc>Pauses the test executed for the given time.</doc>
<msg timestamp="20230905 22:22:48.534" level="INFO">Slept 5 seconds</msg>
<status status="PASS" starttime="20230905 22:22:43.534" endtime="20230905 22:22:48.534"/>
</kw>
<kw name="Dashboard page should be visible" library="CMSkeyword">
<kw name="Page Should Contain" library="SeleniumLibrary">
<arg>Dashboard</arg>
<doc>Verifies that current page contains ``text``.</doc>
<msg timestamp="20230905 22:22:48.562" level="INFO">Current page contains text 'Dashboard'.</msg>
<status status="PASS" starttime="20230905 22:22:48.534" endtime="20230905 22:22:48.562"/>
</kw>
<status status="PASS" starttime="20230905 22:22:48.534" endtime="20230905 22:22:48.562"/>
</kw>
<kw name="Sleep" library="BuiltIn">
<arg>1seconds</arg>
<doc>Pauses the test executed for the given time.</doc>
<msg timestamp="20230905 22:22:49.563" level="INFO">Slept 1 second</msg>
<status status="PASS" starttime="20230905 22:22:48.562" endtime="20230905 22:22:49.563"/>
</kw>
<kw name="Hover on logout section" library="CMSkeyword">
<kw name="Mouse Over" library="SeleniumLibrary">
<arg>${hover_logoout}</arg>
<doc>Simulates hovering the mouse over the element ``locator``.</doc>
<msg timestamp="20230905 22:22:49.563" level="INFO">Simulating Mouse Over on element 'xpath://div[@class='sc-ihgnxF knIImG']'.</msg>
<status status="PASS" starttime="20230905 22:22:49.563" endtime="20230905 22:22:49.861"/>
</kw>
<status status="PASS" starttime="20230905 22:22:49.563" endtime="20230905 22:22:49.861"/>
</kw>
<kw name="Sleep" library="BuiltIn">
<arg>1seconds</arg>
<doc>Pauses the test executed for the given time.</doc>
<msg timestamp="20230905 22:22:50.861" level="INFO">Slept 1 second</msg>
<status status="PASS" starttime="20230905 22:22:49.861" endtime="20230905 22:22:50.861"/>
</kw>
<kw name="Click on Report Section" library="CMSkeyword">
<kw name="Click Element" library="SeleniumLibrary">
<arg>${click_Report}</arg>
<doc>Click the element identified by ``locator``.</doc>
<msg timestamp="20230905 22:22:50.861" level="INFO">Clicking element '//span[normalize-space()='reports']'.</msg>
<status status="PASS" starttime="20230905 22:22:50.861" endtime="20230905 22:22:51.045"/>
</kw>
<status status="PASS" starttime="20230905 22:22:50.861" endtime="20230905 22:22:51.045"/>
</kw>
<kw name="Sleep" library="BuiltIn">
<arg>1seconds</arg>
<doc>Pauses the test executed for the given time.</doc>
<msg timestamp="20230905 22:22:52.046" level="INFO">Slept 1 second</msg>
<status status="PASS" starttime="20230905 22:22:51.045" endtime="20230905 22:22:52.046"/>
</kw>
<kw name="Move Mouse fron people" library="CMSkeyword">
<kw name="Mouse Over" library="SeleniumLibrary">
<arg>${move_mousePeople}</arg>
<doc>Simulates hovering the mouse over the element ``locator``.</doc>
<msg timestamp="20230905 22:22:52.046" level="INFO">Simulating Mouse Over on element '//div[@class='sc-kAyceB eAbRNa']'.</msg>
<status status="PASS" starttime="20230905 22:22:52.046" endtime="20230905 22:22:52.341"/>
</kw>
<status status="PASS" starttime="20230905 22:22:52.046" endtime="20230905 22:22:52.341"/>
</kw>
<kw name="Sleep" library="BuiltIn">
<arg>3seconds</arg>
<doc>Pauses the test executed for the given time.</doc>
<msg timestamp="20230905 22:22:55.341" level="INFO">Slept 3 seconds</msg>
<status status="PASS" starttime="20230905 22:22:52.341" endtime="20230905 22:22:55.341"/>
</kw>
<kw name="Page title is" library="CMSkeyword">
<arg>REPORTS</arg>
<kw name="Element Should Contain" library="SeleniumLibrary">
<arg>${ele_reports}</arg>
<arg>${titlereport}</arg>
<doc>Verifies that element ``locator`` contains text ``expected``.</doc>
<msg timestamp="20230905 22:22:55.395" level="INFO">Element 'xpath://h3[normalize-space()='Reports']' contains text 'REPORTS'.</msg>
<status status="PASS" starttime="20230905 22:22:55.341" endtime="20230905 22:22:55.395"/>
</kw>
<status status="PASS" starttime="20230905 22:22:55.341" endtime="20230905 22:22:55.395"/>
</kw>
<kw name="Sleep" library="BuiltIn">
<arg>3seconds</arg>
<doc>Pauses the test executed for the given time.</doc>
<msg timestamp="20230905 22:22:58.395" level="INFO">Slept 3 seconds</msg>
<status status="PASS" starttime="20230905 22:22:55.395" endtime="20230905 22:22:58.395"/>
</kw>
<kw name="Select Search Bar" library="CMSkeyword">
<arg>NikeStaff</arg>
<kw name="Input Text" library="SeleniumLibrary">
<arg>${sel_search}</arg>
<arg>${search}</arg>
<doc>Types the given ``text`` into the text field identified by ``locator``.</doc>
<msg timestamp="20230905 22:22:58.396" level="INFO">Typing text 'NikeStaff' into text field '//input[@placeholder='Search']'.</msg>
<status status="PASS" starttime="20230905 22:22:58.396" endtime="20230905 22:22:58.536"/>
</kw>
<status status="PASS" starttime="20230905 22:22:58.395" endtime="20230905 22:22:58.536"/>
</kw>
<kw name="Sleep" library="BuiltIn">
<arg>5seconds</arg>
<doc>Pauses the test executed for the given time.</doc>
<msg timestamp="20230905 22:23:03.536" level="INFO">Slept 5 seconds</msg>
<status status="PASS" starttime="20230905 22:22:58.536" endtime="20230905 22:23:03.536"/>
</kw>
<kw name="Clear Search Box" library="CMSkeyword">
<kw name="Clear Element Text" library="SeleniumLibrary">
<arg>${sel_search}</arg>
<doc>Clears the value of the text-input-element identified by ``locator``.</doc>
<status status="PASS" starttime="20230905 22:23:03.538" endtime="20230905 22:23:03.603"/>
</kw>
<status status="PASS" starttime="20230905 22:23:03.536" endtime="20230905 22:23:03.603"/>
</kw>
<kw name="Sleep" library="BuiltIn">
<arg>5seconds</arg>
<doc>Pauses the test executed for the given time.</doc>
<msg timestamp="20230905 22:23:08.603" level="INFO">Slept 5 seconds</msg>
<status status="PASS" starttime="20230905 22:23:03.603" endtime="20230905 22:23:08.603"/>
</kw>
<status status="PASS" starttime="20230905 22:22:39.859" endtime="20230905 22:23:08.603"/>
</test>
<test id="s1-s1-t2" name="Verfiy Dropdown Select Report Days" line="30">
<kw name="Graph title is" library="CMSkeyword">
<arg>APP USAGE FREQUENCY</arg>
<kw name="Element Should Contain" library="SeleniumLibrary">
<arg>${ele_auf}</arg>
<arg>${titleAUF}</arg>
<doc>Verifies that element ``locator`` contains text ``expected``.</doc>
<msg timestamp="20230905 22:23:08.648" level="INFO">Element '//h3[normalize-space()='App Usage Frequency']' contains text 'APP USAGE FREQUENCY'.</msg>
<status status="PASS" starttime="20230905 22:23:08.607" endtime="20230905 22:23:08.648"/>
</kw>
<status status="PASS" starttime="20230905 22:23:08.607" endtime="20230905 22:23:08.648"/>
</kw>
<kw name="Select Days" library="CMSkeyword">
<arg>Past 6 Weeks</arg>
<kw name="Select From List By Label" library="SeleniumLibrary">
<arg>${Dropdown_report}</arg>
<arg>${Dropreport}</arg>
<doc>Selects options from selection list ``locator`` by ``labels``.</doc>
<msg timestamp="20230905 22:23:08.648" level="INFO">Selecting options from selection list '//div[@class='col-sm-12 col-md-6 col-lg-6 dropDownDiv']//select[@id='days']' by label Past 6 Weeks.</msg>
<status status="PASS" starttime="20230905 22:23:08.648" endtime="20230905 22:23:08.803"/>
</kw>
<status status="PASS" starttime="20230905 22:23:08.648" endtime="20230905 22:23:08.803"/>
</kw>
<kw name="Sleep" library="BuiltIn">
<arg>5seconds</arg>
<doc>Pauses the test executed for the given time.</doc>
<msg timestamp="20230905 22:23:13.803" level="INFO">Slept 5 seconds</msg>
<status status="PASS" starttime="20230905 22:23:08.803" endtime="20230905 22:23:13.803"/>
</kw>
<status status="PASS" starttime="20230905 22:23:08.603" endtime="20230905 22:23:13.803"/>
</test>
<test id="s1-s1-t3" name="Verfiy Number Of Users" line="35">
<kw name="Piechart title is" library="CMSkeyword">
<arg>NUMBER OF USERS</arg>
<kw name="Element Should Contain" library="SeleniumLibrary">
<arg>${ele_piechart}</arg>
<arg>${piechart}</arg>
<doc>Verifies that element ``locator`` contains text ``expected``.</doc>
<msg timestamp="20230905 22:23:13.846" level="INFO">Element '//h3[normalize-space()='Number of Users']' contains text 'NUMBER OF USERS'.</msg>
<status status="PASS" starttime="20230905 22:23:13.806" endtime="20230905 22:23:13.846"/>
</kw>
<status status="PASS" starttime="20230905 22:23:13.805" endtime="20230905 22:23:13.846"/>
</kw>
<kw name="MouseOver on Number Of Users" library="CMSkeyword">
<kw name="Mouse Over" library="SeleniumLibrary">
<arg>${mouseover_noofuser}</arg>
<doc>Simulates hovering the mouse over the element ``locator``.</doc>
<msg timestamp="20230905 22:23:13.854" level="INFO">Simulating Mouse Over on element '//canvas[@class='doughnut']'.</msg>
<status status="PASS" starttime="20230905 22:23:13.846" endtime="20230905 22:23:14.147"/>
</kw>
<status status="PASS" starttime="20230905 22:23:13.846" endtime="20230905 22:23:14.147"/>
</kw>
<kw name="Sleep" library="BuiltIn">
<arg>6seconds</arg>
<doc>Pauses the test executed for the given time.</doc>
<msg timestamp="20230905 22:23:20.148" level="INFO">Slept 6 seconds</msg>
<status status="PASS" starttime="20230905 22:23:14.147" endtime="20230905 22:23:20.148"/>
</kw>
<status status="PASS" starttime="20230905 22:23:13.805" endtime="20230905 22:23:20.149"/>
</test>
<test id="s1-s1-t4" name="Verify Performance Metrics" line="40">
<kw name="Execute Javascript" library="SeleniumLibrary">
<arg>window.scrollTo(0, document.body.scrollHeight)</arg>
<doc>Executes the given JavaScript code with possible arguments.</doc>
<msg timestamp="20230905 22:23:20.152" level="INFO">Executing JavaScript:
window.scrollTo(0, document.body.scrollHeight)
Without any arguments.</msg>
<status status="PASS" starttime="20230905 22:23:20.151" endtime="20230905 22:23:20.165"/>
</kw>
<kw name="Sleep" library="BuiltIn">
<arg>5seconds</arg>
<doc>Pauses the test executed for the given time.</doc>
<msg timestamp="20230905 22:23:25.165" level="INFO">Slept 5 seconds</msg>
<status status="PASS" starttime="20230905 22:23:20.165" endtime="20230905 22:23:25.165"/>
</kw>
<kw name="Table title is" library="CMSkeyword">
<arg>PERFORMANCE METRICS</arg>
<kw name="Element Should Contain" library="SeleniumLibrary">
<arg>${ele_tabletitle}</arg>
<arg>${tabletitle}</arg>
<doc>Verifies that element ``locator`` contains text ``expected``.</doc>
<msg timestamp="20230905 22:23:25.200" level="INFO">Element '//h3[@class='report-text']' contains text 'PERFORMANCE METRICS'.</msg>
<status status="PASS" starttime="20230905 22:23:25.165" endtime="20230905 22:23:25.200"/>
</kw>
<status status="PASS" starttime="20230905 22:23:25.165" endtime="20230905 22:23:25.200"/>
</kw>
<kw name="Select View" library="CMSkeyword">
<arg>Individual View</arg>
<kw name="Select From List By Label" library="SeleniumLibrary">
<arg>${Sel_per_metrics}</arg>
<arg>${view}</arg>
<doc>Selects options from selection list ``locator`` by ``labels``.</doc>
<msg timestamp="20230905 22:23:25.200" level="INFO">Selecting options from selection list '//div[@class='col-lg-2 mt-1 mb-1']//select[@id='days']' by label Individual View.</msg>
<status status="PASS" starttime="20230905 22:23:25.200" endtime="20230905 22:23:25.360"/>
</kw>
<status status="PASS" starttime="20230905 22:23:25.200" endtime="20230905 22:23:25.360"/>
</kw>
<kw name="Sleep" library="BuiltIn">
<arg>3seconds</arg>
<doc>Pauses the test executed for the given time.</doc>
<msg timestamp="20230905 22:23:28.363" level="INFO">Slept 3 seconds</msg>
<status status="PASS" starttime="20230905 22:23:25.360" endtime="20230905 22:23:28.363"/>
</kw>
<status status="PASS" starttime="20230905 22:23:20.149" endtime="20230905 22:23:28.363"/>
</test>
<kw name="Close Browser" library="SeleniumLibrary" type="TEARDOWN">
<doc>Closes the current browser.</doc>
<status status="PASS" starttime="20230905 22:23:28.363" endtime="20230905 22:23:30.437"/>
</kw>
<status status="PASS" starttime="20230905 22:22:03.721" endtime="20230905 22:23:30.437"/>
</suite>
<status status="PASS" starttime="20230905 22:22:03.713" endtime="20230905 22:23:30.437"/>
</suite>
<statistics>
<total>
<stat pass="4" fail="0" skip="0">All Tests</stat>
</total>
<tag>
</tag>
<suite>
<stat pass="4" fail="0" skip="0" id="s1" name="Suites">Suites</stat>
<stat pass="4" fail="0" skip="0" id="s1-s1" name="Report Section Verify">Suites.Report Section Verify</stat>
</suite>
</statistics>
<errors>
</errors>
</robot>
