<?xml version="1.0" encoding="UTF-8"?>
<robot generator="Robot 6.1.1 (Python 3.11.4 on win32)" generated="20230905 15:27:17.788" rpa="false" schemaversion="4">
<suite id="s1" name="Suites">
<suite id="s1-s1" name="Staff1 Save without any Info" source="C:\Users\User\PycharmProjects\TestAutomation\CMS1\Staff1_Save_without_any_Info.robot">
<test id="s1-s1-t1" name="Verify Staff Save" line="10">
<kw name="Open My Browser" library="CMSkeyword" type="SETUP">
<kw name="Open Browser" library="SeleniumLibrary">
<arg>${CMSURL}</arg>
<arg>${browser}</arg>
<doc>Opens a new browser instance to the optional ``url``.</doc>
<msg timestamp="20230905 15:27:18.406" level="INFO">Opening browser 'headlesschrome' to base url 'https://cms-staging.oneyou.io/auth/login'.</msg>
<status status="PASS" starttime="20230905 15:27:18.406" endtime="20230905 15:27:47.036"/>
</kw>
<kw name="Maximize Browser Window" library="SeleniumLibrary">
<doc>Maximizes current browser window.</doc>
<status status="PASS" starttime="20230905 15:27:47.036" endtime="20230905 15:27:47.148"/>
</kw>
<kw name="Set Selenium Speed" library="SeleniumLibrary">
<arg>0seconds</arg>
<doc>Sets the delay that is waited after each Selenium command.</doc>
<status status="PASS" starttime="20230905 15:27:47.148" endtime="20230905 15:27:47.148"/>
</kw>
<status status="PASS" starttime="20230905 15:27:18.404" endtime="20230905 15:27:47.148"/>
</kw>
<kw name="StaffSave">
<arg>mahesh.j+nike@amazatic.com</arg>
<arg>1</arg>
<kw name="Sleep" library="BuiltIn">
<arg>3seconds</arg>
<doc>Pauses the test executed for the given time.</doc>
<msg timestamp="20230905 15:27:50.148" level="INFO">Slept 3 seconds</msg>
<status status="PASS" starttime="20230905 15:27:47.148" endtime="20230905 15:27:50.148"/>
</kw>
<kw name="Enter Email" library="CMSkeyword">
<arg>${email}</arg>
<kw name="Input Text" library="SeleniumLibrary">
<arg>${txt_Username}</arg>
<arg>${email}</arg>
<doc>Types the given ``text`` into the text field identified by ``locator``.</doc>
<msg timestamp="20230905 15:27:50.154" level="INFO">Typing text 'mahesh.j+nike@amazatic.com' into text field 'name:email'.</msg>
<status status="PASS" starttime="20230905 15:27:50.150" endtime="20230905 15:27:50.504"/>
</kw>
<status status="PASS" starttime="20230905 15:27:50.148" endtime="20230905 15:27:50.504"/>
</kw>
<kw name="Enter Password" library="CMSkeyword">
<arg>${password}</arg>
<kw name="Input Text" library="SeleniumLibrary">
<arg>${txt_password}</arg>
<arg>${password}</arg>
<doc>Types the given ``text`` into the text field identified by ``locator``.</doc>
<msg timestamp="20230905 15:27:50.504" level="INFO">Typing text '1' into text field 'name:password'.</msg>
<status status="PASS" starttime="20230905 15:27:50.504" endtime="20230905 15:27:50.691"/>
</kw>
<status status="PASS" starttime="20230905 15:27:50.504" endtime="20230905 15:27:50.691"/>
</kw>
<kw name="Click on Sign Button" library="CMSkeyword">
<kw name="Click Button" library="SeleniumLibrary">
<arg>${submit_button}</arg>
<doc>Clicks the button identified by ``locator``.</doc>
<msg timestamp="20230905 15:27:50.691" level="INFO">Clicking button 'xpath://button[@type='submit']'.</msg>
<status status="PASS" starttime="20230905 15:27:50.691" endtime="20230905 15:27:50.895"/>
</kw>
<status status="PASS" starttime="20230905 15:27:50.691" endtime="20230905 15:27:50.895"/>
</kw>
<kw name="Sleep" library="BuiltIn">
<arg>5seconds</arg>
<doc>Pauses the test executed for the given time.</doc>
<msg timestamp="20230905 15:27:55.896" level="INFO">Slept 5 seconds</msg>
<status status="PASS" starttime="20230905 15:27:50.895" endtime="20230905 15:27:55.896"/>
</kw>
<kw name="Dashboard page should be visible" library="CMSkeyword">
<kw name="Page Should Contain" library="SeleniumLibrary">
<arg>Dashboard</arg>
<doc>Verifies that current page contains ``text``.</doc>
<msg timestamp="20230905 15:27:55.941" level="INFO">Current page contains text 'Dashboard'.</msg>
<status status="PASS" starttime="20230905 15:27:55.896" endtime="20230905 15:27:55.941"/>
</kw>
<status status="PASS" starttime="20230905 15:27:55.896" endtime="20230905 15:27:55.945"/>
</kw>
<kw name="Sleep" library="BuiltIn">
<arg>1seconds</arg>
<doc>Pauses the test executed for the given time.</doc>
<msg timestamp="20230905 15:27:56.947" level="INFO">Slept 1 second</msg>
<status status="PASS" starttime="20230905 15:27:55.945" endtime="20230905 15:27:56.947"/>
</kw>
<kw name="Hover on logout section" library="CMSkeyword">
<kw name="Mouse Over" library="SeleniumLibrary">
<arg>${hover_logoout}</arg>
<doc>Simulates hovering the mouse over the element ``locator``.</doc>
<msg timestamp="20230905 15:27:56.949" level="INFO">Simulating Mouse Over on element 'xpath://div[@class='sc-ihgnxF knIImG']'.</msg>
<status status="PASS" starttime="20230905 15:27:56.947" endtime="20230905 15:27:57.258"/>
</kw>
<status status="PASS" starttime="20230905 15:27:56.947" endtime="20230905 15:27:57.258"/>
</kw>
<kw name="Sleep" library="BuiltIn">
<arg>3seconds</arg>
<doc>Pauses the test executed for the given time.</doc>
<msg timestamp="20230905 15:28:00.258" level="INFO">Slept 3 seconds</msg>
<status status="PASS" starttime="20230905 15:27:57.258" endtime="20230905 15:28:00.258"/>
</kw>
<kw name="Click on Staff section" library="CMSkeyword">
<kw name="Click Element" library="SeleniumLibrary">
<arg>${Staff_section}</arg>
<doc>Click the element identified by ``locator``.</doc>
<msg timestamp="20230905 15:28:00.261" level="INFO">Clicking element '//a[@href='/staff']'.</msg>
<status status="PASS" starttime="20230905 15:28:00.258" endtime="20230905 15:28:00.391"/>
</kw>
<status status="PASS" starttime="20230905 15:28:00.258" endtime="20230905 15:28:00.391"/>
</kw>
<kw name="Sleep" library="BuiltIn">
<arg>3seconds</arg>
<doc>Pauses the test executed for the given time.</doc>
<msg timestamp="20230905 15:28:03.392" level="INFO">Slept 3 seconds</msg>
<status status="PASS" starttime="20230905 15:28:00.391" endtime="20230905 15:28:03.392"/>
</kw>
<kw name="Move Mouse fron people" library="CMSkeyword">
<kw name="Mouse Over" library="SeleniumLibrary">
<arg>${move_mousePeople}</arg>
<doc>Simulates hovering the mouse over the element ``locator``.</doc>
<msg timestamp="20230905 15:28:03.392" level="INFO">Simulating Mouse Over on element '//div[@class='sc-kAyceB eAbRNa']'.</msg>
<status status="PASS" starttime="20230905 15:28:03.392" endtime="20230905 15:28:03.707"/>
</kw>
<status status="PASS" starttime="20230905 15:28:03.392" endtime="20230905 15:28:03.707"/>
</kw>
<kw name="Sleep" library="BuiltIn">
<arg>3seconds</arg>
<doc>Pauses the test executed for the given time.</doc>
<msg timestamp="20230905 15:28:06.708" level="INFO">Slept 3 seconds</msg>
<status status="PASS" starttime="20230905 15:28:03.707" endtime="20230905 15:28:06.708"/>
</kw>
<kw name="Click to Add Staff" library="CMSkeyword">
<kw name="Click Element" library="SeleniumLibrary">
<arg>${Click_AddStaff}</arg>
<doc>Click the element identified by ``locator``.</doc>
<msg timestamp="20230905 15:28:06.710" level="INFO">Clicking element '//button[@type='submit']'.</msg>
<status status="PASS" starttime="20230905 15:28:06.708" endtime="20230905 15:28:06.813"/>
</kw>
<status status="PASS" starttime="20230905 15:28:06.708" endtime="20230905 15:28:06.813"/>
</kw>
<kw name="Sleep" library="BuiltIn">
<arg>3seconds</arg>
<doc>Pauses the test executed for the given time.</doc>
<msg timestamp="20230905 15:28:09.813" level="INFO">Slept 3 seconds</msg>
<status status="PASS" starttime="20230905 15:28:06.813" endtime="20230905 15:28:09.813"/>
</kw>
<kw name="Select Save" library="CMSkeyword">
<kw name="Click Button" library="SeleniumLibrary">
<arg>${sel_save}</arg>
<doc>Clicks the button identified by ``locator``.</doc>
<msg timestamp="20230905 15:28:09.814" level="INFO">Clicking button '//button[@class='sc-aXZVg bCmdnD save-btn']'.</msg>
<status status="PASS" starttime="20230905 15:28:09.814" endtime="20230905 15:28:09.933"/>
</kw>
<status status="PASS" starttime="20230905 15:28:09.814" endtime="20230905 15:28:09.937"/>
</kw>
<kw name="Sleep" library="BuiltIn">
<arg>3seconds</arg>
<doc>Pauses the test executed for the given time.</doc>
<msg timestamp="20230905 15:28:12.937" level="INFO">Slept 3 seconds</msg>
<status status="PASS" starttime="20230905 15:28:09.937" endtime="20230905 15:28:12.937"/>
</kw>
<status status="PASS" starttime="20230905 15:27:47.148" endtime="20230905 15:28:12.937"/>
</kw>
<kw name="Close Browser" library="SeleniumLibrary" type="TEARDOWN">
<doc>Closes the current browser.</doc>
<status status="PASS" starttime="20230905 15:28:12.939" endtime="20230905 15:28:15.019"/>
</kw>
<status status="PASS" starttime="20230905 15:27:18.398" endtime="20230905 15:28:15.019"/>
</test>
<status status="PASS" starttime="20230905 15:27:17.800" endtime="20230905 15:28:15.021"/>
</suite>
<status status="PASS" starttime="20230905 15:27:17.792" endtime="20230905 15:28:15.021"/>
</suite>
<statistics>
<total>
<stat pass="1" fail="0" skip="0">All Tests</stat>
</total>
<tag>
</tag>
<suite>
<stat pass="1" fail="0" skip="0" id="s1" name="Suites">Suites</stat>
<stat pass="1" fail="0" skip="0" id="s1-s1" name="Staff1 Save without any Info">Suites.Staff1 Save without any Info</stat>
</suite>
</statistics>
<errors>
</errors>
</robot>
